Environment Step Log - Started at 2025-09-27 17:45:15
================================================================================
Number of environments: 16
Number of cables: 6
Device: cuda
================================================================================

[17:45:15.944] [DEBUG] step_counter=0 action.shape=torch.Size([16, 6, 4]) action=tensor([[[ 0.1927,  1.0000, -0.1798,  0.9153],
         [-1.0000,  0.6634, -0.6035, -0.7846],
         [ 0.4993, -1.0000, -1.0000, -0.3941],
         [-0.1695,  0.1034, -1.0000,  1.0000],
         [-0.7435,  0.6418,  0.9311, -0.0175],
         [ 1.0000, -0.5324, -0.2781,  1.0000]],

        [[-0.3274, -1.0000,  1.0000, -0.6263],
         [ 0.2364, -1.0000, -1.0000, -1.0000],
         [ 0.8100,  1.0000,  0.6264,  0.3344],
         [-1.0000,  0.5265,  1.0000, -0.6192],
         [ 0.9135,  0.0320,  0.2189, -0.1249],
         [ 0.4732, -0.6049, -1.0000,  0.0960]],

        [[-0.3361, -0.5382, -0.8854,  0.4600],
         [ 0.2166, -0.1872,  1.0000, -1.0000],
         [-0.3784, -0.5757,  0.4263, -0.6279],
         [ 1.0000, -0.9104,  0.2231, -0.3817],
         [ 1.0000, -1.0000,  0.6886, -1.0000],
         [-0.2399,  0.4980,  0.0762,  0.2592]],

        [[ 0.3603,  1.0000,  0.0156,  1.0000],
         [-1.0000,  0.9588, -0.4114,  0.7935],
         [-0.6073, -0.6364, -0.7439, -0.5979],
         [-0.5168, -0.5140,  0.1471,  0.4883],
         [ 0.4779, -1.0000, -0.1376,  0.2925],
         [-1.0000, -0.6622,  0.0509,  0.1945]],

        [[ 0.5947,  0.2198,  1.0000, -0.6155],
         [-1.0000,  0.0165,  1.0000,  1.0000],
         [-0.0054, -1.0000, -0.7714,  0.2848],
         [-0.6244, -0.1355, -0.8049, -1.0000],
         [ 0.6710, -0.1401, -0.0820,  0.4643],
         [-0.1735,  0.0057,  0.6014,  0.2472]],

        [[ 0.7472, -0.1293, -0.1099, -0.4349],
         [-0.4522, -1.0000, -0.1978, -0.6455],
         [ 0.1687,  1.0000, -0.0492,  1.0000],
         [ 1.0000, -1.0000, -0.6983,  1.0000],
         [ 1.0000, -0.6662,  1.0000, -0.2639],
         [ 0.5776,  0.4101,  1.0000, -1.0000]],

        [[-0.6339,  1.0000, -0.1025,  0.3021],
         [-0.6774, -1.0000,  0.9574,  0.8215],
         [-0.6574,  1.0000,  1.0000, -0.5165],
         [ 0.1624, -1.0000, -0.1477, -0.5610],
         [-0.8367, -0.0442, -0.0602,  0.7653],
         [ 0.9535,  0.8086, -0.6338,  1.0000]],

        [[-1.0000, -0.0357, -0.3735, -0.4204],
         [ 0.2024, -1.0000,  0.3563, -0.4157],
         [-1.0000, -1.0000, -1.0000, -1.0000],
         [-0.7331,  0.6642, -0.6344,  0.3479],
         [-1.0000, -0.3648,  0.7275,  0.5882],
         [-0.6141, -0.1425, -0.4561, -1.0000]],

        [[ 0.3862, -0.2177,  0.5919, -0.9369],
         [ 0.0489, -0.7915,  0.4399,  1.0000],
         [ 0.2205,  0.9657,  0.7600,  0.8242],
         [-0.4443, -0.0100, -0.8706,  0.4709],
         [ 1.0000,  0.3533,  0.0478,  0.8605],
         [-0.2563, -0.1019,  1.0000, -0.4216]],

        [[ 0.5473,  0.1372, -1.0000,  0.0317],
         [-1.0000, -0.2440,  0.0693,  1.0000],
         [ 0.9510,  1.0000, -1.0000, -0.5738],
         [-0.0963, -1.0000,  0.1413,  0.3069],
         [-0.2521, -0.8986,  0.4076,  1.0000],
         [ 1.0000,  0.3321,  0.1018, -0.6590]],

        [[-1.0000, -0.6762,  1.0000,  0.3654],
         [-0.5035,  0.0565, -1.0000, -0.1118],
         [-0.1369, -0.6767, -0.3684,  0.0031],
         [-0.0123, -1.0000,  0.7622, -1.0000],
         [-1.0000,  1.0000,  0.1593,  0.5961],
         [ 0.6801,  0.4966, -1.0000,  1.0000]],

        [[-1.0000, -0.1866, -0.0302,  0.2838],
         [ 0.7045,  1.0000,  0.3149,  0.5336],
         [-0.2724, -0.7954,  0.4073, -0.3015],
         [-1.0000, -0.2034, -0.0525, -0.1158],
         [ 0.5216,  1.0000, -0.0266, -0.8523],
         [ 1.0000,  0.6737,  0.8239,  0.2853]],

        [[ 0.0157,  0.7162,  1.0000, -0.0496],
         [-1.0000, -0.6318,  0.9301,  0.7827],
         [ 0.6508, -0.4622, -1.0000, -0.3771],
         [ 0.0036, -1.0000,  1.0000, -1.0000],
         [ 0.2321,  0.5575, -1.0000, -1.0000],
         [ 1.0000,  1.0000, -0.4611, -0.3721]],

        [[-1.0000, -1.0000, -0.3311,  0.1682],
         [ 1.0000, -1.0000,  0.4033,  1.0000],
         [-1.0000,  1.0000, -1.0000, -1.0000],
         [-0.1428,  0.9382, -1.0000, -0.0825],
         [ 0.8246, -0.1069, -0.8201, -1.0000],
         [ 0.1153,  0.0757, -1.0000, -1.0000]],

        [[ 1.0000,  0.2970, -1.0000, -0.7113],
         [ 0.7780,  0.8998,  1.0000,  0.8482],
         [ 1.0000, -0.1586,  1.0000,  0.4586],
         [-0.0541, -0.5043, -0.2895,  0.9191],
         [-1.0000, -1.0000, -0.1659, -0.3632],
         [ 0.4580, -1.0000,  1.0000,  0.2220]],

        [[-0.0936,  1.0000,  0.6053,  0.7325],
         [ 0.8147,  0.4473, -0.0508, -0.4234],
         [-1.0000,  0.3032,  1.0000,  0.9479],
         [ 1.0000, -1.0000,  0.2079,  1.0000],
         [-0.1783, -0.6733,  1.0000, -1.0000],
         [ 0.8249, -0.7032, -0.1159, -0.7126]]], device='cuda:0')
