Environment Step Log - Started at 2025-09-30 15:30:03
================================================================================
Number of environments: 16
Number of cables: 6
Device: cuda
================================================================================

[15:30:04.017] [DEBUG] step_counter=0 action.shape=torch.Size([16, 6, 4]) action=tensor([[[ 0.1927,  1.0000, -0.1798,  0.9153],
         [-1.0000,  0.6634, -0.6035, -0.7846],
         [ 0.4993, -1.0000, -1.0000, -0.3941],
         [-0.1695,  0.1034, -1.0000,  1.0000],
         [-0.7435,  0.6418,  0.9311, -0.0175],
         [ 1.0000, -0.5324, -0.2781,  1.0000]],

        [[-0.3274, -1.0000,  1.0000, -0.6263],
         [ 0.2364, -1.0000, -1.0000, -1.0000],
         [ 0.8100,  1.0000,  0.6264,  0.3344],
         [-1.0000,  0.5265,  1.0000, -0.6192],
         [ 0.9135,  0.0320,  0.2189, -0.1249],
         [ 0.4732, -0.6049, -1.0000,  0.0960]],

        [[-0.3361, -0.5382, -0.8854,  0.4600],
         [ 0.2166, -0.1872,  1.0000, -1.0000],
         [-0.3784, -0.5757,  0.4263, -0.6279],
         [ 1.0000, -0.9104,  0.2231, -0.3817],
         [ 1.0000, -1.0000,  0.6886, -1.0000],
         [-0.2399,  0.4980,  0.0762,  0.2592]],

        [[ 0.3603,  1.0000,  0.0156,  1.0000],
         [-1.0000,  0.9588, -0.4114,  0.7935],
         [-0.6073, -0.6364, -0.7439, -0.5979],
         [-0.5168, -0.5140,  0.1471,  0.4883],
         [ 0.4779, -1.0000, -0.1376,  0.2925],
         [-1.0000, -0.6622,  0.0509,  0.1945]],

        [[ 0.5947,  0.2198,  1.0000, -0.6155],
         [-1.0000,  0.0165,  1.0000,  1.0000],
         [-0.0054, -1.0000, -0.7714,  0.2848],
         [-0.6244, -0.1355, -0.8049, -1.0000],
         [ 0.6710, -0.1401, -0.0820,  0.4643],
         [-0.1735,  0.0057,  0.6014,  0.2472]],

        [[ 0.7472, -0.1293, -0.1099, -0.4349],
         [-0.4522, -1.0000, -0.1978, -0.6455],
         [ 0.1687,  1.0000, -0.0492,  1.0000],
         [ 1.0000, -1.0000, -0.6983,  1.0000],
         [ 1.0000, -0.6662,  1.0000, -0.2639],
         [ 0.5776,  0.4101,  1.0000, -1.0000]],

        [[-0.6339,  1.0000, -0.1025,  0.3021],
         [-0.6774, -1.0000,  0.9574,  0.8215],
         [-0.6574,  1.0000,  1.0000, -0.5165],
         [ 0.1624, -1.0000, -0.1477, -0.5610],
         [-0.8367, -0.0442, -0.0602,  0.7653],
         [ 0.9535,  0.8086, -0.6338,  1.0000]],

        [[-1.0000, -0.0357, -0.3735, -0.4204],
         [ 0.2024, -1.0000,  0.3563, -0.4157],
         [-1.0000, -1.0000, -1.0000, -1.0000],
         [-0.7331,  0.6642, -0.6344,  0.3479],
         [-1.0000, -0.3648,  0.7275,  0.5882],
         [-0.6141, -0.1425, -0.4561, -1.0000]],

        [[ 0.3862, -0.2177,  0.5919, -0.9369],
         [ 0.0489, -0.7915,  0.4399,  1.0000],
         [ 0.2205,  0.9657,  0.7600,  0.8242],
         [-0.4443, -0.0100, -0.8706,  0.4709],
         [ 1.0000,  0.3533,  0.0478,  0.8605],
         [-0.2563, -0.1019,  1.0000, -0.4216]],

        [[ 0.5473,  0.1372, -1.0000,  0.0317],
         [-1.0000, -0.2440,  0.0693,  1.0000],
         [ 0.9510,  1.0000, -1.0000, -0.5738],
         [-0.0963, -1.0000,  0.1413,  0.3069],
         [-0.2521, -0.8986,  0.4076,  1.0000],
         [ 1.0000,  0.3321,  0.1018, -0.6590]],

        [[-1.0000, -0.6762,  1.0000,  0.3654],
         [-0.5035,  0.0565, -1.0000, -0.1118],
         [-0.1369, -0.6767, -0.3684,  0.0031],
         [-0.0123, -1.0000,  0.7622, -1.0000],
         [-1.0000,  1.0000,  0.1593,  0.5961],
         [ 0.6801,  0.4966, -1.0000,  1.0000]],

        [[-1.0000, -0.1866, -0.0302,  0.2838],
         [ 0.7045,  1.0000,  0.3149,  0.5336],
         [-0.2724, -0.7954,  0.4073, -0.3015],
         [-1.0000, -0.2034, -0.0525, -0.1158],
         [ 0.5216,  1.0000, -0.0266, -0.8523],
         [ 1.0000,  0.6737,  0.8239,  0.2853]],

        [[ 0.0157,  0.7162,  1.0000, -0.0496],
         [-1.0000, -0.6318,  0.9301,  0.7827],
         [ 0.6508, -0.4622, -1.0000, -0.3771],
         [ 0.0036, -1.0000,  1.0000, -1.0000],
         [ 0.2321,  0.5575, -1.0000, -1.0000],
         [ 1.0000,  1.0000, -0.4611, -0.3721]],

        [[-1.0000, -1.0000, -0.3311,  0.1682],
         [ 1.0000, -1.0000,  0.4033,  1.0000],
         [-1.0000,  1.0000, -1.0000, -1.0000],
         [-0.1428,  0.9382, -1.0000, -0.0825],
         [ 0.8246, -0.1069, -0.8201, -1.0000],
         [ 0.1153,  0.0757, -1.0000, -1.0000]],

        [[ 1.0000,  0.2970, -1.0000, -0.7113],
         [ 0.7780,  0.8998,  1.0000,  0.8482],
         [ 1.0000, -0.1586,  1.0000,  0.4586],
         [-0.0541, -0.5043, -0.2895,  0.9191],
         [-1.0000, -1.0000, -0.1659, -0.3632],
         [ 0.4580, -1.0000,  1.0000,  0.2220]],

        [[-0.0936,  1.0000,  0.6053,  0.7325],
         [ 0.8147,  0.4473, -0.0508, -0.4234],
         [-1.0000,  0.3032,  1.0000,  0.9479],
         [ 1.0000, -1.0000,  0.2079,  1.0000],
         [-0.1783, -0.6733,  1.0000, -1.0000],
         [ 0.8249, -0.7032, -0.1159, -0.7126]]], device='cuda:0')
[15:30:04.036] [DEBUG] cable.state.shape=torch.Size([16, 6, 8]) cable.state=tensor([[[ 8.0000e-06, -1.5413e-06,  1.0000e+00,  7.7063e-04,  4.0000e-03,
          -7.1933e-04,  2.0000e+00,  3.6610e-03],
         [ 5.3075e-06,  8.0000e-06,  1.0000e+00, -4.0000e-03,  2.6537e-03,
          -2.4139e-03,  2.0000e+00, -3.1385e-03],
         [-8.0000e-06, -3.9947e-06,  1.0000e+00,  1.9974e-03, -4.0000e-03,
          -4.0000e-03,  2.0000e+00, -1.5766e-03],
         [ 8.2711e-07,  1.3563e-06,  1.0000e+00, -6.7813e-04,  4.1355e-04,
          -4.0000e-03,  2.0000e+00,  4.0000e-03],
         [ 5.1343e-06,  5.9483e-06,  1.0000e+00, -2.9741e-03,  2.5671e-03,
           3.7243e-03,  2.0000e+00, -6.9833e-05],
         [-4.2595e-06, -8.0000e-06,  1.0000e+00,  4.0000e-03, -2.1297e-03,
          -1.1123e-03,  2.0000e+00,  4.0000e-03]],

        [[-8.0000e-06,  2.6191e-06,  1.0000e+00, -1.3096e-03, -4.0000e-03,
           4.0000e-03,  2.0000e+00, -2.5050e-03],
         [-8.0000e-06, -1.8910e-06,  1.0000e+00,  9.4554e-04, -4.0000e-03,
          -4.0000e-03,  2.0000e+00, -4.0000e-03],
         [ 8.0000e-06, -6.4803e-06,  1.0000e+00,  3.2402e-03,  4.0000e-03,
           2.5057e-03,  2.0000e+00,  1.3378e-03],
         [ 4.2119e-06,  8.0000e-06,  1.0000e+00, -4.0000e-03,  2.1060e-03,
           4.0000e-03,  2.0000e+00, -2.4769e-03],
         [ 2.5606e-07, -7.3082e-06,  1.0000e+00,  3.6541e-03,  1.2803e-04,
           8.7563e-04,  2.0000e+00, -4.9955e-04],
         [-4.8392e-06, -3.7859e-06,  1.0000e+00,  1.8930e-03, -2.4196e-03,
          -4.0000e-03,  2.0000e+00,  3.8407e-04]],

        [[-4.3054e-06,  2.6884e-06,  1.0000e+00, -1.3442e-03, -2.1527e-03,
          -3.5416e-03,  2.0000e+00,  1.8401e-03],
         [-1.4979e-06, -1.7328e-06,  1.0000e+00,  8.6640e-04, -7.4894e-04,
           4.0000e-03,  2.0000e+00, -4.0000e-03],
         [-4.6054e-06,  3.0272e-06,  1.0000e+00, -1.5136e-03, -2.3027e-03,
           1.7051e-03,  2.0000e+00, -2.5117e-03],
         [-7.2835e-06, -8.0000e-06,  1.0000e+00,  4.0000e-03, -3.6418e-03,
           8.9232e-04,  2.0000e+00, -1.5267e-03],
         [-8.0000e-06, -8.0000e-06,  1.0000e+00,  4.0000e-03, -4.0000e-03,
           2.7543e-03,  2.0000e+00, -4.0000e-03],
         [ 3.9842e-06,  1.9192e-06,  1.0000e+00, -9.5960e-04,  1.9921e-03,
           3.0482e-04,  2.0000e+00,  1.0370e-03]],

        [[ 8.0000e-06, -2.8826e-06,  1.0000e+00,  1.4413e-03,  4.0000e-03,
           6.2249e-05,  2.0000e+00,  4.0000e-03],
         [ 7.6707e-06,  8.0000e-06,  1.0000e+00, -4.0000e-03,  3.8354e-03,
          -1.6455e-03,  2.0000e+00,  3.1738e-03],
         [-5.0914e-06,  4.8585e-06,  1.0000e+00, -2.4292e-03, -2.5457e-03,
          -2.9756e-03,  2.0000e+00, -2.3916e-03],
         [-4.1122e-06,  4.1345e-06,  1.0000e+00, -2.0673e-03, -2.0561e-03,
           5.8827e-04,  2.0000e+00,  1.9531e-03],
         [-8.0000e-06, -3.8231e-06,  1.0000e+00,  1.9115e-03, -4.0000e-03,
          -5.5049e-04,  2.0000e+00,  1.1700e-03],
         [-5.2979e-06,  8.0000e-06,  1.0000e+00, -4.0000e-03, -2.6490e-03,
           2.0353e-04,  2.0000e+00,  7.7800e-04]],

        [[ 1.7587e-06, -4.7572e-06,  1.0000e+00,  2.3786e-03,  8.7932e-04,
           4.0000e-03,  2.0000e+00, -2.4620e-03],
         [ 1.3183e-07,  8.0000e-06,  1.0000e+00, -4.0000e-03,  6.5931e-05,
           4.0000e-03,  2.0000e+00,  4.0000e-03],
         [-8.0000e-06,  4.3109e-08,  1.0000e+00, -2.1542e-05, -4.0000e-03,
          -3.0858e-03,  2.0000e+00,  1.1392e-03],
         [-1.0839e-06,  4.9953e-06,  1.0000e+00, -2.4976e-03, -5.4196e-04,
          -3.2197e-03,  2.0000e+00, -4.0000e-03],
         [-1.1207e-06, -5.3680e-06,  1.0000e+00,  2.6840e-03, -5.6037e-04,
          -3.2803e-04,  2.0000e+00,  1.8574e-03],
         [ 4.5727e-08,  1.3882e-06,  1.0000e+00, -6.9408e-04,  2.2865e-05,
           2.4054e-03,  2.0000e+00,  9.8881e-04]],

        [[-1.0344e-06, -5.9776e-06,  1.0000e+00,  2.9888e-03, -5.1719e-04,
          -4.3979e-04,  2.0000e+00, -1.7395e-03],
         [-8.0000e-06,  3.6180e-06,  1.0000e+00, -1.8090e-03, -4.0000e-03,
          -7.9118e-04,  2.0000e+00, -2.5821e-03],
         [ 8.0000e-06, -1.3493e-06,  1.0000e+00,  6.7465e-04,  4.0000e-03,
          -1.9667e-04,  2.0000e+00,  4.0000e-03],
         [-8.0000e-06, -8.0000e-06,  1.0000e+00,  4.0000e-03, -4.0000e-03,
          -2.7933e-03,  2.0000e+00,  4.0000e-03],
         [-5.3292e-06, -8.0000e-06,  1.0000e+00,  4.0000e-03, -2.6646e-03,
           4.0000e-03,  2.0000e+00, -1.0557e-03],
         [ 3.2808e-06, -4.6211e-06,  1.0000e+00,  2.3106e-03,  1.6404e-03,
           4.0000e-03,  2.0000e+00, -4.0000e-03]],

        [[ 8.0000e-06,  5.0715e-06,  1.0000e+00, -2.5358e-03,  4.0000e-03,
          -4.1012e-04,  2.0000e+00,  1.2083e-03],
         [-8.0000e-06,  5.4194e-06,  1.0000e+00, -2.7097e-03, -4.0000e-03,
           3.8295e-03,  2.0000e+00,  3.2858e-03],
         [ 8.0000e-06,  5.2589e-06,  1.0000e+00, -2.6294e-03,  4.0000e-03,
           4.0000e-03,  2.0000e+00, -2.0660e-03],
         [-8.0000e-06, -1.2988e-06,  1.0000e+00,  6.4943e-04, -4.0000e-03,
          -5.9087e-04,  2.0000e+00, -2.2440e-03],
         [-3.5337e-07,  6.6937e-06,  1.0000e+00, -3.3469e-03, -1.7668e-04,
          -2.4066e-04,  2.0000e+00,  3.0612e-03],
         [ 6.4690e-06, -7.6278e-06,  1.0000e+00,  3.8139e-03,  3.2345e-03,
          -2.5352e-03,  2.0000e+00,  4.0000e-03]],

        [[-2.8541e-07,  8.0000e-06,  1.0000e+00, -4.0000e-03, -1.4271e-04,
          -1.4940e-03,  2.0000e+00, -1.6815e-03],
         [-8.0000e-06, -1.6189e-06,  1.0000e+00,  8.0946e-04, -4.0000e-03,
           1.4251e-03,  2.0000e+00, -1.6629e-03],
         [-8.0000e-06,  8.0000e-06,  1.0000e+00, -4.0000e-03, -4.0000e-03,
          -4.0000e-03,  2.0000e+00, -4.0000e-03],
         [ 5.3133e-06,  5.8646e-06,  1.0000e+00, -2.9323e-03,  2.6566e-03,
          -2.5375e-03,  2.0000e+00,  1.3916e-03],
         [-2.9187e-06,  8.0000e-06,  1.0000e+00, -4.0000e-03, -1.4593e-03,
           2.9100e-03,  2.0000e+00,  2.3526e-03],
         [-1.1402e-06,  4.9127e-06,  1.0000e+00, -2.4563e-03, -5.7011e-04,
          -1.8244e-03,  2.0000e+00, -4.0000e-03]],

        [[-1.7416e-06, -3.0895e-06,  1.0000e+00,  1.5448e-03, -8.7082e-04,
           2.3675e-03,  2.0000e+00, -3.7475e-03],
         [-6.3321e-06, -3.9146e-07,  1.0000e+00,  1.9573e-04, -3.1660e-03,
           1.7596e-03,  2.0000e+00,  4.0000e-03],
         [ 7.7254e-06, -1.7641e-06,  1.0000e+00,  8.8207e-04,  3.8627e-03,
           3.0400e-03,  2.0000e+00,  3.2969e-03],
         [-8.0316e-08,  3.5541e-06,  1.0000e+00, -1.7770e-03, -4.0164e-05,
          -3.4822e-03,  2.0000e+00,  1.8835e-03],
         [ 2.8267e-06, -8.0000e-06,  1.0000e+00,  4.0000e-03,  1.4134e-03,
           1.9116e-04,  2.0000e+00,  3.4420e-03],
         [-8.1549e-07,  2.0504e-06,  1.0000e+00, -1.0252e-03, -4.0774e-04,
           4.0000e-03,  2.0000e+00, -1.6863e-03]],

        [[ 1.0976e-06, -4.3788e-06,  1.0000e+00,  2.1894e-03,  5.4879e-04,
          -4.0000e-03,  2.0000e+00,  1.2675e-04],
         [-1.9518e-06,  8.0000e-06,  1.0000e+00, -4.0000e-03, -9.7590e-04,
           2.7717e-04,  2.0000e+00,  4.0000e-03],
         [ 8.0000e-06, -7.6076e-06,  1.0000e+00,  3.8038e-03,  4.0000e-03,
          -4.0000e-03,  2.0000e+00, -2.2953e-03],
         [-8.0000e-06,  7.7041e-07,  1.0000e+00, -3.8521e-04, -4.0000e-03,
           5.6529e-04,  2.0000e+00,  1.2277e-03],
         [-7.1888e-06,  2.0172e-06,  1.0000e+00, -1.0086e-03, -3.5944e-03,
           1.6304e-03,  2.0000e+00,  4.0000e-03],
         [ 2.6565e-06, -8.0000e-06,  1.0000e+00,  4.0000e-03,  1.3282e-03,
           4.0718e-04,  2.0000e+00, -2.6359e-03]],

        [[-5.4095e-06,  8.0000e-06,  1.0000e+00, -4.0000e-03, -2.7047e-03,
           4.0000e-03,  2.0000e+00,  1.4615e-03],
         [ 4.5233e-07,  4.0280e-06,  1.0000e+00, -2.0140e-03,  2.2616e-04,
          -4.0000e-03,  2.0000e+00, -4.4734e-04],
         [-5.4132e-06,  1.0951e-06,  1.0000e+00, -5.4754e-04, -2.7066e-03,
          -1.4736e-03,  2.0000e+00,  1.2440e-05],
         [-8.0000e-06,  9.8715e-08,  1.0000e+00, -4.9370e-05, -4.0000e-03,
           3.0488e-03,  2.0000e+00, -4.0000e-03],
         [ 8.0000e-06,  8.0000e-06,  1.0000e+00, -4.0000e-03,  4.0000e-03,
           6.3724e-04,  2.0000e+00,  2.3845e-03],
         [ 3.9730e-06, -5.4409e-06,  1.0000e+00,  2.7204e-03,  1.9865e-03,
          -4.0000e-03,  2.0000e+00,  4.0000e-03]],

        [[-1.4929e-06,  8.0000e-06,  1.0000e+00, -4.0000e-03, -7.4646e-04,
          -1.2090e-04,  2.0000e+00,  1.1350e-03],
         [ 8.0000e-06, -5.6358e-06,  1.0000e+00,  2.8179e-03,  4.0000e-03,
           1.2597e-03,  2.0000e+00,  2.1344e-03],
         [-6.3630e-06,  2.1795e-06,  1.0000e+00, -1.0898e-03, -3.1815e-03,
           1.6290e-03,  2.0000e+00, -1.2061e-03],
         [-1.6272e-06,  8.0000e-06,  1.0000e+00, -4.0000e-03, -8.1361e-04,
          -2.0995e-04,  2.0000e+00, -4.6318e-04],
         [ 8.0000e-06, -4.1728e-06,  1.0000e+00,  2.0864e-03,  4.0000e-03,
          -1.0654e-04,  2.0000e+00, -3.4093e-03],
         [ 5.3894e-06, -8.0000e-06,  1.0000e+00,  4.0000e-03,  2.6947e-03,
           3.2955e-03,  2.0000e+00,  1.1413e-03]],

        [[ 5.7299e-06, -1.2542e-07,  1.0000e+00,  6.2723e-05,  2.8650e-03,
           4.0000e-03,  2.0000e+00, -1.9829e-04],
         [-5.0544e-06,  8.0000e-06,  1.0000e+00, -4.0000e-03, -2.5272e-03,
           3.7204e-03,  2.0000e+00,  3.1309e-03],
         [-3.6975e-06, -5.2067e-06,  1.0000e+00,  2.6034e-03, -1.8488e-03,
          -4.0000e-03,  2.0000e+00, -1.5085e-03],
         [-8.0000e-06, -2.8616e-08,  1.0000e+00,  1.4292e-05, -4.0000e-03,
           4.0000e-03,  2.0000e+00, -4.0000e-03],
         [ 4.4602e-06, -1.8570e-06,  1.0000e+00,  9.2848e-04,  2.2301e-03,
          -4.0000e-03,  2.0000e+00, -4.0000e-03],
         [ 8.0000e-06, -8.0000e-06,  1.0000e+00,  4.0000e-03,  4.0000e-03,
          -1.8444e-03,  2.0000e+00, -1.4883e-03]],

        [[-8.0000e-06,  8.0000e-06,  1.0000e+00, -4.0000e-03, -4.0000e-03,
          -1.3245e-03,  2.0000e+00,  6.7289e-04],
         [-8.0000e-06, -8.0000e-06,  1.0000e+00,  4.0000e-03, -4.0000e-03,
           1.6134e-03,  2.0000e+00,  4.0000e-03],
         [ 8.0000e-06,  8.0000e-06,  1.0000e+00, -4.0000e-03,  4.0000e-03,
          -4.0000e-03,  2.0000e+00, -4.0000e-03],
         [ 7.5055e-06,  1.1421e-06,  1.0000e+00, -5.7108e-04,  3.7528e-03,
          -4.0000e-03,  2.0000e+00, -3.2993e-04],
         [-8.5537e-07, -6.5969e-06,  1.0000e+00,  3.2984e-03, -4.2767e-04,
          -3.2802e-03,  2.0000e+00, -4.0000e-03],
         [ 6.0591e-07, -9.2279e-07,  1.0000e+00,  4.6139e-04,  3.0296e-04,
          -4.0000e-03,  2.0000e+00, -4.0000e-03]],

        [[ 2.3761e-06, -8.0000e-06,  1.0000e+00,  4.0000e-03,  1.1881e-03,
          -4.0000e-03,  2.0000e+00, -2.8453e-03],
         [ 7.1983e-06, -6.2241e-06,  1.0000e+00,  3.1120e-03,  3.5992e-03,
           4.0000e-03,  2.0000e+00,  3.3928e-03],
         [-1.2685e-06, -8.0000e-06,  1.0000e+00,  4.0000e-03, -6.3424e-04,
           4.0000e-03,  2.0000e+00,  1.8344e-03],
         [-4.0344e-06,  4.3271e-07,  1.0000e+00, -2.1635e-04, -2.0172e-03,
          -1.1581e-03,  2.0000e+00,  3.6764e-03],
         [-8.0000e-06,  8.0000e-06,  1.0000e+00, -4.0000e-03, -4.0000e-03,
          -6.6378e-04,  2.0000e+00, -1.4526e-03],
         [-8.0000e-06, -3.6637e-06,  1.0000e+00,  1.8319e-03, -4.0000e-03,
           4.0000e-03,  2.0000e+00,  8.8786e-04]],

        [[ 8.0000e-06,  7.4916e-07,  1.0000e+00, -3.7457e-04,  4.0000e-03,
           2.4210e-03,  2.0000e+00,  2.9300e-03],
         [ 3.5782e-06, -6.5177e-06,  1.0000e+00,  3.2589e-03,  1.7891e-03,
          -2.0339e-04,  2.0000e+00, -1.6936e-03],
         [ 2.4255e-06,  8.0000e-06,  1.0000e+00, -4.0000e-03,  1.2128e-03,
           4.0000e-03,  2.0000e+00,  3.7916e-03],
         [-8.0000e-06, -8.0000e-06,  1.0000e+00,  4.0000e-03, -4.0000e-03,
           8.3168e-04,  2.0000e+00,  4.0000e-03],
         [-5.3862e-06,  1.4264e-06,  1.0000e+00, -7.1321e-04, -2.6931e-03,
           4.0000e-03,  2.0000e+00, -4.0000e-03],
         [-5.6254e-06, -6.5995e-06,  1.0000e+00,  3.2998e-03, -2.8127e-03,
          -4.6349e-04,  2.0000e+00, -2.8504e-03]]], device='cuda:0')
[15:30:04.051] [DEBUG] input_force_torque=torch.Size([16, 6]) cable.state=tensor([[[ 8.0000e-06, -1.5413e-06,  1.0000e+00,  7.7063e-04,  4.0000e-03,
          -7.1933e-04,  2.0000e+00,  3.6610e-03],
         [ 5.3075e-06,  8.0000e-06,  1.0000e+00, -4.0000e-03,  2.6537e-03,
          -2.4139e-03,  2.0000e+00, -3.1385e-03],
         [-8.0000e-06, -3.9947e-06,  1.0000e+00,  1.9974e-03, -4.0000e-03,
          -4.0000e-03,  2.0000e+00, -1.5766e-03],
         [ 8.2711e-07,  1.3563e-06,  1.0000e+00, -6.7813e-04,  4.1355e-04,
          -4.0000e-03,  2.0000e+00,  4.0000e-03],
         [ 5.1343e-06,  5.9483e-06,  1.0000e+00, -2.9741e-03,  2.5671e-03,
           3.7243e-03,  2.0000e+00, -6.9833e-05],
         [-4.2595e-06, -8.0000e-06,  1.0000e+00,  4.0000e-03, -2.1297e-03,
          -1.1123e-03,  2.0000e+00,  4.0000e-03]],

        [[-8.0000e-06,  2.6191e-06,  1.0000e+00, -1.3096e-03, -4.0000e-03,
           4.0000e-03,  2.0000e+00, -2.5050e-03],
         [-8.0000e-06, -1.8910e-06,  1.0000e+00,  9.4554e-04, -4.0000e-03,
          -4.0000e-03,  2.0000e+00, -4.0000e-03],
         [ 8.0000e-06, -6.4803e-06,  1.0000e+00,  3.2402e-03,  4.0000e-03,
           2.5057e-03,  2.0000e+00,  1.3378e-03],
         [ 4.2119e-06,  8.0000e-06,  1.0000e+00, -4.0000e-03,  2.1060e-03,
           4.0000e-03,  2.0000e+00, -2.4769e-03],
         [ 2.5606e-07, -7.3082e-06,  1.0000e+00,  3.6541e-03,  1.2803e-04,
           8.7563e-04,  2.0000e+00, -4.9955e-04],
         [-4.8392e-06, -3.7859e-06,  1.0000e+00,  1.8930e-03, -2.4196e-03,
          -4.0000e-03,  2.0000e+00,  3.8407e-04]],

        [[-4.3054e-06,  2.6884e-06,  1.0000e+00, -1.3442e-03, -2.1527e-03,
          -3.5416e-03,  2.0000e+00,  1.8401e-03],
         [-1.4979e-06, -1.7328e-06,  1.0000e+00,  8.6640e-04, -7.4894e-04,
           4.0000e-03,  2.0000e+00, -4.0000e-03],
         [-4.6054e-06,  3.0272e-06,  1.0000e+00, -1.5136e-03, -2.3027e-03,
           1.7051e-03,  2.0000e+00, -2.5117e-03],
         [-7.2835e-06, -8.0000e-06,  1.0000e+00,  4.0000e-03, -3.6418e-03,
           8.9232e-04,  2.0000e+00, -1.5267e-03],
         [-8.0000e-06, -8.0000e-06,  1.0000e+00,  4.0000e-03, -4.0000e-03,
           2.7543e-03,  2.0000e+00, -4.0000e-03],
         [ 3.9842e-06,  1.9192e-06,  1.0000e+00, -9.5960e-04,  1.9921e-03,
           3.0482e-04,  2.0000e+00,  1.0370e-03]],

        [[ 8.0000e-06, -2.8826e-06,  1.0000e+00,  1.4413e-03,  4.0000e-03,
           6.2249e-05,  2.0000e+00,  4.0000e-03],
         [ 7.6707e-06,  8.0000e-06,  1.0000e+00, -4.0000e-03,  3.8354e-03,
          -1.6455e-03,  2.0000e+00,  3.1738e-03],
         [-5.0914e-06,  4.8585e-06,  1.0000e+00, -2.4292e-03, -2.5457e-03,
          -2.9756e-03,  2.0000e+00, -2.3916e-03],
         [-4.1122e-06,  4.1345e-06,  1.0000e+00, -2.0673e-03, -2.0561e-03,
           5.8827e-04,  2.0000e+00,  1.9531e-03],
         [-8.0000e-06, -3.8231e-06,  1.0000e+00,  1.9115e-03, -4.0000e-03,
          -5.5049e-04,  2.0000e+00,  1.1700e-03],
         [-5.2979e-06,  8.0000e-06,  1.0000e+00, -4.0000e-03, -2.6490e-03,
           2.0353e-04,  2.0000e+00,  7.7800e-04]],

        [[ 1.7587e-06, -4.7572e-06,  1.0000e+00,  2.3786e-03,  8.7932e-04,
           4.0000e-03,  2.0000e+00, -2.4620e-03],
         [ 1.3183e-07,  8.0000e-06,  1.0000e+00, -4.0000e-03,  6.5931e-05,
           4.0000e-03,  2.0000e+00,  4.0000e-03],
         [-8.0000e-06,  4.3109e-08,  1.0000e+00, -2.1542e-05, -4.0000e-03,
          -3.0858e-03,  2.0000e+00,  1.1392e-03],
         [-1.0839e-06,  4.9953e-06,  1.0000e+00, -2.4976e-03, -5.4196e-04,
          -3.2197e-03,  2.0000e+00, -4.0000e-03],
         [-1.1207e-06, -5.3680e-06,  1.0000e+00,  2.6840e-03, -5.6037e-04,
          -3.2803e-04,  2.0000e+00,  1.8574e-03],
         [ 4.5727e-08,  1.3882e-06,  1.0000e+00, -6.9408e-04,  2.2865e-05,
           2.4054e-03,  2.0000e+00,  9.8881e-04]],

        [[-1.0344e-06, -5.9776e-06,  1.0000e+00,  2.9888e-03, -5.1719e-04,
          -4.3979e-04,  2.0000e+00, -1.7395e-03],
         [-8.0000e-06,  3.6180e-06,  1.0000e+00, -1.8090e-03, -4.0000e-03,
          -7.9118e-04,  2.0000e+00, -2.5821e-03],
         [ 8.0000e-06, -1.3493e-06,  1.0000e+00,  6.7465e-04,  4.0000e-03,
          -1.9667e-04,  2.0000e+00,  4.0000e-03],
         [-8.0000e-06, -8.0000e-06,  1.0000e+00,  4.0000e-03, -4.0000e-03,
          -2.7933e-03,  2.0000e+00,  4.0000e-03],
         [-5.3292e-06, -8.0000e-06,  1.0000e+00,  4.0000e-03, -2.6646e-03,
           4.0000e-03,  2.0000e+00, -1.0557e-03],
         [ 3.2808e-06, -4.6211e-06,  1.0000e+00,  2.3106e-03,  1.6404e-03,
           4.0000e-03,  2.0000e+00, -4.0000e-03]],

        [[ 8.0000e-06,  5.0715e-06,  1.0000e+00, -2.5358e-03,  4.0000e-03,
          -4.1012e-04,  2.0000e+00,  1.2083e-03],
         [-8.0000e-06,  5.4194e-06,  1.0000e+00, -2.7097e-03, -4.0000e-03,
           3.8295e-03,  2.0000e+00,  3.2858e-03],
         [ 8.0000e-06,  5.2589e-06,  1.0000e+00, -2.6294e-03,  4.0000e-03,
           4.0000e-03,  2.0000e+00, -2.0660e-03],
         [-8.0000e-06, -1.2988e-06,  1.0000e+00,  6.4943e-04, -4.0000e-03,
          -5.9087e-04,  2.0000e+00, -2.2440e-03],
         [-3.5337e-07,  6.6937e-06,  1.0000e+00, -3.3469e-03, -1.7668e-04,
          -2.4066e-04,  2.0000e+00,  3.0612e-03],
         [ 6.4690e-06, -7.6278e-06,  1.0000e+00,  3.8139e-03,  3.2345e-03,
          -2.5352e-03,  2.0000e+00,  4.0000e-03]],

        [[-2.8541e-07,  8.0000e-06,  1.0000e+00, -4.0000e-03, -1.4271e-04,
          -1.4940e-03,  2.0000e+00, -1.6815e-03],
         [-8.0000e-06, -1.6189e-06,  1.0000e+00,  8.0946e-04, -4.0000e-03,
           1.4251e-03,  2.0000e+00, -1.6629e-03],
         [-8.0000e-06,  8.0000e-06,  1.0000e+00, -4.0000e-03, -4.0000e-03,
          -4.0000e-03,  2.0000e+00, -4.0000e-03],
         [ 5.3133e-06,  5.8646e-06,  1.0000e+00, -2.9323e-03,  2.6566e-03,
          -2.5375e-03,  2.0000e+00,  1.3916e-03],
         [-2.9187e-06,  8.0000e-06,  1.0000e+00, -4.0000e-03, -1.4593e-03,
           2.9100e-03,  2.0000e+00,  2.3526e-03],
         [-1.1402e-06,  4.9127e-06,  1.0000e+00, -2.4563e-03, -5.7011e-04,
          -1.8244e-03,  2.0000e+00, -4.0000e-03]],

        [[-1.7416e-06, -3.0895e-06,  1.0000e+00,  1.5448e-03, -8.7082e-04,
           2.3675e-03,  2.0000e+00, -3.7475e-03],
         [-6.3321e-06, -3.9146e-07,  1.0000e+00,  1.9573e-04, -3.1660e-03,
           1.7596e-03,  2.0000e+00,  4.0000e-03],
         [ 7.7254e-06, -1.7641e-06,  1.0000e+00,  8.8207e-04,  3.8627e-03,
           3.0400e-03,  2.0000e+00,  3.2969e-03],
         [-8.0316e-08,  3.5541e-06,  1.0000e+00, -1.7770e-03, -4.0164e-05,
          -3.4822e-03,  2.0000e+00,  1.8835e-03],
         [ 2.8267e-06, -8.0000e-06,  1.0000e+00,  4.0000e-03,  1.4134e-03,
           1.9116e-04,  2.0000e+00,  3.4420e-03],
         [-8.1549e-07,  2.0504e-06,  1.0000e+00, -1.0252e-03, -4.0774e-04,
           4.0000e-03,  2.0000e+00, -1.6863e-03]],

        [[ 1.0976e-06, -4.3788e-06,  1.0000e+00,  2.1894e-03,  5.4879e-04,
          -4.0000e-03,  2.0000e+00,  1.2675e-04],
         [-1.9518e-06,  8.0000e-06,  1.0000e+00, -4.0000e-03, -9.7590e-04,
           2.7717e-04,  2.0000e+00,  4.0000e-03],
         [ 8.0000e-06, -7.6076e-06,  1.0000e+00,  3.8038e-03,  4.0000e-03,
          -4.0000e-03,  2.0000e+00, -2.2953e-03],
         [-8.0000e-06,  7.7041e-07,  1.0000e+00, -3.8521e-04, -4.0000e-03,
           5.6529e-04,  2.0000e+00,  1.2277e-03],
         [-7.1888e-06,  2.0172e-06,  1.0000e+00, -1.0086e-03, -3.5944e-03,
           1.6304e-03,  2.0000e+00,  4.0000e-03],
         [ 2.6565e-06, -8.0000e-06,  1.0000e+00,  4.0000e-03,  1.3282e-03,
           4.0718e-04,  2.0000e+00, -2.6359e-03]],

        [[-5.4095e-06,  8.0000e-06,  1.0000e+00, -4.0000e-03, -2.7047e-03,
           4.0000e-03,  2.0000e+00,  1.4615e-03],
         [ 4.5233e-07,  4.0280e-06,  1.0000e+00, -2.0140e-03,  2.2616e-04,
          -4.0000e-03,  2.0000e+00, -4.4734e-04],
         [-5.4132e-06,  1.0951e-06,  1.0000e+00, -5.4754e-04, -2.7066e-03,
          -1.4736e-03,  2.0000e+00,  1.2440e-05],
         [-8.0000e-06,  9.8715e-08,  1.0000e+00, -4.9370e-05, -4.0000e-03,
           3.0488e-03,  2.0000e+00, -4.0000e-03],
         [ 8.0000e-06,  8.0000e-06,  1.0000e+00, -4.0000e-03,  4.0000e-03,
           6.3724e-04,  2.0000e+00,  2.3845e-03],
         [ 3.9730e-06, -5.4409e-06,  1.0000e+00,  2.7204e-03,  1.9865e-03,
          -4.0000e-03,  2.0000e+00,  4.0000e-03]],

        [[-1.4929e-06,  8.0000e-06,  1.0000e+00, -4.0000e-03, -7.4646e-04,
          -1.2090e-04,  2.0000e+00,  1.1350e-03],
         [ 8.0000e-06, -5.6358e-06,  1.0000e+00,  2.8179e-03,  4.0000e-03,
           1.2597e-03,  2.0000e+00,  2.1344e-03],
         [-6.3630e-06,  2.1795e-06,  1.0000e+00, -1.0898e-03, -3.1815e-03,
           1.6290e-03,  2.0000e+00, -1.2061e-03],
         [-1.6272e-06,  8.0000e-06,  1.0000e+00, -4.0000e-03, -8.1361e-04,
          -2.0995e-04,  2.0000e+00, -4.6318e-04],
         [ 8.0000e-06, -4.1728e-06,  1.0000e+00,  2.0864e-03,  4.0000e-03,
          -1.0654e-04,  2.0000e+00, -3.4093e-03],
         [ 5.3894e-06, -8.0000e-06,  1.0000e+00,  4.0000e-03,  2.6947e-03,
           3.2955e-03,  2.0000e+00,  1.1413e-03]],

        [[ 5.7299e-06, -1.2542e-07,  1.0000e+00,  6.2723e-05,  2.8650e-03,
           4.0000e-03,  2.0000e+00, -1.9829e-04],
         [-5.0544e-06,  8.0000e-06,  1.0000e+00, -4.0000e-03, -2.5272e-03,
           3.7204e-03,  2.0000e+00,  3.1309e-03],
         [-3.6975e-06, -5.2067e-06,  1.0000e+00,  2.6034e-03, -1.8488e-03,
          -4.0000e-03,  2.0000e+00, -1.5085e-03],
         [-8.0000e-06, -2.8616e-08,  1.0000e+00,  1.4292e-05, -4.0000e-03,
           4.0000e-03,  2.0000e+00, -4.0000e-03],
         [ 4.4602e-06, -1.8570e-06,  1.0000e+00,  9.2848e-04,  2.2301e-03,
          -4.0000e-03,  2.0000e+00, -4.0000e-03],
         [ 8.0000e-06, -8.0000e-06,  1.0000e+00,  4.0000e-03,  4.0000e-03,
          -1.8444e-03,  2.0000e+00, -1.4883e-03]],

        [[-8.0000e-06,  8.0000e-06,  1.0000e+00, -4.0000e-03, -4.0000e-03,
          -1.3245e-03,  2.0000e+00,  6.7289e-04],
         [-8.0000e-06, -8.0000e-06,  1.0000e+00,  4.0000e-03, -4.0000e-03,
           1.6134e-03,  2.0000e+00,  4.0000e-03],
         [ 8.0000e-06,  8.0000e-06,  1.0000e+00, -4.0000e-03,  4.0000e-03,
          -4.0000e-03,  2.0000e+00, -4.0000e-03],
         [ 7.5055e-06,  1.1421e-06,  1.0000e+00, -5.7108e-04,  3.7528e-03,
          -4.0000e-03,  2.0000e+00, -3.2993e-04],
         [-8.5537e-07, -6.5969e-06,  1.0000e+00,  3.2984e-03, -4.2767e-04,
          -3.2802e-03,  2.0000e+00, -4.0000e-03],
         [ 6.0591e-07, -9.2279e-07,  1.0000e+00,  4.6139e-04,  3.0296e-04,
          -4.0000e-03,  2.0000e+00, -4.0000e-03]],

        [[ 2.3761e-06, -8.0000e-06,  1.0000e+00,  4.0000e-03,  1.1881e-03,
          -4.0000e-03,  2.0000e+00, -2.8453e-03],
         [ 7.1983e-06, -6.2241e-06,  1.0000e+00,  3.1120e-03,  3.5992e-03,
           4.0000e-03,  2.0000e+00,  3.3928e-03],
         [-1.2685e-06, -8.0000e-06,  1.0000e+00,  4.0000e-03, -6.3424e-04,
           4.0000e-03,  2.0000e+00,  1.8344e-03],
         [-4.0344e-06,  4.3271e-07,  1.0000e+00, -2.1635e-04, -2.0172e-03,
          -1.1581e-03,  2.0000e+00,  3.6764e-03],
         [-8.0000e-06,  8.0000e-06,  1.0000e+00, -4.0000e-03, -4.0000e-03,
          -6.6378e-04,  2.0000e+00, -1.4526e-03],
         [-8.0000e-06, -3.6637e-06,  1.0000e+00,  1.8319e-03, -4.0000e-03,
           4.0000e-03,  2.0000e+00,  8.8786e-04]],

        [[ 8.0000e-06,  7.4916e-07,  1.0000e+00, -3.7457e-04,  4.0000e-03,
           2.4210e-03,  2.0000e+00,  2.9300e-03],
         [ 3.5782e-06, -6.5177e-06,  1.0000e+00,  3.2589e-03,  1.7891e-03,
          -2.0339e-04,  2.0000e+00, -1.6936e-03],
         [ 2.4255e-06,  8.0000e-06,  1.0000e+00, -4.0000e-03,  1.2128e-03,
           4.0000e-03,  2.0000e+00,  3.7916e-03],
         [-8.0000e-06, -8.0000e-06,  1.0000e+00,  4.0000e-03, -4.0000e-03,
           8.3168e-04,  2.0000e+00,  4.0000e-03],
         [-5.3862e-06,  1.4264e-06,  1.0000e+00, -7.1321e-04, -2.6931e-03,
           4.0000e-03,  2.0000e+00, -4.0000e-03],
         [-5.6254e-06, -6.5995e-06,  1.0000e+00,  3.2998e-03, -2.8127e-03,
          -4.6349e-04,  2.0000e+00, -2.8504e-03]]], device='cuda:0')
[15:30:04.054] [DEBUG] payload.state.shape=torch.Size([16, 13]) payload.state=tensor([[ 3.7379e-11,  9.4711e-12,  4.9995e-01,  1.8688e-08,  4.7454e-09,
         -2.3240e-02,  1.0000e+00, -2.5233e-12, -3.1789e-13, -2.6166e-13,
         -2.5233e-09, -3.1789e-10, -2.6166e-10],
        [-4.4635e-11, -4.7169e-11,  4.9995e-01, -2.2314e-08, -2.3582e-08,
         -2.3240e-02,  1.0000e+00, -7.3512e-13,  7.3512e-13, -1.7647e-12,
         -7.3512e-10,  7.3512e-10, -1.7647e-09],
        [-1.1580e-10, -5.3840e-11,  4.9995e-01, -5.7908e-08, -2.6916e-08,
         -2.3240e-02,  1.0000e+00, -1.0331e-12, -1.7087e-12,  5.0253e-12,
         -1.0331e-09, -1.7087e-09,  5.0253e-09],
        [-3.6455e-11,  9.7538e-11,  4.9995e-01, -1.8234e-08,  4.8770e-08,
         -2.3240e-02,  1.0000e+00, -3.3776e-13, -1.5895e-12, -4.4283e-12,
         -3.3776e-10, -1.5895e-09, -4.4283e-09],
        [-4.4111e-11,  2.2930e-11,  4.9995e-01, -2.2059e-08,  1.1462e-08,
         -2.3240e-02,  1.0000e+00,  6.7552e-13, -8.1460e-13,  1.1624e-12,
          6.7552e-10, -8.1460e-10,  1.1624e-09],
        [-5.9053e-11, -1.2979e-10,  4.9995e-01, -2.9513e-08, -6.4902e-08,
         -2.3240e-02,  1.0000e+00,  1.9073e-12,  3.5365e-12,  1.4738e-12,
          1.9073e-09,  3.5365e-09,  1.4738e-09],
        [ 3.2582e-11,  7.2117e-11,  4.9995e-01,  1.6282e-08,  3.6065e-08,
         -2.3240e-02,  1.0000e+00, -1.7087e-12, -2.2252e-12,  1.5288e-12,
         -1.7087e-09, -2.2252e-09,  1.5288e-09],
        [-8.0138e-11,  1.7686e-10,  4.9995e-01, -4.0063e-08,  8.8436e-08,
         -2.3240e-02,  1.0000e+00, -1.1722e-12,  1.7087e-12,  2.0412e-12,
         -1.1722e-09,  1.7087e-09,  2.0412e-09],
        [ 8.4813e-12, -4.0775e-11,  4.9995e-01,  4.2509e-09, -2.0394e-08,
         -2.3240e-02,  1.0000e+00,  1.6093e-12,  2.6226e-12, -1.3231e-13,
          1.6093e-09,  2.6226e-09, -1.3231e-10],
        [-2.8723e-11, -4.9061e-11,  4.9995e-01, -1.4360e-08, -2.4531e-08,
         -2.3240e-02,  1.0000e+00,  7.9473e-14,  3.9736e-13, -3.8390e-12,
          7.9473e-11,  3.9736e-10, -3.8390e-09],
        [-3.4150e-11,  8.4196e-11,  4.9995e-01, -1.7083e-08,  4.2106e-08,
         -2.3240e-02,  1.0000e+00, -2.0067e-12, -2.0067e-12,  5.7708e-12,
         -2.0067e-09, -2.0067e-09,  5.7708e-09],
        [ 6.3471e-11,  1.9639e-12,  4.9995e-01,  3.1728e-08,  9.7836e-10,
         -2.3240e-02,  1.0000e+00,  9.1394e-13, -1.8676e-12,  1.4522e-12,
          9.1394e-10, -1.8676e-09,  1.4522e-09],
        [ 7.6328e-12, -3.8526e-11,  4.9995e-01,  3.8068e-09, -1.9271e-08,
         -2.3240e-02,  1.0000e+00,  2.0464e-12, -2.4438e-12,  7.2684e-12,
          2.0464e-09, -2.4438e-09,  7.2684e-09],
        [-3.9941e-12,  8.6168e-12,  4.9995e-01, -2.0037e-09,  4.2993e-09,
         -2.3240e-02,  1.0000e+00,  2.3246e-12, -1.7087e-12,  4.9297e-13,
          2.3246e-09, -1.7087e-09,  4.9297e-10],
        [-6.2528e-11, -9.3119e-11,  4.9995e-01, -3.1258e-08, -4.6566e-08,
         -2.3240e-02,  1.0000e+00,  1.6491e-12,  1.5299e-12, -1.0789e-11,
          1.6491e-09,  1.5299e-09, -1.0789e-08],
        [-2.6692e-11, -5.8396e-11,  4.9995e-01, -1.3342e-08, -2.9208e-08,
         -2.3240e-02,  1.0000e+00,  2.6027e-12,  1.0729e-12, -5.7528e-12,
          2.6027e-09,  1.0729e-09, -5.7528e-09]], device='cuda:0')
[15:30:04.059] [DEBUG] drone_pos.shape=torch.Size([16, 6, 3]) drone_pos=tensor([[[ 2.5001e-01, -1.5413e-06,  1.5000e+00],
         [ 1.2501e-01,  2.1651e-01,  1.5000e+00],
         [-1.2501e-01,  2.1650e-01,  1.5000e+00],
         [-2.5000e-01,  1.3563e-06,  1.5000e+00],
         [-1.2499e-01, -2.1650e-01,  1.5000e+00],
         [ 1.2500e-01, -2.1651e-01,  1.5000e+00]],

        [[ 2.4999e-01,  2.6191e-06,  1.5000e+00],
         [ 1.2499e-01,  2.1650e-01,  1.5000e+00],
         [-1.2499e-01,  2.1650e-01,  1.5000e+00],
         [-2.5000e-01,  8.0000e-06,  1.5000e+00],
         [-1.2500e-01, -2.1651e-01,  1.5000e+00],
         [ 1.2500e-01, -2.1651e-01,  1.5000e+00]],

        [[ 2.5000e-01,  2.6884e-06,  1.5000e+00],
         [ 1.2500e-01,  2.1650e-01,  1.5000e+00],
         [-1.2500e-01,  2.1651e-01,  1.5000e+00],
         [-2.5001e-01, -8.0001e-06,  1.5000e+00],
         [-1.2501e-01, -2.1651e-01,  1.5000e+00],
         [ 1.2500e-01, -2.1650e-01,  1.5000e+00]],

        [[ 2.5001e-01, -2.8825e-06,  1.5000e+00],
         [ 1.2501e-01,  2.1651e-01,  1.5000e+00],
         [-1.2501e-01,  2.1651e-01,  1.5000e+00],
         [-2.5000e-01,  4.1346e-06,  1.5000e+00],
         [-1.2501e-01, -2.1651e-01,  1.5000e+00],
         [ 1.2499e-01, -2.1650e-01,  1.5000e+00]],

        [[ 2.5000e-01, -4.7572e-06,  1.5000e+00],
         [ 1.2500e-01,  2.1651e-01,  1.5000e+00],
         [-1.2501e-01,  2.1651e-01,  1.5000e+00],
         [-2.5000e-01,  4.9953e-06,  1.5000e+00],
         [-1.2500e-01, -2.1651e-01,  1.5000e+00],
         [ 1.2500e-01, -2.1650e-01,  1.5000e+00]],

        [[ 2.5000e-01, -5.9777e-06,  1.5000e+00],
         [ 1.2499e-01,  2.1651e-01,  1.5000e+00],
         [-1.2499e-01,  2.1650e-01,  1.5000e+00],
         [-2.5001e-01, -8.0001e-06,  1.5000e+00],
         [-1.2501e-01, -2.1651e-01,  1.5000e+00],
         [ 1.2500e-01, -2.1651e-01,  1.5000e+00]],

        [[ 2.5001e-01,  5.0716e-06,  1.5000e+00],
         [ 1.2499e-01,  2.1651e-01,  1.5000e+00],
         [-1.2499e-01,  2.1651e-01,  1.5000e+00],
         [-2.5001e-01, -1.2988e-06,  1.5000e+00],
         [-1.2500e-01, -2.1650e-01,  1.5000e+00],
         [ 1.2501e-01, -2.1651e-01,  1.5000e+00]],

        [[ 2.5000e-01,  8.0002e-06,  1.5000e+00],
         [ 1.2499e-01,  2.1650e-01,  1.5000e+00],
         [-1.2501e-01,  2.1651e-01,  1.5000e+00],
         [-2.4999e-01,  5.8648e-06,  1.5000e+00],
         [-1.2500e-01, -2.1650e-01,  1.5000e+00],
         [ 1.2500e-01, -2.1650e-01,  1.5000e+00]],

        [[ 2.5000e-01, -3.0896e-06,  1.5000e+00],
         [ 1.2499e-01,  2.1651e-01,  1.5000e+00],
         [-1.2499e-01,  2.1650e-01,  1.5000e+00],
         [-2.5000e-01,  3.5541e-06,  1.5000e+00],
         [-1.2500e-01, -2.1651e-01,  1.5000e+00],
         [ 1.2500e-01, -2.1650e-01,  1.5000e+00]],

        [[ 2.5000e-01, -4.3788e-06,  1.5000e+00],
         [ 1.2500e-01,  2.1651e-01,  1.5000e+00],
         [-1.2499e-01,  2.1650e-01,  1.5000e+00],
         [-2.5001e-01,  7.7036e-07,  1.5000e+00],
         [-1.2501e-01, -2.1650e-01,  1.5000e+00],
         [ 1.2500e-01, -2.1651e-01,  1.5000e+00]],

        [[ 2.4999e-01,  8.0001e-06,  1.5000e+00],
         [ 1.2500e-01,  2.1651e-01,  1.5000e+00],
         [-1.2501e-01,  2.1651e-01,  1.5000e+00],
         [-2.5001e-01,  9.8797e-08,  1.5000e+00],
         [-1.2499e-01, -2.1650e-01,  1.5000e+00],
         [ 1.2500e-01, -2.1651e-01,  1.5000e+00]],

        [[ 2.5000e-01,  8.0000e-06,  1.5000e+00],
         [ 1.2501e-01,  2.1650e-01,  1.5000e+00],
         [-1.2501e-01,  2.1651e-01,  1.5000e+00],
         [-2.5000e-01,  8.0000e-06,  1.5000e+00],
         [-1.2499e-01, -2.1651e-01,  1.5000e+00],
         [ 1.2501e-01, -2.1651e-01,  1.5000e+00]],

        [[ 2.5001e-01, -1.2546e-07,  1.5000e+00],
         [ 1.2499e-01,  2.1651e-01,  1.5000e+00],
         [-1.2500e-01,  2.1650e-01,  1.5000e+00],
         [-2.5001e-01, -2.8658e-08,  1.5000e+00],
         [-1.2500e-01, -2.1651e-01,  1.5000e+00],
         [ 1.2501e-01, -2.1651e-01,  1.5000e+00]],

        [[ 2.4999e-01,  8.0000e-06,  1.5000e+00],
         [ 1.2499e-01,  2.1650e-01,  1.5000e+00],
         [-1.2499e-01,  2.1651e-01,  1.5000e+00],
         [-2.4999e-01,  1.1421e-06,  1.5000e+00],
         [-1.2500e-01, -2.1651e-01,  1.5000e+00],
         [ 1.2500e-01, -2.1651e-01,  1.5000e+00]],

        [[ 2.5000e-01, -8.0001e-06,  1.5000e+00],
         [ 1.2501e-01,  2.1650e-01,  1.5000e+00],
         [-1.2500e-01,  2.1650e-01,  1.5000e+00],
         [-2.5000e-01,  4.3262e-07,  1.5000e+00],
         [-1.2501e-01, -2.1650e-01,  1.5000e+00],
         [ 1.2499e-01, -2.1651e-01,  1.5000e+00]],

        [[ 2.5001e-01,  7.4910e-07,  1.5000e+00],
         [ 1.2500e-01,  2.1650e-01,  1.5000e+00],
         [-1.2500e-01,  2.1651e-01,  1.5000e+00],
         [-2.5001e-01, -8.0001e-06,  1.5000e+00],
         [-1.2501e-01, -2.1650e-01,  1.5000e+00],
         [ 1.2499e-01, -2.1651e-01,  1.5000e+00]]], device='cuda:0')
