Environment Step Log - Started at 2025-09-30 15:11:03
================================================================================
Number of environments: 16
Number of cables: 6
Device: cuda
================================================================================

[15:11:03.786] [DEBUG] step_counter=0 action.shape=torch.Size([16, 6, 4]) action=tensor([[[ 0.1927,  1.0000, -0.1798,  0.9153],
         [-1.0000,  0.6634, -0.6035, -0.7846],
         [ 0.4993, -1.0000, -1.0000, -0.3941],
         [-0.1695,  0.1034, -1.0000,  1.0000],
         [-0.7435,  0.6418,  0.9311, -0.0175],
         [ 1.0000, -0.5324, -0.2781,  1.0000]],

        [[-0.3274, -1.0000,  1.0000, -0.6263],
         [ 0.2364, -1.0000, -1.0000, -1.0000],
         [ 0.8100,  1.0000,  0.6264,  0.3344],
         [-1.0000,  0.5265,  1.0000, -0.6192],
         [ 0.9135,  0.0320,  0.2189, -0.1249],
         [ 0.4732, -0.6049, -1.0000,  0.0960]],

        [[-0.3361, -0.5382, -0.8854,  0.4600],
         [ 0.2166, -0.1872,  1.0000, -1.0000],
         [-0.3784, -0.5757,  0.4263, -0.6279],
         [ 1.0000, -0.9104,  0.2231, -0.3817],
         [ 1.0000, -1.0000,  0.6886, -1.0000],
         [-0.2399,  0.4980,  0.0762,  0.2592]],

        [[ 0.3603,  1.0000,  0.0156,  1.0000],
         [-1.0000,  0.9588, -0.4114,  0.7935],
         [-0.6073, -0.6364, -0.7439, -0.5979],
         [-0.5168, -0.5140,  0.1471,  0.4883],
         [ 0.4779, -1.0000, -0.1376,  0.2925],
         [-1.0000, -0.6622,  0.0509,  0.1945]],

        [[ 0.5947,  0.2198,  1.0000, -0.6155],
         [-1.0000,  0.0165,  1.0000,  1.0000],
         [-0.0054, -1.0000, -0.7714,  0.2848],
         [-0.6244, -0.1355, -0.8049, -1.0000],
         [ 0.6710, -0.1401, -0.0820,  0.4643],
         [-0.1735,  0.0057,  0.6014,  0.2472]],

        [[ 0.7472, -0.1293, -0.1099, -0.4349],
         [-0.4522, -1.0000, -0.1978, -0.6455],
         [ 0.1687,  1.0000, -0.0492,  1.0000],
         [ 1.0000, -1.0000, -0.6983,  1.0000],
         [ 1.0000, -0.6662,  1.0000, -0.2639],
         [ 0.5776,  0.4101,  1.0000, -1.0000]],

        [[-0.6339,  1.0000, -0.1025,  0.3021],
         [-0.6774, -1.0000,  0.9574,  0.8215],
         [-0.6574,  1.0000,  1.0000, -0.5165],
         [ 0.1624, -1.0000, -0.1477, -0.5610],
         [-0.8367, -0.0442, -0.0602,  0.7653],
         [ 0.9535,  0.8086, -0.6338,  1.0000]],

        [[-1.0000, -0.0357, -0.3735, -0.4204],
         [ 0.2024, -1.0000,  0.3563, -0.4157],
         [-1.0000, -1.0000, -1.0000, -1.0000],
         [-0.7331,  0.6642, -0.6344,  0.3479],
         [-1.0000, -0.3648,  0.7275,  0.5882],
         [-0.6141, -0.1425, -0.4561, -1.0000]],

        [[ 0.3862, -0.2177,  0.5919, -0.9369],
         [ 0.0489, -0.7915,  0.4399,  1.0000],
         [ 0.2205,  0.9657,  0.7600,  0.8242],
         [-0.4443, -0.0100, -0.8706,  0.4709],
         [ 1.0000,  0.3533,  0.0478,  0.8605],
         [-0.2563, -0.1019,  1.0000, -0.4216]],

        [[ 0.5473,  0.1372, -1.0000,  0.0317],
         [-1.0000, -0.2440,  0.0693,  1.0000],
         [ 0.9510,  1.0000, -1.0000, -0.5738],
         [-0.0963, -1.0000,  0.1413,  0.3069],
         [-0.2521, -0.8986,  0.4076,  1.0000],
         [ 1.0000,  0.3321,  0.1018, -0.6590]],

        [[-1.0000, -0.6762,  1.0000,  0.3654],
         [-0.5035,  0.0565, -1.0000, -0.1118],
         [-0.1369, -0.6767, -0.3684,  0.0031],
         [-0.0123, -1.0000,  0.7622, -1.0000],
         [-1.0000,  1.0000,  0.1593,  0.5961],
         [ 0.6801,  0.4966, -1.0000,  1.0000]],

        [[-1.0000, -0.1866, -0.0302,  0.2838],
         [ 0.7045,  1.0000,  0.3149,  0.5336],
         [-0.2724, -0.7954,  0.4073, -0.3015],
         [-1.0000, -0.2034, -0.0525, -0.1158],
         [ 0.5216,  1.0000, -0.0266, -0.8523],
         [ 1.0000,  0.6737,  0.8239,  0.2853]],

        [[ 0.0157,  0.7162,  1.0000, -0.0496],
         [-1.0000, -0.6318,  0.9301,  0.7827],
         [ 0.6508, -0.4622, -1.0000, -0.3771],
         [ 0.0036, -1.0000,  1.0000, -1.0000],
         [ 0.2321,  0.5575, -1.0000, -1.0000],
         [ 1.0000,  1.0000, -0.4611, -0.3721]],

        [[-1.0000, -1.0000, -0.3311,  0.1682],
         [ 1.0000, -1.0000,  0.4033,  1.0000],
         [-1.0000,  1.0000, -1.0000, -1.0000],
         [-0.1428,  0.9382, -1.0000, -0.0825],
         [ 0.8246, -0.1069, -0.8201, -1.0000],
         [ 0.1153,  0.0757, -1.0000, -1.0000]],

        [[ 1.0000,  0.2970, -1.0000, -0.7113],
         [ 0.7780,  0.8998,  1.0000,  0.8482],
         [ 1.0000, -0.1586,  1.0000,  0.4586],
         [-0.0541, -0.5043, -0.2895,  0.9191],
         [-1.0000, -1.0000, -0.1659, -0.3632],
         [ 0.4580, -1.0000,  1.0000,  0.2220]],

        [[-0.0936,  1.0000,  0.6053,  0.7325],
         [ 0.8147,  0.4473, -0.0508, -0.4234],
         [-1.0000,  0.3032,  1.0000,  0.9479],
         [ 1.0000, -1.0000,  0.2079,  1.0000],
         [-0.1783, -0.6733,  1.0000, -1.0000],
         [ 0.8249, -0.7032, -0.1159, -0.7126]]], device='cuda:0')
[15:11:03.806] [DEBUG] cable.state.shape=torch.Size([16, 6, 8]) cable.state=tensor([[[ 5.0000e-07, -9.6329e-08,  1.0000e+00,  1.9266e-04,  1.0000e-03,
          -1.7983e-04,  2.0000e+00,  9.1526e-04],
         [ 3.3172e-07,  5.0000e-07,  1.0000e+00, -1.0000e-03,  6.6343e-04,
          -6.0348e-04,  2.0000e+00, -7.8462e-04],
         [-5.0000e-07, -2.4967e-07,  1.0000e+00,  4.9934e-04, -1.0000e-03,
          -1.0000e-03,  2.0000e+00, -3.9414e-04],
         [ 5.1694e-08,  8.4767e-08,  1.0000e+00, -1.6953e-04,  1.0339e-04,
          -1.0000e-03,  2.0000e+00,  1.0000e-03],
         [ 3.2089e-07,  3.7177e-07,  1.0000e+00, -7.4353e-04,  6.4179e-04,
           9.3108e-04,  2.0000e+00, -1.7458e-05],
         [-2.6622e-07, -5.0000e-07,  1.0000e+00,  1.0000e-03, -5.3243e-04,
          -2.7808e-04,  2.0000e+00,  1.0000e-03]],

        [[-5.0000e-07,  1.6370e-07,  1.0000e+00, -3.2740e-04, -1.0000e-03,
           1.0000e-03,  2.0000e+00, -6.2625e-04],
         [-5.0000e-07, -1.1819e-07,  1.0000e+00,  2.3638e-04, -1.0000e-03,
          -1.0000e-03,  2.0000e+00, -1.0000e-03],
         [ 5.0000e-07, -4.0502e-07,  1.0000e+00,  8.1005e-04,  1.0000e-03,
           6.2644e-04,  2.0000e+00,  3.3445e-04],
         [ 2.6325e-07,  5.0000e-07,  1.0000e+00, -1.0000e-03,  5.2650e-04,
           1.0000e-03,  2.0000e+00, -6.1921e-04],
         [ 1.6004e-08, -4.5677e-07,  1.0000e+00,  9.1353e-04,  3.2007e-05,
           2.1891e-04,  2.0000e+00, -1.2489e-04],
         [-3.0245e-07, -2.3662e-07,  1.0000e+00,  4.7324e-04, -6.0490e-04,
          -1.0000e-03,  2.0000e+00,  9.6017e-05]],

        [[-2.6909e-07,  1.6803e-07,  1.0000e+00, -3.3605e-04, -5.3817e-04,
          -8.8541e-04,  2.0000e+00,  4.6003e-04],
         [-9.3618e-08, -1.0830e-07,  1.0000e+00,  2.1660e-04, -1.8724e-04,
           1.0000e-03,  2.0000e+00, -1.0000e-03],
         [-2.8784e-07,  1.8920e-07,  1.0000e+00, -3.7840e-04, -5.7567e-04,
           4.2628e-04,  2.0000e+00, -6.2794e-04],
         [-4.5522e-07, -5.0000e-07,  1.0000e+00,  1.0000e-03, -9.1044e-04,
           2.2308e-04,  2.0000e+00, -3.8167e-04],
         [-5.0000e-07, -5.0000e-07,  1.0000e+00,  1.0000e-03, -1.0000e-03,
           6.8858e-04,  2.0000e+00, -1.0000e-03],
         [ 2.4901e-07,  1.1995e-07,  1.0000e+00, -2.3990e-04,  4.9802e-04,
           7.6204e-05,  2.0000e+00,  2.5925e-04]],

        [[ 5.0000e-07, -1.8016e-07,  1.0000e+00,  3.6032e-04,  1.0000e-03,
           1.5562e-05,  2.0000e+00,  1.0000e-03],
         [ 4.7942e-07,  5.0000e-07,  1.0000e+00, -1.0000e-03,  9.5884e-04,
          -4.1138e-04,  2.0000e+00,  7.9346e-04],
         [-3.1821e-07,  3.0365e-07,  1.0000e+00, -6.0731e-04, -6.3643e-04,
          -7.4389e-04,  2.0000e+00, -5.9789e-04],
         [-2.5701e-07,  2.5841e-07,  1.0000e+00, -5.1681e-04, -5.1402e-04,
           1.4707e-04,  2.0000e+00,  4.8827e-04],
         [-5.0000e-07, -2.3894e-07,  1.0000e+00,  4.7789e-04, -1.0000e-03,
          -1.3762e-04,  2.0000e+00,  2.9249e-04],
         [-3.3112e-07,  5.0000e-07,  1.0000e+00, -1.0000e-03, -6.6224e-04,
           5.0884e-05,  2.0000e+00,  1.9450e-04]],

        [[ 1.0992e-07, -2.9733e-07,  1.0000e+00,  5.9465e-04,  2.1983e-04,
           1.0000e-03,  2.0000e+00, -6.1551e-04],
         [ 8.2412e-09,  5.0000e-07,  1.0000e+00, -1.0000e-03,  1.6483e-05,
           1.0000e-03,  2.0000e+00,  1.0000e-03],
         [-5.0000e-07,  2.6929e-09,  1.0000e+00, -5.3856e-06, -1.0000e-03,
          -7.7144e-04,  2.0000e+00,  2.8480e-04],
         [-6.7745e-08,  3.1220e-07,  1.0000e+00, -6.2441e-04, -1.3549e-04,
          -8.0493e-04,  2.0000e+00, -1.0000e-03],
         [-7.0046e-08, -3.3550e-07,  1.0000e+00,  6.7100e-04, -1.4009e-04,
          -8.2007e-05,  2.0000e+00,  4.6434e-04],
         [ 2.8581e-09,  8.6759e-08,  1.0000e+00, -1.7352e-04,  5.7162e-06,
           6.0136e-04,  2.0000e+00,  2.4720e-04]],

        [[-6.4649e-08, -3.7360e-07,  1.0000e+00,  7.4720e-04, -1.2930e-04,
          -1.0995e-04,  2.0000e+00, -4.3489e-04],
         [-5.0000e-07,  2.2612e-07,  1.0000e+00, -4.5225e-04, -1.0000e-03,
          -1.9780e-04,  2.0000e+00, -6.4552e-04],
         [ 5.0000e-07, -8.4331e-08,  1.0000e+00,  1.6866e-04,  1.0000e-03,
          -4.9168e-05,  2.0000e+00,  1.0000e-03],
         [-5.0000e-07, -5.0000e-07,  1.0000e+00,  1.0000e-03, -1.0000e-03,
          -6.9833e-04,  2.0000e+00,  1.0000e-03],
         [-3.3308e-07, -5.0000e-07,  1.0000e+00,  1.0000e-03, -6.6616e-04,
           1.0000e-03,  2.0000e+00, -2.6392e-04],
         [ 2.0505e-07, -2.8882e-07,  1.0000e+00,  5.7764e-04,  4.1010e-04,
           1.0000e-03,  2.0000e+00, -1.0000e-03]],

        [[ 5.0000e-07,  3.1697e-07,  1.0000e+00, -6.3394e-04,  1.0000e-03,
          -1.0253e-04,  2.0000e+00,  3.0207e-04],
         [-5.0000e-07,  3.3872e-07,  1.0000e+00, -6.7743e-04, -1.0000e-03,
           9.5738e-04,  2.0000e+00,  8.2145e-04],
         [ 5.0000e-07,  3.2868e-07,  1.0000e+00, -6.5735e-04,  1.0000e-03,
           1.0000e-03,  2.0000e+00, -5.1649e-04],
         [-5.0000e-07, -8.1178e-08,  1.0000e+00,  1.6236e-04, -1.0000e-03,
          -1.4772e-04,  2.0000e+00, -5.6099e-04],
         [-2.2085e-08,  4.1836e-07,  1.0000e+00, -8.3671e-04, -4.4171e-05,
          -6.0164e-05,  2.0000e+00,  7.6529e-04],
         [ 4.0431e-07, -4.7674e-07,  1.0000e+00,  9.5347e-04,  8.0863e-04,
          -6.3381e-04,  2.0000e+00,  1.0000e-03]],

        [[-1.7839e-08,  5.0000e-07,  1.0000e+00, -1.0000e-03, -3.5678e-05,
          -3.7349e-04,  2.0000e+00, -4.2038e-04],
         [-5.0000e-07, -1.0118e-07,  1.0000e+00,  2.0237e-04, -1.0000e-03,
           3.5627e-04,  2.0000e+00, -4.1574e-04],
         [-5.0000e-07,  5.0000e-07,  1.0000e+00, -1.0000e-03, -1.0000e-03,
          -1.0000e-03,  2.0000e+00, -1.0000e-03],
         [ 3.3208e-07,  3.6654e-07,  1.0000e+00, -7.3308e-04,  6.6416e-04,
          -6.3437e-04,  2.0000e+00,  3.4789e-04],
         [-1.8242e-07,  5.0000e-07,  1.0000e+00, -1.0000e-03, -3.6483e-04,
           7.2750e-04,  2.0000e+00,  5.8816e-04],
         [-7.1264e-08,  3.0704e-07,  1.0000e+00, -6.1409e-04, -1.4253e-04,
          -4.5611e-04,  2.0000e+00, -1.0000e-03]],

        [[-1.0885e-07, -1.9310e-07,  1.0000e+00,  3.8619e-04, -2.1770e-04,
           5.9187e-04,  2.0000e+00, -9.3687e-04],
         [-3.9575e-07, -2.4466e-08,  1.0000e+00,  4.8931e-05, -7.9151e-04,
           4.3991e-04,  2.0000e+00,  1.0000e-03],
         [ 4.8284e-07, -1.1026e-07,  1.0000e+00,  2.2052e-04,  9.6567e-04,
           7.6001e-04,  2.0000e+00,  8.2421e-04],
         [-5.0205e-09,  2.2213e-07,  1.0000e+00, -4.4426e-04, -1.0041e-05,
          -8.7056e-04,  2.0000e+00,  4.7088e-04],
         [ 1.7667e-07, -5.0000e-07,  1.0000e+00,  1.0000e-03,  3.5334e-04,
           4.7789e-05,  2.0000e+00,  8.6049e-04],
         [-5.0968e-08,  1.2815e-07,  1.0000e+00, -2.5630e-04, -1.0194e-04,
           1.0000e-03,  2.0000e+00, -4.2156e-04]],

        [[ 6.8598e-08, -2.7367e-07,  1.0000e+00,  5.4735e-04,  1.3720e-04,
          -1.0000e-03,  2.0000e+00,  3.1687e-05],
         [-1.2199e-07,  5.0000e-07,  1.0000e+00, -1.0000e-03, -2.4398e-04,
           6.9291e-05,  2.0000e+00,  1.0000e-03],
         [ 5.0000e-07, -4.7548e-07,  1.0000e+00,  9.5095e-04,  1.0000e-03,
          -1.0000e-03,  2.0000e+00, -5.7383e-04],
         [-5.0000e-07,  4.8151e-08,  1.0000e+00, -9.6302e-05, -1.0000e-03,
           1.4132e-04,  2.0000e+00,  3.0692e-04],
         [-4.4930e-07,  1.2607e-07,  1.0000e+00, -2.5215e-04, -8.9860e-04,
           4.0761e-04,  2.0000e+00,  1.0000e-03],
         [ 1.6603e-07, -5.0000e-07,  1.0000e+00,  1.0000e-03,  3.3206e-04,
           1.0179e-04,  2.0000e+00, -6.5898e-04]],

        [[-3.3809e-07,  5.0000e-07,  1.0000e+00, -1.0000e-03, -6.7618e-04,
           1.0000e-03,  2.0000e+00,  3.6538e-04],
         [ 2.8270e-08,  2.5175e-07,  1.0000e+00, -5.0349e-04,  5.6539e-05,
          -1.0000e-03,  2.0000e+00, -1.1183e-04],
         [-3.3833e-07,  6.8443e-08,  1.0000e+00, -1.3689e-04, -6.7665e-04,
          -3.6840e-04,  2.0000e+00,  3.1099e-06],
         [-5.0000e-07,  6.1711e-09,  1.0000e+00, -1.2342e-05, -1.0000e-03,
           7.6221e-04,  2.0000e+00, -1.0000e-03],
         [ 5.0000e-07,  5.0000e-07,  1.0000e+00, -1.0000e-03,  1.0000e-03,
           1.5931e-04,  2.0000e+00,  5.9613e-04],
         [ 2.4832e-07, -3.4006e-07,  1.0000e+00,  6.8011e-04,  4.9663e-04,
          -1.0000e-03,  2.0000e+00,  1.0000e-03]],

        [[-9.3307e-08,  5.0000e-07,  1.0000e+00, -1.0000e-03, -1.8661e-04,
          -3.0224e-05,  2.0000e+00,  2.8375e-04],
         [ 5.0000e-07, -3.5224e-07,  1.0000e+00,  7.0448e-04,  1.0000e-03,
           3.1493e-04,  2.0000e+00,  5.3360e-04],
         [-3.9769e-07,  1.3622e-07,  1.0000e+00, -2.7244e-04, -7.9537e-04,
           4.0726e-04,  2.0000e+00, -3.0153e-04],
         [-1.0170e-07,  5.0000e-07,  1.0000e+00, -1.0000e-03, -2.0340e-04,
          -5.2487e-05,  2.0000e+00, -1.1579e-04],
         [ 5.0000e-07, -2.6080e-07,  1.0000e+00,  5.2160e-04,  1.0000e-03,
          -2.6635e-05,  2.0000e+00, -8.5232e-04],
         [ 3.3683e-07, -5.0000e-07,  1.0000e+00,  1.0000e-03,  6.7367e-04,
           8.2388e-04,  2.0000e+00,  2.8533e-04]],

        [[ 3.5812e-07, -7.8403e-09,  1.0000e+00,  1.5681e-05,  7.1624e-04,
           1.0000e-03,  2.0000e+00, -4.9572e-05],
         [-3.1590e-07,  5.0000e-07,  1.0000e+00, -1.0000e-03, -6.3179e-04,
           9.3010e-04,  2.0000e+00,  7.8272e-04],
         [-2.3110e-07, -3.2542e-07,  1.0000e+00,  6.5084e-04, -4.6219e-04,
          -1.0000e-03,  2.0000e+00, -3.7713e-04],
         [-5.0000e-07, -1.7866e-09,  1.0000e+00,  3.5730e-06, -1.0000e-03,
           1.0000e-03,  2.0000e+00, -1.0000e-03],
         [ 2.7876e-07, -1.1606e-07,  1.0000e+00,  2.3212e-04,  5.5753e-04,
          -1.0000e-03,  2.0000e+00, -1.0000e-03],
         [ 5.0000e-07, -5.0000e-07,  1.0000e+00,  1.0000e-03,  1.0000e-03,
          -4.6110e-04,  2.0000e+00, -3.7207e-04]],

        [[-5.0000e-07,  5.0000e-07,  1.0000e+00, -1.0000e-03, -1.0000e-03,
          -3.3112e-04,  2.0000e+00,  1.6822e-04],
         [-5.0000e-07, -5.0000e-07,  1.0000e+00,  1.0000e-03, -1.0000e-03,
           4.0334e-04,  2.0000e+00,  1.0000e-03],
         [ 5.0000e-07,  5.0000e-07,  1.0000e+00, -1.0000e-03,  1.0000e-03,
          -1.0000e-03,  2.0000e+00, -1.0000e-03],
         [ 4.6910e-07,  7.1384e-08,  1.0000e+00, -1.4277e-04,  9.3819e-04,
          -1.0000e-03,  2.0000e+00, -8.2484e-05],
         [-5.3459e-08, -4.1230e-07,  1.0000e+00,  8.2461e-04, -1.0692e-04,
          -8.2006e-04,  2.0000e+00, -1.0000e-03],
         [ 3.7870e-08, -5.7674e-08,  1.0000e+00,  1.1535e-04,  7.5739e-05,
          -1.0000e-03,  2.0000e+00, -1.0000e-03]],

        [[ 1.4851e-07, -5.0000e-07,  1.0000e+00,  1.0000e-03,  2.9701e-04,
          -1.0000e-03,  2.0000e+00, -7.1131e-04],
         [ 4.4990e-07, -3.8901e-07,  1.0000e+00,  7.7801e-04,  8.9979e-04,
           1.0000e-03,  2.0000e+00,  8.4821e-04],
         [-7.9280e-08, -5.0000e-07,  1.0000e+00,  1.0000e-03, -1.5856e-04,
           1.0000e-03,  2.0000e+00,  4.5860e-04],
         [-2.5215e-07,  2.7044e-08,  1.0000e+00, -5.4088e-05, -5.0430e-04,
          -2.8952e-04,  2.0000e+00,  9.1909e-04],
         [-5.0000e-07,  5.0000e-07,  1.0000e+00, -1.0000e-03, -1.0000e-03,
          -1.6595e-04,  2.0000e+00, -3.6316e-04],
         [-5.0000e-07, -2.2898e-07,  1.0000e+00,  4.5796e-04, -1.0000e-03,
           1.0000e-03,  2.0000e+00,  2.2196e-04]],

        [[ 5.0000e-07,  4.6822e-08,  1.0000e+00, -9.3643e-05,  1.0000e-03,
           6.0526e-04,  2.0000e+00,  7.3250e-04],
         [ 2.2364e-07, -4.0736e-07,  1.0000e+00,  8.1472e-04,  4.4728e-04,
          -5.0848e-05,  2.0000e+00, -4.2340e-04],
         [ 1.5160e-07,  5.0000e-07,  1.0000e+00, -1.0000e-03,  3.0319e-04,
           1.0000e-03,  2.0000e+00,  9.4791e-04],
         [-5.0000e-07, -5.0000e-07,  1.0000e+00,  1.0000e-03, -1.0000e-03,
           2.0792e-04,  2.0000e+00,  1.0000e-03],
         [-3.3664e-07,  8.9151e-08,  1.0000e+00, -1.7830e-04, -6.7328e-04,
           1.0000e-03,  2.0000e+00, -1.0000e-03],
         [-3.5159e-07, -4.1247e-07,  1.0000e+00,  8.2494e-04, -7.0317e-04,
          -1.1587e-04,  2.0000e+00, -7.1261e-04]]], device='cuda:0')
[15:11:03.821] [DEBUG] input_force_torque=torch.Size([16, 6]) cable.state=tensor([[[ 5.0000e-07, -9.6329e-08,  1.0000e+00,  1.9266e-04,  1.0000e-03,
          -1.7983e-04,  2.0000e+00,  9.1526e-04],
         [ 3.3172e-07,  5.0000e-07,  1.0000e+00, -1.0000e-03,  6.6343e-04,
          -6.0348e-04,  2.0000e+00, -7.8462e-04],
         [-5.0000e-07, -2.4967e-07,  1.0000e+00,  4.9934e-04, -1.0000e-03,
          -1.0000e-03,  2.0000e+00, -3.9414e-04],
         [ 5.1694e-08,  8.4767e-08,  1.0000e+00, -1.6953e-04,  1.0339e-04,
          -1.0000e-03,  2.0000e+00,  1.0000e-03],
         [ 3.2089e-07,  3.7177e-07,  1.0000e+00, -7.4353e-04,  6.4179e-04,
           9.3108e-04,  2.0000e+00, -1.7458e-05],
         [-2.6622e-07, -5.0000e-07,  1.0000e+00,  1.0000e-03, -5.3243e-04,
          -2.7808e-04,  2.0000e+00,  1.0000e-03]],

        [[-5.0000e-07,  1.6370e-07,  1.0000e+00, -3.2740e-04, -1.0000e-03,
           1.0000e-03,  2.0000e+00, -6.2625e-04],
         [-5.0000e-07, -1.1819e-07,  1.0000e+00,  2.3638e-04, -1.0000e-03,
          -1.0000e-03,  2.0000e+00, -1.0000e-03],
         [ 5.0000e-07, -4.0502e-07,  1.0000e+00,  8.1005e-04,  1.0000e-03,
           6.2644e-04,  2.0000e+00,  3.3445e-04],
         [ 2.6325e-07,  5.0000e-07,  1.0000e+00, -1.0000e-03,  5.2650e-04,
           1.0000e-03,  2.0000e+00, -6.1921e-04],
         [ 1.6004e-08, -4.5677e-07,  1.0000e+00,  9.1353e-04,  3.2007e-05,
           2.1891e-04,  2.0000e+00, -1.2489e-04],
         [-3.0245e-07, -2.3662e-07,  1.0000e+00,  4.7324e-04, -6.0490e-04,
          -1.0000e-03,  2.0000e+00,  9.6017e-05]],

        [[-2.6909e-07,  1.6803e-07,  1.0000e+00, -3.3605e-04, -5.3817e-04,
          -8.8541e-04,  2.0000e+00,  4.6003e-04],
         [-9.3618e-08, -1.0830e-07,  1.0000e+00,  2.1660e-04, -1.8724e-04,
           1.0000e-03,  2.0000e+00, -1.0000e-03],
         [-2.8784e-07,  1.8920e-07,  1.0000e+00, -3.7840e-04, -5.7567e-04,
           4.2628e-04,  2.0000e+00, -6.2794e-04],
         [-4.5522e-07, -5.0000e-07,  1.0000e+00,  1.0000e-03, -9.1044e-04,
           2.2308e-04,  2.0000e+00, -3.8167e-04],
         [-5.0000e-07, -5.0000e-07,  1.0000e+00,  1.0000e-03, -1.0000e-03,
           6.8858e-04,  2.0000e+00, -1.0000e-03],
         [ 2.4901e-07,  1.1995e-07,  1.0000e+00, -2.3990e-04,  4.9802e-04,
           7.6204e-05,  2.0000e+00,  2.5925e-04]],

        [[ 5.0000e-07, -1.8016e-07,  1.0000e+00,  3.6032e-04,  1.0000e-03,
           1.5562e-05,  2.0000e+00,  1.0000e-03],
         [ 4.7942e-07,  5.0000e-07,  1.0000e+00, -1.0000e-03,  9.5884e-04,
          -4.1138e-04,  2.0000e+00,  7.9346e-04],
         [-3.1821e-07,  3.0365e-07,  1.0000e+00, -6.0731e-04, -6.3643e-04,
          -7.4389e-04,  2.0000e+00, -5.9789e-04],
         [-2.5701e-07,  2.5841e-07,  1.0000e+00, -5.1681e-04, -5.1402e-04,
           1.4707e-04,  2.0000e+00,  4.8827e-04],
         [-5.0000e-07, -2.3894e-07,  1.0000e+00,  4.7789e-04, -1.0000e-03,
          -1.3762e-04,  2.0000e+00,  2.9249e-04],
         [-3.3112e-07,  5.0000e-07,  1.0000e+00, -1.0000e-03, -6.6224e-04,
           5.0884e-05,  2.0000e+00,  1.9450e-04]],

        [[ 1.0992e-07, -2.9733e-07,  1.0000e+00,  5.9465e-04,  2.1983e-04,
           1.0000e-03,  2.0000e+00, -6.1551e-04],
         [ 8.2412e-09,  5.0000e-07,  1.0000e+00, -1.0000e-03,  1.6483e-05,
           1.0000e-03,  2.0000e+00,  1.0000e-03],
         [-5.0000e-07,  2.6929e-09,  1.0000e+00, -5.3856e-06, -1.0000e-03,
          -7.7144e-04,  2.0000e+00,  2.8480e-04],
         [-6.7745e-08,  3.1220e-07,  1.0000e+00, -6.2441e-04, -1.3549e-04,
          -8.0493e-04,  2.0000e+00, -1.0000e-03],
         [-7.0046e-08, -3.3550e-07,  1.0000e+00,  6.7100e-04, -1.4009e-04,
          -8.2007e-05,  2.0000e+00,  4.6434e-04],
         [ 2.8581e-09,  8.6759e-08,  1.0000e+00, -1.7352e-04,  5.7162e-06,
           6.0136e-04,  2.0000e+00,  2.4720e-04]],

        [[-6.4649e-08, -3.7360e-07,  1.0000e+00,  7.4720e-04, -1.2930e-04,
          -1.0995e-04,  2.0000e+00, -4.3489e-04],
         [-5.0000e-07,  2.2612e-07,  1.0000e+00, -4.5225e-04, -1.0000e-03,
          -1.9780e-04,  2.0000e+00, -6.4552e-04],
         [ 5.0000e-07, -8.4331e-08,  1.0000e+00,  1.6866e-04,  1.0000e-03,
          -4.9168e-05,  2.0000e+00,  1.0000e-03],
         [-5.0000e-07, -5.0000e-07,  1.0000e+00,  1.0000e-03, -1.0000e-03,
          -6.9833e-04,  2.0000e+00,  1.0000e-03],
         [-3.3308e-07, -5.0000e-07,  1.0000e+00,  1.0000e-03, -6.6616e-04,
           1.0000e-03,  2.0000e+00, -2.6392e-04],
         [ 2.0505e-07, -2.8882e-07,  1.0000e+00,  5.7764e-04,  4.1010e-04,
           1.0000e-03,  2.0000e+00, -1.0000e-03]],

        [[ 5.0000e-07,  3.1697e-07,  1.0000e+00, -6.3394e-04,  1.0000e-03,
          -1.0253e-04,  2.0000e+00,  3.0207e-04],
         [-5.0000e-07,  3.3872e-07,  1.0000e+00, -6.7743e-04, -1.0000e-03,
           9.5738e-04,  2.0000e+00,  8.2145e-04],
         [ 5.0000e-07,  3.2868e-07,  1.0000e+00, -6.5735e-04,  1.0000e-03,
           1.0000e-03,  2.0000e+00, -5.1649e-04],
         [-5.0000e-07, -8.1178e-08,  1.0000e+00,  1.6236e-04, -1.0000e-03,
          -1.4772e-04,  2.0000e+00, -5.6099e-04],
         [-2.2085e-08,  4.1836e-07,  1.0000e+00, -8.3671e-04, -4.4171e-05,
          -6.0164e-05,  2.0000e+00,  7.6529e-04],
         [ 4.0431e-07, -4.7674e-07,  1.0000e+00,  9.5347e-04,  8.0863e-04,
          -6.3381e-04,  2.0000e+00,  1.0000e-03]],

        [[-1.7839e-08,  5.0000e-07,  1.0000e+00, -1.0000e-03, -3.5678e-05,
          -3.7349e-04,  2.0000e+00, -4.2038e-04],
         [-5.0000e-07, -1.0118e-07,  1.0000e+00,  2.0237e-04, -1.0000e-03,
           3.5627e-04,  2.0000e+00, -4.1574e-04],
         [-5.0000e-07,  5.0000e-07,  1.0000e+00, -1.0000e-03, -1.0000e-03,
          -1.0000e-03,  2.0000e+00, -1.0000e-03],
         [ 3.3208e-07,  3.6654e-07,  1.0000e+00, -7.3308e-04,  6.6416e-04,
          -6.3437e-04,  2.0000e+00,  3.4789e-04],
         [-1.8242e-07,  5.0000e-07,  1.0000e+00, -1.0000e-03, -3.6483e-04,
           7.2750e-04,  2.0000e+00,  5.8816e-04],
         [-7.1264e-08,  3.0704e-07,  1.0000e+00, -6.1409e-04, -1.4253e-04,
          -4.5611e-04,  2.0000e+00, -1.0000e-03]],

        [[-1.0885e-07, -1.9310e-07,  1.0000e+00,  3.8619e-04, -2.1770e-04,
           5.9187e-04,  2.0000e+00, -9.3687e-04],
         [-3.9575e-07, -2.4466e-08,  1.0000e+00,  4.8931e-05, -7.9151e-04,
           4.3991e-04,  2.0000e+00,  1.0000e-03],
         [ 4.8284e-07, -1.1026e-07,  1.0000e+00,  2.2052e-04,  9.6567e-04,
           7.6001e-04,  2.0000e+00,  8.2421e-04],
         [-5.0205e-09,  2.2213e-07,  1.0000e+00, -4.4426e-04, -1.0041e-05,
          -8.7056e-04,  2.0000e+00,  4.7088e-04],
         [ 1.7667e-07, -5.0000e-07,  1.0000e+00,  1.0000e-03,  3.5334e-04,
           4.7789e-05,  2.0000e+00,  8.6049e-04],
         [-5.0968e-08,  1.2815e-07,  1.0000e+00, -2.5630e-04, -1.0194e-04,
           1.0000e-03,  2.0000e+00, -4.2156e-04]],

        [[ 6.8598e-08, -2.7367e-07,  1.0000e+00,  5.4735e-04,  1.3720e-04,
          -1.0000e-03,  2.0000e+00,  3.1687e-05],
         [-1.2199e-07,  5.0000e-07,  1.0000e+00, -1.0000e-03, -2.4398e-04,
           6.9291e-05,  2.0000e+00,  1.0000e-03],
         [ 5.0000e-07, -4.7548e-07,  1.0000e+00,  9.5095e-04,  1.0000e-03,
          -1.0000e-03,  2.0000e+00, -5.7383e-04],
         [-5.0000e-07,  4.8151e-08,  1.0000e+00, -9.6302e-05, -1.0000e-03,
           1.4132e-04,  2.0000e+00,  3.0692e-04],
         [-4.4930e-07,  1.2607e-07,  1.0000e+00, -2.5215e-04, -8.9860e-04,
           4.0761e-04,  2.0000e+00,  1.0000e-03],
         [ 1.6603e-07, -5.0000e-07,  1.0000e+00,  1.0000e-03,  3.3206e-04,
           1.0179e-04,  2.0000e+00, -6.5898e-04]],

        [[-3.3809e-07,  5.0000e-07,  1.0000e+00, -1.0000e-03, -6.7618e-04,
           1.0000e-03,  2.0000e+00,  3.6538e-04],
         [ 2.8270e-08,  2.5175e-07,  1.0000e+00, -5.0349e-04,  5.6539e-05,
          -1.0000e-03,  2.0000e+00, -1.1183e-04],
         [-3.3833e-07,  6.8443e-08,  1.0000e+00, -1.3689e-04, -6.7665e-04,
          -3.6840e-04,  2.0000e+00,  3.1099e-06],
         [-5.0000e-07,  6.1711e-09,  1.0000e+00, -1.2342e-05, -1.0000e-03,
           7.6221e-04,  2.0000e+00, -1.0000e-03],
         [ 5.0000e-07,  5.0000e-07,  1.0000e+00, -1.0000e-03,  1.0000e-03,
           1.5931e-04,  2.0000e+00,  5.9613e-04],
         [ 2.4832e-07, -3.4006e-07,  1.0000e+00,  6.8011e-04,  4.9663e-04,
          -1.0000e-03,  2.0000e+00,  1.0000e-03]],

        [[-9.3307e-08,  5.0000e-07,  1.0000e+00, -1.0000e-03, -1.8661e-04,
          -3.0224e-05,  2.0000e+00,  2.8375e-04],
         [ 5.0000e-07, -3.5224e-07,  1.0000e+00,  7.0448e-04,  1.0000e-03,
           3.1493e-04,  2.0000e+00,  5.3360e-04],
         [-3.9769e-07,  1.3622e-07,  1.0000e+00, -2.7244e-04, -7.9537e-04,
           4.0726e-04,  2.0000e+00, -3.0153e-04],
         [-1.0170e-07,  5.0000e-07,  1.0000e+00, -1.0000e-03, -2.0340e-04,
          -5.2487e-05,  2.0000e+00, -1.1579e-04],
         [ 5.0000e-07, -2.6080e-07,  1.0000e+00,  5.2160e-04,  1.0000e-03,
          -2.6635e-05,  2.0000e+00, -8.5232e-04],
         [ 3.3683e-07, -5.0000e-07,  1.0000e+00,  1.0000e-03,  6.7367e-04,
           8.2388e-04,  2.0000e+00,  2.8533e-04]],

        [[ 3.5812e-07, -7.8403e-09,  1.0000e+00,  1.5681e-05,  7.1624e-04,
           1.0000e-03,  2.0000e+00, -4.9572e-05],
         [-3.1590e-07,  5.0000e-07,  1.0000e+00, -1.0000e-03, -6.3179e-04,
           9.3010e-04,  2.0000e+00,  7.8272e-04],
         [-2.3110e-07, -3.2542e-07,  1.0000e+00,  6.5084e-04, -4.6219e-04,
          -1.0000e-03,  2.0000e+00, -3.7713e-04],
         [-5.0000e-07, -1.7866e-09,  1.0000e+00,  3.5730e-06, -1.0000e-03,
           1.0000e-03,  2.0000e+00, -1.0000e-03],
         [ 2.7876e-07, -1.1606e-07,  1.0000e+00,  2.3212e-04,  5.5753e-04,
          -1.0000e-03,  2.0000e+00, -1.0000e-03],
         [ 5.0000e-07, -5.0000e-07,  1.0000e+00,  1.0000e-03,  1.0000e-03,
          -4.6110e-04,  2.0000e+00, -3.7207e-04]],

        [[-5.0000e-07,  5.0000e-07,  1.0000e+00, -1.0000e-03, -1.0000e-03,
          -3.3112e-04,  2.0000e+00,  1.6822e-04],
         [-5.0000e-07, -5.0000e-07,  1.0000e+00,  1.0000e-03, -1.0000e-03,
           4.0334e-04,  2.0000e+00,  1.0000e-03],
         [ 5.0000e-07,  5.0000e-07,  1.0000e+00, -1.0000e-03,  1.0000e-03,
          -1.0000e-03,  2.0000e+00, -1.0000e-03],
         [ 4.6910e-07,  7.1384e-08,  1.0000e+00, -1.4277e-04,  9.3819e-04,
          -1.0000e-03,  2.0000e+00, -8.2484e-05],
         [-5.3459e-08, -4.1230e-07,  1.0000e+00,  8.2461e-04, -1.0692e-04,
          -8.2006e-04,  2.0000e+00, -1.0000e-03],
         [ 3.7870e-08, -5.7674e-08,  1.0000e+00,  1.1535e-04,  7.5739e-05,
          -1.0000e-03,  2.0000e+00, -1.0000e-03]],

        [[ 1.4851e-07, -5.0000e-07,  1.0000e+00,  1.0000e-03,  2.9701e-04,
          -1.0000e-03,  2.0000e+00, -7.1131e-04],
         [ 4.4990e-07, -3.8901e-07,  1.0000e+00,  7.7801e-04,  8.9979e-04,
           1.0000e-03,  2.0000e+00,  8.4821e-04],
         [-7.9280e-08, -5.0000e-07,  1.0000e+00,  1.0000e-03, -1.5856e-04,
           1.0000e-03,  2.0000e+00,  4.5860e-04],
         [-2.5215e-07,  2.7044e-08,  1.0000e+00, -5.4088e-05, -5.0430e-04,
          -2.8952e-04,  2.0000e+00,  9.1909e-04],
         [-5.0000e-07,  5.0000e-07,  1.0000e+00, -1.0000e-03, -1.0000e-03,
          -1.6595e-04,  2.0000e+00, -3.6316e-04],
         [-5.0000e-07, -2.2898e-07,  1.0000e+00,  4.5796e-04, -1.0000e-03,
           1.0000e-03,  2.0000e+00,  2.2196e-04]],

        [[ 5.0000e-07,  4.6822e-08,  1.0000e+00, -9.3643e-05,  1.0000e-03,
           6.0526e-04,  2.0000e+00,  7.3250e-04],
         [ 2.2364e-07, -4.0736e-07,  1.0000e+00,  8.1472e-04,  4.4728e-04,
          -5.0848e-05,  2.0000e+00, -4.2340e-04],
         [ 1.5160e-07,  5.0000e-07,  1.0000e+00, -1.0000e-03,  3.0319e-04,
           1.0000e-03,  2.0000e+00,  9.4791e-04],
         [-5.0000e-07, -5.0000e-07,  1.0000e+00,  1.0000e-03, -1.0000e-03,
           2.0792e-04,  2.0000e+00,  1.0000e-03],
         [-3.3664e-07,  8.9151e-08,  1.0000e+00, -1.7830e-04, -6.7328e-04,
           1.0000e-03,  2.0000e+00, -1.0000e-03],
         [-3.5159e-07, -4.1247e-07,  1.0000e+00,  8.2494e-04, -7.0317e-04,
          -1.1587e-04,  2.0000e+00, -7.1261e-04]]], device='cuda:0')
[15:11:03.824] [DEBUG] payload.state.shape=torch.Size([16, 13]) payload.state=tensor([[ 1.4603e-13,  3.6883e-14,  5.0000e-01,  2.9206e-10,  7.3804e-11,
         -5.8100e-03,  1.0000e+00, -9.9341e-15,  8.8229e-34, -1.0219e-15,
         -3.9736e-11,  5.2926e-30, -4.0878e-12],
        [-1.7439e-13, -1.8430e-13,  5.0000e-01, -3.4877e-10, -3.6860e-10,
         -5.8100e-03,  1.0000e+00,  2.5513e-24,  2.4835e-15, -6.8934e-15,
          1.0205e-20,  9.9341e-12, -2.7573e-11],
        [-4.5229e-13, -2.1035e-13,  5.0000e-01, -9.0461e-10, -4.2068e-10,
         -5.8100e-03,  1.0000e+00, -6.2088e-15, -9.9341e-15,  1.9630e-14,
         -2.4835e-11, -3.9736e-11,  7.8520e-11],
        [-1.4233e-13,  3.8100e-13,  5.0000e-01, -2.8467e-10,  7.6200e-10,
         -5.8100e-03,  1.0000e+00, -2.4835e-15, -4.9671e-15, -1.7298e-14,
         -9.9341e-12, -1.9868e-11, -6.9192e-11],
        [-1.7227e-13,  8.9604e-14,  5.0000e-01, -3.4456e-10,  1.7920e-10,
         -5.8100e-03,  1.0000e+00,  1.2418e-15, -3.7253e-15,  4.5405e-15,
          4.9671e-12, -1.4901e-11,  1.8162e-11],
        [-2.3083e-13, -5.0690e-13,  5.0000e-01, -4.6161e-10, -1.0138e-09,
         -5.8100e-03,  1.0000e+00,  4.9671e-15,  1.4901e-14,  5.7571e-15,
          1.9868e-11,  5.9605e-11,  2.3028e-11],
        [ 1.2738e-13,  2.8163e-13,  5.0000e-01,  2.5473e-10,  5.6328e-10,
         -5.8100e-03,  1.0000e+00, -6.2088e-15, -7.4506e-15,  5.9717e-15,
         -2.4835e-11, -2.9802e-11,  2.3887e-11],
        [-3.1312e-13,  6.9082e-13,  5.0000e-01, -6.2621e-10,  1.3817e-09,
         -5.8100e-03,  1.0000e+00, -4.9671e-15,  7.4506e-15,  7.9734e-15,
         -1.9868e-11,  2.9802e-11,  3.1894e-11],
        [ 3.3019e-14, -1.5920e-13,  5.0000e-01,  6.6086e-11, -3.1843e-10,
         -5.8100e-03,  1.0000e+00,  6.2088e-15,  1.2418e-14, -5.1683e-16,
          2.4835e-11,  4.9671e-11, -2.0673e-12],
        [-1.1221e-13, -1.9165e-13,  5.0000e-01, -2.2440e-10, -3.8330e-10,
         -5.8100e-03,  1.0000e+00,  1.2418e-15,  3.7253e-15, -1.4996e-14,
          4.9671e-12,  1.4901e-11, -5.9984e-11],
        [-1.3332e-13,  3.2879e-13,  5.0000e-01, -2.6667e-10,  6.5761e-10,
         -5.8100e-03,  1.0000e+00, -6.2088e-15, -9.9341e-15,  2.2542e-14,
         -2.4835e-11, -3.9736e-11,  9.0169e-11],
        [ 2.4802e-13,  7.7167e-15,  5.0000e-01,  4.9601e-10,  1.5424e-11,
         -5.8100e-03,  1.0000e+00,  2.4835e-15, -7.4506e-15,  5.6726e-15,
          9.9341e-12, -2.9802e-11,  2.2690e-11],
        [ 2.9926e-14, -1.5040e-13,  5.0000e-01,  5.9814e-11, -3.0083e-10,
         -5.8100e-03,  1.0000e+00,  7.4506e-15, -9.9341e-15,  2.8392e-14,
          2.9802e-11, -3.9736e-11,  1.1357e-10],
        [-1.5517e-14,  3.3773e-14,  5.0000e-01, -3.1053e-11,  6.7517e-11,
         -5.8100e-03,  1.0000e+00,  7.4506e-15, -4.9671e-15,  1.9256e-15,
          2.9802e-11, -1.9868e-11,  7.7025e-12],
        [-2.4432e-13, -3.6368e-13,  5.0000e-01, -4.8861e-10, -7.2740e-10,
         -5.8100e-03,  1.0000e+00,  8.6923e-15,  6.2088e-15, -4.2146e-14,
          3.4769e-11,  2.4835e-11, -1.6859e-10],
        [-1.0432e-13, -2.2798e-13,  5.0000e-01, -2.0863e-10, -4.5600e-10,
         -5.8100e-03,  1.0000e+00,  8.6923e-15,  2.4835e-15, -2.2472e-14,
          3.4769e-11,  9.9341e-12, -8.9887e-11]], device='cuda:0')
[15:11:03.829] [DEBUG] drone_pos.shape=torch.Size([16, 6, 3]) drone_pos=tensor([[[ 2.5000e-01, -9.6329e-08,  1.5000e+00],
         [ 1.2500e-01,  2.1651e-01,  1.5000e+00],
         [-1.2500e-01,  2.1651e-01,  1.5000e+00],
         [-2.5000e-01,  8.4767e-08,  1.5000e+00],
         [-1.2500e-01, -2.1651e-01,  1.5000e+00],
         [ 1.2500e-01, -2.1651e-01,  1.5000e+00]],

        [[ 2.5000e-01,  1.6370e-07,  1.5000e+00],
         [ 1.2500e-01,  2.1651e-01,  1.5000e+00],
         [-1.2500e-01,  2.1651e-01,  1.5000e+00],
         [-2.5000e-01,  5.0000e-07,  1.5000e+00],
         [-1.2500e-01, -2.1651e-01,  1.5000e+00],
         [ 1.2500e-01, -2.1651e-01,  1.5000e+00]],

        [[ 2.5000e-01,  1.6803e-07,  1.5000e+00],
         [ 1.2500e-01,  2.1651e-01,  1.5000e+00],
         [-1.2500e-01,  2.1651e-01,  1.5000e+00],
         [-2.5000e-01, -5.0000e-07,  1.5000e+00],
         [-1.2500e-01, -2.1651e-01,  1.5000e+00],
         [ 1.2500e-01, -2.1651e-01,  1.5000e+00]],

        [[ 2.5000e-01, -1.8016e-07,  1.5000e+00],
         [ 1.2500e-01,  2.1651e-01,  1.5000e+00],
         [-1.2500e-01,  2.1651e-01,  1.5000e+00],
         [-2.5000e-01,  2.5841e-07,  1.5000e+00],
         [-1.2500e-01, -2.1651e-01,  1.5000e+00],
         [ 1.2500e-01, -2.1651e-01,  1.5000e+00]],

        [[ 2.5000e-01, -2.9733e-07,  1.5000e+00],
         [ 1.2500e-01,  2.1651e-01,  1.5000e+00],
         [-1.2500e-01,  2.1651e-01,  1.5000e+00],
         [-2.5000e-01,  3.1220e-07,  1.5000e+00],
         [-1.2500e-01, -2.1651e-01,  1.5000e+00],
         [ 1.2500e-01, -2.1651e-01,  1.5000e+00]],

        [[ 2.5000e-01, -3.7360e-07,  1.5000e+00],
         [ 1.2500e-01,  2.1651e-01,  1.5000e+00],
         [-1.2500e-01,  2.1651e-01,  1.5000e+00],
         [-2.5000e-01, -5.0000e-07,  1.5000e+00],
         [-1.2500e-01, -2.1651e-01,  1.5000e+00],
         [ 1.2500e-01, -2.1651e-01,  1.5000e+00]],

        [[ 2.5000e-01,  3.1697e-07,  1.5000e+00],
         [ 1.2500e-01,  2.1651e-01,  1.5000e+00],
         [-1.2500e-01,  2.1651e-01,  1.5000e+00],
         [-2.5000e-01, -8.1178e-08,  1.5000e+00],
         [-1.2500e-01, -2.1651e-01,  1.5000e+00],
         [ 1.2500e-01, -2.1651e-01,  1.5000e+00]],

        [[ 2.5000e-01,  5.0000e-07,  1.5000e+00],
         [ 1.2500e-01,  2.1651e-01,  1.5000e+00],
         [-1.2500e-01,  2.1651e-01,  1.5000e+00],
         [-2.5000e-01,  3.6654e-07,  1.5000e+00],
         [-1.2500e-01, -2.1651e-01,  1.5000e+00],
         [ 1.2500e-01, -2.1651e-01,  1.5000e+00]],

        [[ 2.5000e-01, -1.9310e-07,  1.5000e+00],
         [ 1.2500e-01,  2.1651e-01,  1.5000e+00],
         [-1.2500e-01,  2.1651e-01,  1.5000e+00],
         [-2.5000e-01,  2.2213e-07,  1.5000e+00],
         [-1.2500e-01, -2.1651e-01,  1.5000e+00],
         [ 1.2500e-01, -2.1651e-01,  1.5000e+00]],

        [[ 2.5000e-01, -2.7367e-07,  1.5000e+00],
         [ 1.2500e-01,  2.1651e-01,  1.5000e+00],
         [-1.2500e-01,  2.1651e-01,  1.5000e+00],
         [-2.5000e-01,  4.8151e-08,  1.5000e+00],
         [-1.2500e-01, -2.1651e-01,  1.5000e+00],
         [ 1.2500e-01, -2.1651e-01,  1.5000e+00]],

        [[ 2.5000e-01,  5.0000e-07,  1.5000e+00],
         [ 1.2500e-01,  2.1651e-01,  1.5000e+00],
         [-1.2500e-01,  2.1651e-01,  1.5000e+00],
         [-2.5000e-01,  6.1715e-09,  1.5000e+00],
         [-1.2500e-01, -2.1651e-01,  1.5000e+00],
         [ 1.2500e-01, -2.1651e-01,  1.5000e+00]],

        [[ 2.5000e-01,  5.0000e-07,  1.5000e+00],
         [ 1.2500e-01,  2.1651e-01,  1.5000e+00],
         [-1.2500e-01,  2.1651e-01,  1.5000e+00],
         [-2.5000e-01,  5.0000e-07,  1.5000e+00],
         [-1.2500e-01, -2.1651e-01,  1.5000e+00],
         [ 1.2500e-01, -2.1651e-01,  1.5000e+00]],

        [[ 2.5000e-01, -7.8405e-09,  1.5000e+00],
         [ 1.2500e-01,  2.1651e-01,  1.5000e+00],
         [-1.2500e-01,  2.1651e-01,  1.5000e+00],
         [-2.5000e-01, -1.7868e-09,  1.5000e+00],
         [-1.2500e-01, -2.1651e-01,  1.5000e+00],
         [ 1.2500e-01, -2.1651e-01,  1.5000e+00]],

        [[ 2.5000e-01,  5.0000e-07,  1.5000e+00],
         [ 1.2500e-01,  2.1651e-01,  1.5000e+00],
         [-1.2500e-01,  2.1651e-01,  1.5000e+00],
         [-2.5000e-01,  7.1384e-08,  1.5000e+00],
         [-1.2500e-01, -2.1651e-01,  1.5000e+00],
         [ 1.2500e-01, -2.1651e-01,  1.5000e+00]],

        [[ 2.5000e-01, -5.0000e-07,  1.5000e+00],
         [ 1.2500e-01,  2.1651e-01,  1.5000e+00],
         [-1.2500e-01,  2.1651e-01,  1.5000e+00],
         [-2.5000e-01,  2.7044e-08,  1.5000e+00],
         [-1.2500e-01, -2.1651e-01,  1.5000e+00],
         [ 1.2500e-01, -2.1651e-01,  1.5000e+00]],

        [[ 2.5000e-01,  4.6821e-08,  1.5000e+00],
         [ 1.2500e-01,  2.1651e-01,  1.5000e+00],
         [-1.2500e-01,  2.1651e-01,  1.5000e+00],
         [-2.5000e-01, -5.0000e-07,  1.5000e+00],
         [-1.2500e-01, -2.1651e-01,  1.5000e+00],
         [ 1.2500e-01, -2.1651e-01,  1.5000e+00]]], device='cuda:0')
[15:11:03.830] [DEBUG] reward=tensor([-0.0006, -0.0006, -0.0006, -0.0006, -0.0006, -0.0006, -0.0006, -0.0006,
        -0.0006, -0.0006, -0.0006, -0.0006, -0.0006, -0.0006, -0.0006, -0.0006],
       device='cuda:0') done=tensor([False, False, False, False, False, False, False, False, False, False,
        False, False, False, False, False, False], device='cuda:0')
[15:11:03.830] [DEBUG] obs.shape=torch.Size([16, 39])
