Environment Step Log - Started at 2025-09-27 17:47:05
================================================================================
Number of environments: 16
Number of cables: 6
Device: cuda
================================================================================

[17:47:06.429] [DEBUG] step_counter=0 action.shape=torch.Size([16, 6, 4]) action=tensor([[[ 0.1927,  1.0000, -0.1798,  0.9153],
         [-1.0000,  0.6634, -0.6035, -0.7846],
         [ 0.4993, -1.0000, -1.0000, -0.3941],
         [-0.1695,  0.1034, -1.0000,  1.0000],
         [-0.7435,  0.6418,  0.9311, -0.0175],
         [ 1.0000, -0.5324, -0.2781,  1.0000]],

        [[-0.3274, -1.0000,  1.0000, -0.6263],
         [ 0.2364, -1.0000, -1.0000, -1.0000],
         [ 0.8100,  1.0000,  0.6264,  0.3344],
         [-1.0000,  0.5265,  1.0000, -0.6192],
         [ 0.9135,  0.0320,  0.2189, -0.1249],
         [ 0.4732, -0.6049, -1.0000,  0.0960]],

        [[-0.3361, -0.5382, -0.8854,  0.4600],
         [ 0.2166, -0.1872,  1.0000, -1.0000],
         [-0.3784, -0.5757,  0.4263, -0.6279],
         [ 1.0000, -0.9104,  0.2231, -0.3817],
         [ 1.0000, -1.0000,  0.6886, -1.0000],
         [-0.2399,  0.4980,  0.0762,  0.2592]],

        [[ 0.3603,  1.0000,  0.0156,  1.0000],
         [-1.0000,  0.9588, -0.4114,  0.7935],
         [-0.6073, -0.6364, -0.7439, -0.5979],
         [-0.5168, -0.5140,  0.1471,  0.4883],
         [ 0.4779, -1.0000, -0.1376,  0.2925],
         [-1.0000, -0.6622,  0.0509,  0.1945]],

        [[ 0.5947,  0.2198,  1.0000, -0.6155],
         [-1.0000,  0.0165,  1.0000,  1.0000],
         [-0.0054, -1.0000, -0.7714,  0.2848],
         [-0.6244, -0.1355, -0.8049, -1.0000],
         [ 0.6710, -0.1401, -0.0820,  0.4643],
         [-0.1735,  0.0057,  0.6014,  0.2472]],

        [[ 0.7472, -0.1293, -0.1099, -0.4349],
         [-0.4522, -1.0000, -0.1978, -0.6455],
         [ 0.1687,  1.0000, -0.0492,  1.0000],
         [ 1.0000, -1.0000, -0.6983,  1.0000],
         [ 1.0000, -0.6662,  1.0000, -0.2639],
         [ 0.5776,  0.4101,  1.0000, -1.0000]],

        [[-0.6339,  1.0000, -0.1025,  0.3021],
         [-0.6774, -1.0000,  0.9574,  0.8215],
         [-0.6574,  1.0000,  1.0000, -0.5165],
         [ 0.1624, -1.0000, -0.1477, -0.5610],
         [-0.8367, -0.0442, -0.0602,  0.7653],
         [ 0.9535,  0.8086, -0.6338,  1.0000]],

        [[-1.0000, -0.0357, -0.3735, -0.4204],
         [ 0.2024, -1.0000,  0.3563, -0.4157],
         [-1.0000, -1.0000, -1.0000, -1.0000],
         [-0.7331,  0.6642, -0.6344,  0.3479],
         [-1.0000, -0.3648,  0.7275,  0.5882],
         [-0.6141, -0.1425, -0.4561, -1.0000]],

        [[ 0.3862, -0.2177,  0.5919, -0.9369],
         [ 0.0489, -0.7915,  0.4399,  1.0000],
         [ 0.2205,  0.9657,  0.7600,  0.8242],
         [-0.4443, -0.0100, -0.8706,  0.4709],
         [ 1.0000,  0.3533,  0.0478,  0.8605],
         [-0.2563, -0.1019,  1.0000, -0.4216]],

        [[ 0.5473,  0.1372, -1.0000,  0.0317],
         [-1.0000, -0.2440,  0.0693,  1.0000],
         [ 0.9510,  1.0000, -1.0000, -0.5738],
         [-0.0963, -1.0000,  0.1413,  0.3069],
         [-0.2521, -0.8986,  0.4076,  1.0000],
         [ 1.0000,  0.3321,  0.1018, -0.6590]],

        [[-1.0000, -0.6762,  1.0000,  0.3654],
         [-0.5035,  0.0565, -1.0000, -0.1118],
         [-0.1369, -0.6767, -0.3684,  0.0031],
         [-0.0123, -1.0000,  0.7622, -1.0000],
         [-1.0000,  1.0000,  0.1593,  0.5961],
         [ 0.6801,  0.4966, -1.0000,  1.0000]],

        [[-1.0000, -0.1866, -0.0302,  0.2838],
         [ 0.7045,  1.0000,  0.3149,  0.5336],
         [-0.2724, -0.7954,  0.4073, -0.3015],
         [-1.0000, -0.2034, -0.0525, -0.1158],
         [ 0.5216,  1.0000, -0.0266, -0.8523],
         [ 1.0000,  0.6737,  0.8239,  0.2853]],

        [[ 0.0157,  0.7162,  1.0000, -0.0496],
         [-1.0000, -0.6318,  0.9301,  0.7827],
         [ 0.6508, -0.4622, -1.0000, -0.3771],
         [ 0.0036, -1.0000,  1.0000, -1.0000],
         [ 0.2321,  0.5575, -1.0000, -1.0000],
         [ 1.0000,  1.0000, -0.4611, -0.3721]],

        [[-1.0000, -1.0000, -0.3311,  0.1682],
         [ 1.0000, -1.0000,  0.4033,  1.0000],
         [-1.0000,  1.0000, -1.0000, -1.0000],
         [-0.1428,  0.9382, -1.0000, -0.0825],
         [ 0.8246, -0.1069, -0.8201, -1.0000],
         [ 0.1153,  0.0757, -1.0000, -1.0000]],

        [[ 1.0000,  0.2970, -1.0000, -0.7113],
         [ 0.7780,  0.8998,  1.0000,  0.8482],
         [ 1.0000, -0.1586,  1.0000,  0.4586],
         [-0.0541, -0.5043, -0.2895,  0.9191],
         [-1.0000, -1.0000, -0.1659, -0.3632],
         [ 0.4580, -1.0000,  1.0000,  0.2220]],

        [[-0.0936,  1.0000,  0.6053,  0.7325],
         [ 0.8147,  0.4473, -0.0508, -0.4234],
         [-1.0000,  0.3032,  1.0000,  0.9479],
         [ 1.0000, -1.0000,  0.2079,  1.0000],
         [-0.1783, -0.6733,  1.0000, -1.0000],
         [ 0.8249, -0.7032, -0.1159, -0.7126]]], device='cuda:0')
[17:47:06.447] [DEBUG] cable.state.shape=torch.Size([16, 6, 8]) cable.state=tensor([[[ 5.0000e-07, -9.6329e-08,  1.0000e+00,  1.9266e-04,  1.0000e-03,
          -1.7983e-04,  2.0000e+00,  9.1526e-04],
         [ 3.3172e-07,  5.0000e-07,  1.0000e+00, -1.0000e-03,  6.6343e-04,
          -6.0348e-04,  2.0000e+00, -7.8462e-04],
         [-5.0000e-07, -2.4967e-07,  1.0000e+00,  4.9934e-04, -1.0000e-03,
          -1.0000e-03,  2.0000e+00, -3.9414e-04],
         [ 5.1694e-08,  8.4767e-08,  1.0000e+00, -1.6953e-04,  1.0339e-04,
          -1.0000e-03,  2.0000e+00,  1.0000e-03],
         [ 3.2089e-07,  3.7177e-07,  1.0000e+00, -7.4353e-04,  6.4179e-04,
           9.3108e-04,  2.0000e+00, -1.7458e-05],
         [-2.6622e-07, -5.0000e-07,  1.0000e+00,  1.0000e-03, -5.3243e-04,
          -2.7808e-04,  2.0000e+00,  1.0000e-03]],

        [[-5.0000e-07,  1.6370e-07,  1.0000e+00, -3.2740e-04, -1.0000e-03,
           1.0000e-03,  2.0000e+00, -6.2625e-04],
         [-5.0000e-07, -1.1819e-07,  1.0000e+00,  2.3638e-04, -1.0000e-03,
          -1.0000e-03,  2.0000e+00, -1.0000e-03],
         [ 5.0000e-07, -4.0502e-07,  1.0000e+00,  8.1005e-04,  1.0000e-03,
           6.2644e-04,  2.0000e+00,  3.3445e-04],
         [ 2.6325e-07,  5.0000e-07,  1.0000e+00, -1.0000e-03,  5.2650e-04,
           1.0000e-03,  2.0000e+00, -6.1921e-04],
         [ 1.6004e-08, -4.5677e-07,  1.0000e+00,  9.1353e-04,  3.2007e-05,
           2.1891e-04,  2.0000e+00, -1.2489e-04],
         [-3.0245e-07, -2.3662e-07,  1.0000e+00,  4.7324e-04, -6.0490e-04,
          -1.0000e-03,  2.0000e+00,  9.6017e-05]],

        [[-2.6909e-07,  1.6803e-07,  1.0000e+00, -3.3605e-04, -5.3817e-04,
          -8.8541e-04,  2.0000e+00,  4.6003e-04],
         [-9.3618e-08, -1.0830e-07,  1.0000e+00,  2.1660e-04, -1.8724e-04,
           1.0000e-03,  2.0000e+00, -1.0000e-03],
         [-2.8784e-07,  1.8920e-07,  1.0000e+00, -3.7840e-04, -5.7567e-04,
           4.2628e-04,  2.0000e+00, -6.2794e-04],
         [-4.5522e-07, -5.0000e-07,  1.0000e+00,  1.0000e-03, -9.1044e-04,
           2.2308e-04,  2.0000e+00, -3.8167e-04],
         [-5.0000e-07, -5.0000e-07,  1.0000e+00,  1.0000e-03, -1.0000e-03,
           6.8858e-04,  2.0000e+00, -1.0000e-03],
         [ 2.4901e-07,  1.1995e-07,  1.0000e+00, -2.3990e-04,  4.9802e-04,
           7.6204e-05,  2.0000e+00,  2.5925e-04]],

        [[ 5.0000e-07, -1.8016e-07,  1.0000e+00,  3.6032e-04,  1.0000e-03,
           1.5562e-05,  2.0000e+00,  1.0000e-03],
         [ 4.7942e-07,  5.0000e-07,  1.0000e+00, -1.0000e-03,  9.5884e-04,
          -4.1138e-04,  2.0000e+00,  7.9346e-04],
         [-3.1821e-07,  3.0365e-07,  1.0000e+00, -6.0731e-04, -6.3643e-04,
          -7.4389e-04,  2.0000e+00, -5.9789e-04],
         [-2.5701e-07,  2.5841e-07,  1.0000e+00, -5.1681e-04, -5.1402e-04,
           1.4707e-04,  2.0000e+00,  4.8827e-04],
         [-5.0000e-07, -2.3894e-07,  1.0000e+00,  4.7789e-04, -1.0000e-03,
          -1.3762e-04,  2.0000e+00,  2.9249e-04],
         [-3.3112e-07,  5.0000e-07,  1.0000e+00, -1.0000e-03, -6.6224e-04,
           5.0884e-05,  2.0000e+00,  1.9450e-04]],

        [[ 1.0992e-07, -2.9733e-07,  1.0000e+00,  5.9465e-04,  2.1983e-04,
           1.0000e-03,  2.0000e+00, -6.1551e-04],
         [ 8.2412e-09,  5.0000e-07,  1.0000e+00, -1.0000e-03,  1.6483e-05,
           1.0000e-03,  2.0000e+00,  1.0000e-03],
         [-5.0000e-07,  2.6929e-09,  1.0000e+00, -5.3856e-06, -1.0000e-03,
          -7.7144e-04,  2.0000e+00,  2.8480e-04],
         [-6.7745e-08,  3.1220e-07,  1.0000e+00, -6.2441e-04, -1.3549e-04,
          -8.0493e-04,  2.0000e+00, -1.0000e-03],
         [-7.0046e-08, -3.3550e-07,  1.0000e+00,  6.7100e-04, -1.4009e-04,
          -8.2007e-05,  2.0000e+00,  4.6434e-04],
         [ 2.8581e-09,  8.6759e-08,  1.0000e+00, -1.7352e-04,  5.7162e-06,
           6.0136e-04,  2.0000e+00,  2.4720e-04]],

        [[-6.4649e-08, -3.7360e-07,  1.0000e+00,  7.4720e-04, -1.2930e-04,
          -1.0995e-04,  2.0000e+00, -4.3489e-04],
         [-5.0000e-07,  2.2612e-07,  1.0000e+00, -4.5225e-04, -1.0000e-03,
          -1.9780e-04,  2.0000e+00, -6.4552e-04],
         [ 5.0000e-07, -8.4331e-08,  1.0000e+00,  1.6866e-04,  1.0000e-03,
          -4.9168e-05,  2.0000e+00,  1.0000e-03],
         [-5.0000e-07, -5.0000e-07,  1.0000e+00,  1.0000e-03, -1.0000e-03,
          -6.9833e-04,  2.0000e+00,  1.0000e-03],
         [-3.3308e-07, -5.0000e-07,  1.0000e+00,  1.0000e-03, -6.6616e-04,
           1.0000e-03,  2.0000e+00, -2.6392e-04],
         [ 2.0505e-07, -2.8882e-07,  1.0000e+00,  5.7764e-04,  4.1010e-04,
           1.0000e-03,  2.0000e+00, -1.0000e-03]],

        [[ 5.0000e-07,  3.1697e-07,  1.0000e+00, -6.3394e-04,  1.0000e-03,
          -1.0253e-04,  2.0000e+00,  3.0207e-04],
         [-5.0000e-07,  3.3872e-07,  1.0000e+00, -6.7743e-04, -1.0000e-03,
           9.5738e-04,  2.0000e+00,  8.2145e-04],
         [ 5.0000e-07,  3.2868e-07,  1.0000e+00, -6.5735e-04,  1.0000e-03,
           1.0000e-03,  2.0000e+00, -5.1649e-04],
         [-5.0000e-07, -8.1178e-08,  1.0000e+00,  1.6236e-04, -1.0000e-03,
          -1.4772e-04,  2.0000e+00, -5.6099e-04],
         [-2.2085e-08,  4.1836e-07,  1.0000e+00, -8.3671e-04, -4.4171e-05,
          -6.0164e-05,  2.0000e+00,  7.6529e-04],
         [ 4.0431e-07, -4.7674e-07,  1.0000e+00,  9.5347e-04,  8.0863e-04,
          -6.3381e-04,  2.0000e+00,  1.0000e-03]],

        [[-1.7839e-08,  5.0000e-07,  1.0000e+00, -1.0000e-03, -3.5678e-05,
          -3.7349e-04,  2.0000e+00, -4.2038e-04],
         [-5.0000e-07, -1.0118e-07,  1.0000e+00,  2.0237e-04, -1.0000e-03,
           3.5627e-04,  2.0000e+00, -4.1574e-04],
         [-5.0000e-07,  5.0000e-07,  1.0000e+00, -1.0000e-03, -1.0000e-03,
          -1.0000e-03,  2.0000e+00, -1.0000e-03],
         [ 3.3208e-07,  3.6654e-07,  1.0000e+00, -7.3308e-04,  6.6416e-04,
          -6.3437e-04,  2.0000e+00,  3.4789e-04],
         [-1.8242e-07,  5.0000e-07,  1.0000e+00, -1.0000e-03, -3.6483e-04,
           7.2750e-04,  2.0000e+00,  5.8816e-04],
         [-7.1264e-08,  3.0704e-07,  1.0000e+00, -6.1409e-04, -1.4253e-04,
          -4.5611e-04,  2.0000e+00, -1.0000e-03]],

        [[-1.0885e-07, -1.9310e-07,  1.0000e+00,  3.8619e-04, -2.1770e-04,
           5.9187e-04,  2.0000e+00, -9.3687e-04],
         [-3.9575e-07, -2.4466e-08,  1.0000e+00,  4.8931e-05, -7.9151e-04,
           4.3991e-04,  2.0000e+00,  1.0000e-03],
         [ 4.8284e-07, -1.1026e-07,  1.0000e+00,  2.2052e-04,  9.6567e-04,
           7.6001e-04,  2.0000e+00,  8.2421e-04],
         [-5.0205e-09,  2.2213e-07,  1.0000e+00, -4.4426e-04, -1.0041e-05,
          -8.7056e-04,  2.0000e+00,  4.7088e-04],
         [ 1.7667e-07, -5.0000e-07,  1.0000e+00,  1.0000e-03,  3.5334e-04,
           4.7789e-05,  2.0000e+00,  8.6049e-04],
         [-5.0968e-08,  1.2815e-07,  1.0000e+00, -2.5630e-04, -1.0194e-04,
           1.0000e-03,  2.0000e+00, -4.2156e-04]],

        [[ 6.8598e-08, -2.7367e-07,  1.0000e+00,  5.4735e-04,  1.3720e-04,
          -1.0000e-03,  2.0000e+00,  3.1687e-05],
         [-1.2199e-07,  5.0000e-07,  1.0000e+00, -1.0000e-03, -2.4398e-04,
           6.9291e-05,  2.0000e+00,  1.0000e-03],
         [ 5.0000e-07, -4.7548e-07,  1.0000e+00,  9.5095e-04,  1.0000e-03,
          -1.0000e-03,  2.0000e+00, -5.7383e-04],
         [-5.0000e-07,  4.8151e-08,  1.0000e+00, -9.6302e-05, -1.0000e-03,
           1.4132e-04,  2.0000e+00,  3.0692e-04],
         [-4.4930e-07,  1.2607e-07,  1.0000e+00, -2.5215e-04, -8.9860e-04,
           4.0761e-04,  2.0000e+00,  1.0000e-03],
         [ 1.6603e-07, -5.0000e-07,  1.0000e+00,  1.0000e-03,  3.3206e-04,
           1.0179e-04,  2.0000e+00, -6.5898e-04]],

        [[-3.3809e-07,  5.0000e-07,  1.0000e+00, -1.0000e-03, -6.7618e-04,
           1.0000e-03,  2.0000e+00,  3.6538e-04],
         [ 2.8270e-08,  2.5175e-07,  1.0000e+00, -5.0349e-04,  5.6539e-05,
          -1.0000e-03,  2.0000e+00, -1.1183e-04],
         [-3.3833e-07,  6.8443e-08,  1.0000e+00, -1.3689e-04, -6.7665e-04,
          -3.6840e-04,  2.0000e+00,  3.1099e-06],
         [-5.0000e-07,  6.1711e-09,  1.0000e+00, -1.2342e-05, -1.0000e-03,
           7.6221e-04,  2.0000e+00, -1.0000e-03],
         [ 5.0000e-07,  5.0000e-07,  1.0000e+00, -1.0000e-03,  1.0000e-03,
           1.5931e-04,  2.0000e+00,  5.9613e-04],
         [ 2.4832e-07, -3.4006e-07,  1.0000e+00,  6.8011e-04,  4.9663e-04,
          -1.0000e-03,  2.0000e+00,  1.0000e-03]],

        [[-9.3307e-08,  5.0000e-07,  1.0000e+00, -1.0000e-03, -1.8661e-04,
          -3.0224e-05,  2.0000e+00,  2.8375e-04],
         [ 5.0000e-07, -3.5224e-07,  1.0000e+00,  7.0448e-04,  1.0000e-03,
           3.1493e-04,  2.0000e+00,  5.3360e-04],
         [-3.9769e-07,  1.3622e-07,  1.0000e+00, -2.7244e-04, -7.9537e-04,
           4.0726e-04,  2.0000e+00, -3.0153e-04],
         [-1.0170e-07,  5.0000e-07,  1.0000e+00, -1.0000e-03, -2.0340e-04,
          -5.2487e-05,  2.0000e+00, -1.1579e-04],
         [ 5.0000e-07, -2.6080e-07,  1.0000e+00,  5.2160e-04,  1.0000e-03,
          -2.6635e-05,  2.0000e+00, -8.5232e-04],
         [ 3.3683e-07, -5.0000e-07,  1.0000e+00,  1.0000e-03,  6.7367e-04,
           8.2388e-04,  2.0000e+00,  2.8533e-04]],

        [[ 3.5812e-07, -7.8403e-09,  1.0000e+00,  1.5681e-05,  7.1624e-04,
           1.0000e-03,  2.0000e+00, -4.9572e-05],
         [-3.1590e-07,  5.0000e-07,  1.0000e+00, -1.0000e-03, -6.3179e-04,
           9.3010e-04,  2.0000e+00,  7.8272e-04],
         [-2.3110e-07, -3.2542e-07,  1.0000e+00,  6.5084e-04, -4.6219e-04,
          -1.0000e-03,  2.0000e+00, -3.7713e-04],
         [-5.0000e-07, -1.7866e-09,  1.0000e+00,  3.5730e-06, -1.0000e-03,
           1.0000e-03,  2.0000e+00, -1.0000e-03],
         [ 2.7876e-07, -1.1606e-07,  1.0000e+00,  2.3212e-04,  5.5753e-04,
          -1.0000e-03,  2.0000e+00, -1.0000e-03],
         [ 5.0000e-07, -5.0000e-07,  1.0000e+00,  1.0000e-03,  1.0000e-03,
          -4.6110e-04,  2.0000e+00, -3.7207e-04]],

        [[-5.0000e-07,  5.0000e-07,  1.0000e+00, -1.0000e-03, -1.0000e-03,
          -3.3112e-04,  2.0000e+00,  1.6822e-04],
         [-5.0000e-07, -5.0000e-07,  1.0000e+00,  1.0000e-03, -1.0000e-03,
           4.0334e-04,  2.0000e+00,  1.0000e-03],
         [ 5.0000e-07,  5.0000e-07,  1.0000e+00, -1.0000e-03,  1.0000e-03,
          -1.0000e-03,  2.0000e+00, -1.0000e-03],
         [ 4.6910e-07,  7.1384e-08,  1.0000e+00, -1.4277e-04,  9.3819e-04,
          -1.0000e-03,  2.0000e+00, -8.2484e-05],
         [-5.3459e-08, -4.1230e-07,  1.0000e+00,  8.2461e-04, -1.0692e-04,
          -8.2006e-04,  2.0000e+00, -1.0000e-03],
         [ 3.7870e-08, -5.7674e-08,  1.0000e+00,  1.1535e-04,  7.5739e-05,
          -1.0000e-03,  2.0000e+00, -1.0000e-03]],

        [[ 1.4851e-07, -5.0000e-07,  1.0000e+00,  1.0000e-03,  2.9701e-04,
          -1.0000e-03,  2.0000e+00, -7.1131e-04],
         [ 4.4990e-07, -3.8901e-07,  1.0000e+00,  7.7801e-04,  8.9979e-04,
           1.0000e-03,  2.0000e+00,  8.4821e-04],
         [-7.9280e-08, -5.0000e-07,  1.0000e+00,  1.0000e-03, -1.5856e-04,
           1.0000e-03,  2.0000e+00,  4.5860e-04],
         [-2.5215e-07,  2.7044e-08,  1.0000e+00, -5.4088e-05, -5.0430e-04,
          -2.8952e-04,  2.0000e+00,  9.1909e-04],
         [-5.0000e-07,  5.0000e-07,  1.0000e+00, -1.0000e-03, -1.0000e-03,
          -1.6595e-04,  2.0000e+00, -3.6316e-04],
         [-5.0000e-07, -2.2898e-07,  1.0000e+00,  4.5796e-04, -1.0000e-03,
           1.0000e-03,  2.0000e+00,  2.2196e-04]],

        [[ 5.0000e-07,  4.6822e-08,  1.0000e+00, -9.3643e-05,  1.0000e-03,
           6.0526e-04,  2.0000e+00,  7.3250e-04],
         [ 2.2364e-07, -4.0736e-07,  1.0000e+00,  8.1472e-04,  4.4728e-04,
          -5.0848e-05,  2.0000e+00, -4.2340e-04],
         [ 1.5160e-07,  5.0000e-07,  1.0000e+00, -1.0000e-03,  3.0319e-04,
           1.0000e-03,  2.0000e+00,  9.4791e-04],
         [-5.0000e-07, -5.0000e-07,  1.0000e+00,  1.0000e-03, -1.0000e-03,
           2.0792e-04,  2.0000e+00,  1.0000e-03],
         [-3.3664e-07,  8.9151e-08,  1.0000e+00, -1.7830e-04, -6.7328e-04,
           1.0000e-03,  2.0000e+00, -1.0000e-03],
         [-3.5159e-07, -4.1247e-07,  1.0000e+00,  8.2494e-04, -7.0317e-04,
          -1.1587e-04,  2.0000e+00, -7.1261e-04]]], device='cuda:0')
[17:47:06.462] [DEBUG] input_force_torque=torch.Size([16, 6]) cable.state=tensor([[[ 5.0000e-07, -9.6329e-08,  1.0000e+00,  1.9266e-04,  1.0000e-03,
          -1.7983e-04,  2.0000e+00,  9.1526e-04],
         [ 3.3172e-07,  5.0000e-07,  1.0000e+00, -1.0000e-03,  6.6343e-04,
          -6.0348e-04,  2.0000e+00, -7.8462e-04],
         [-5.0000e-07, -2.4967e-07,  1.0000e+00,  4.9934e-04, -1.0000e-03,
          -1.0000e-03,  2.0000e+00, -3.9414e-04],
         [ 5.1694e-08,  8.4767e-08,  1.0000e+00, -1.6953e-04,  1.0339e-04,
          -1.0000e-03,  2.0000e+00,  1.0000e-03],
         [ 3.2089e-07,  3.7177e-07,  1.0000e+00, -7.4353e-04,  6.4179e-04,
           9.3108e-04,  2.0000e+00, -1.7458e-05],
         [-2.6622e-07, -5.0000e-07,  1.0000e+00,  1.0000e-03, -5.3243e-04,
          -2.7808e-04,  2.0000e+00,  1.0000e-03]],

        [[-5.0000e-07,  1.6370e-07,  1.0000e+00, -3.2740e-04, -1.0000e-03,
           1.0000e-03,  2.0000e+00, -6.2625e-04],
         [-5.0000e-07, -1.1819e-07,  1.0000e+00,  2.3638e-04, -1.0000e-03,
          -1.0000e-03,  2.0000e+00, -1.0000e-03],
         [ 5.0000e-07, -4.0502e-07,  1.0000e+00,  8.1005e-04,  1.0000e-03,
           6.2644e-04,  2.0000e+00,  3.3445e-04],
         [ 2.6325e-07,  5.0000e-07,  1.0000e+00, -1.0000e-03,  5.2650e-04,
           1.0000e-03,  2.0000e+00, -6.1921e-04],
         [ 1.6004e-08, -4.5677e-07,  1.0000e+00,  9.1353e-04,  3.2007e-05,
           2.1891e-04,  2.0000e+00, -1.2489e-04],
         [-3.0245e-07, -2.3662e-07,  1.0000e+00,  4.7324e-04, -6.0490e-04,
          -1.0000e-03,  2.0000e+00,  9.6017e-05]],

        [[-2.6909e-07,  1.6803e-07,  1.0000e+00, -3.3605e-04, -5.3817e-04,
          -8.8541e-04,  2.0000e+00,  4.6003e-04],
         [-9.3618e-08, -1.0830e-07,  1.0000e+00,  2.1660e-04, -1.8724e-04,
           1.0000e-03,  2.0000e+00, -1.0000e-03],
         [-2.8784e-07,  1.8920e-07,  1.0000e+00, -3.7840e-04, -5.7567e-04,
           4.2628e-04,  2.0000e+00, -6.2794e-04],
         [-4.5522e-07, -5.0000e-07,  1.0000e+00,  1.0000e-03, -9.1044e-04,
           2.2308e-04,  2.0000e+00, -3.8167e-04],
         [-5.0000e-07, -5.0000e-07,  1.0000e+00,  1.0000e-03, -1.0000e-03,
           6.8858e-04,  2.0000e+00, -1.0000e-03],
         [ 2.4901e-07,  1.1995e-07,  1.0000e+00, -2.3990e-04,  4.9802e-04,
           7.6204e-05,  2.0000e+00,  2.5925e-04]],

        [[ 5.0000e-07, -1.8016e-07,  1.0000e+00,  3.6032e-04,  1.0000e-03,
           1.5562e-05,  2.0000e+00,  1.0000e-03],
         [ 4.7942e-07,  5.0000e-07,  1.0000e+00, -1.0000e-03,  9.5884e-04,
          -4.1138e-04,  2.0000e+00,  7.9346e-04],
         [-3.1821e-07,  3.0365e-07,  1.0000e+00, -6.0731e-04, -6.3643e-04,
          -7.4389e-04,  2.0000e+00, -5.9789e-04],
         [-2.5701e-07,  2.5841e-07,  1.0000e+00, -5.1681e-04, -5.1402e-04,
           1.4707e-04,  2.0000e+00,  4.8827e-04],
         [-5.0000e-07, -2.3894e-07,  1.0000e+00,  4.7789e-04, -1.0000e-03,
          -1.3762e-04,  2.0000e+00,  2.9249e-04],
         [-3.3112e-07,  5.0000e-07,  1.0000e+00, -1.0000e-03, -6.6224e-04,
           5.0884e-05,  2.0000e+00,  1.9450e-04]],

        [[ 1.0992e-07, -2.9733e-07,  1.0000e+00,  5.9465e-04,  2.1983e-04,
           1.0000e-03,  2.0000e+00, -6.1551e-04],
         [ 8.2412e-09,  5.0000e-07,  1.0000e+00, -1.0000e-03,  1.6483e-05,
           1.0000e-03,  2.0000e+00,  1.0000e-03],
         [-5.0000e-07,  2.6929e-09,  1.0000e+00, -5.3856e-06, -1.0000e-03,
          -7.7144e-04,  2.0000e+00,  2.8480e-04],
         [-6.7745e-08,  3.1220e-07,  1.0000e+00, -6.2441e-04, -1.3549e-04,
          -8.0493e-04,  2.0000e+00, -1.0000e-03],
         [-7.0046e-08, -3.3550e-07,  1.0000e+00,  6.7100e-04, -1.4009e-04,
          -8.2007e-05,  2.0000e+00,  4.6434e-04],
         [ 2.8581e-09,  8.6759e-08,  1.0000e+00, -1.7352e-04,  5.7162e-06,
           6.0136e-04,  2.0000e+00,  2.4720e-04]],

        [[-6.4649e-08, -3.7360e-07,  1.0000e+00,  7.4720e-04, -1.2930e-04,
          -1.0995e-04,  2.0000e+00, -4.3489e-04],
         [-5.0000e-07,  2.2612e-07,  1.0000e+00, -4.5225e-04, -1.0000e-03,
          -1.9780e-04,  2.0000e+00, -6.4552e-04],
         [ 5.0000e-07, -8.4331e-08,  1.0000e+00,  1.6866e-04,  1.0000e-03,
          -4.9168e-05,  2.0000e+00,  1.0000e-03],
         [-5.0000e-07, -5.0000e-07,  1.0000e+00,  1.0000e-03, -1.0000e-03,
          -6.9833e-04,  2.0000e+00,  1.0000e-03],
         [-3.3308e-07, -5.0000e-07,  1.0000e+00,  1.0000e-03, -6.6616e-04,
           1.0000e-03,  2.0000e+00, -2.6392e-04],
         [ 2.0505e-07, -2.8882e-07,  1.0000e+00,  5.7764e-04,  4.1010e-04,
           1.0000e-03,  2.0000e+00, -1.0000e-03]],

        [[ 5.0000e-07,  3.1697e-07,  1.0000e+00, -6.3394e-04,  1.0000e-03,
          -1.0253e-04,  2.0000e+00,  3.0207e-04],
         [-5.0000e-07,  3.3872e-07,  1.0000e+00, -6.7743e-04, -1.0000e-03,
           9.5738e-04,  2.0000e+00,  8.2145e-04],
         [ 5.0000e-07,  3.2868e-07,  1.0000e+00, -6.5735e-04,  1.0000e-03,
           1.0000e-03,  2.0000e+00, -5.1649e-04],
         [-5.0000e-07, -8.1178e-08,  1.0000e+00,  1.6236e-04, -1.0000e-03,
          -1.4772e-04,  2.0000e+00, -5.6099e-04],
         [-2.2085e-08,  4.1836e-07,  1.0000e+00, -8.3671e-04, -4.4171e-05,
          -6.0164e-05,  2.0000e+00,  7.6529e-04],
         [ 4.0431e-07, -4.7674e-07,  1.0000e+00,  9.5347e-04,  8.0863e-04,
          -6.3381e-04,  2.0000e+00,  1.0000e-03]],

        [[-1.7839e-08,  5.0000e-07,  1.0000e+00, -1.0000e-03, -3.5678e-05,
          -3.7349e-04,  2.0000e+00, -4.2038e-04],
         [-5.0000e-07, -1.0118e-07,  1.0000e+00,  2.0237e-04, -1.0000e-03,
           3.5627e-04,  2.0000e+00, -4.1574e-04],
         [-5.0000e-07,  5.0000e-07,  1.0000e+00, -1.0000e-03, -1.0000e-03,
          -1.0000e-03,  2.0000e+00, -1.0000e-03],
         [ 3.3208e-07,  3.6654e-07,  1.0000e+00, -7.3308e-04,  6.6416e-04,
          -6.3437e-04,  2.0000e+00,  3.4789e-04],
         [-1.8242e-07,  5.0000e-07,  1.0000e+00, -1.0000e-03, -3.6483e-04,
           7.2750e-04,  2.0000e+00,  5.8816e-04],
         [-7.1264e-08,  3.0704e-07,  1.0000e+00, -6.1409e-04, -1.4253e-04,
          -4.5611e-04,  2.0000e+00, -1.0000e-03]],

        [[-1.0885e-07, -1.9310e-07,  1.0000e+00,  3.8619e-04, -2.1770e-04,
           5.9187e-04,  2.0000e+00, -9.3687e-04],
         [-3.9575e-07, -2.4466e-08,  1.0000e+00,  4.8931e-05, -7.9151e-04,
           4.3991e-04,  2.0000e+00,  1.0000e-03],
         [ 4.8284e-07, -1.1026e-07,  1.0000e+00,  2.2052e-04,  9.6567e-04,
           7.6001e-04,  2.0000e+00,  8.2421e-04],
         [-5.0205e-09,  2.2213e-07,  1.0000e+00, -4.4426e-04, -1.0041e-05,
          -8.7056e-04,  2.0000e+00,  4.7088e-04],
         [ 1.7667e-07, -5.0000e-07,  1.0000e+00,  1.0000e-03,  3.5334e-04,
           4.7789e-05,  2.0000e+00,  8.6049e-04],
         [-5.0968e-08,  1.2815e-07,  1.0000e+00, -2.5630e-04, -1.0194e-04,
           1.0000e-03,  2.0000e+00, -4.2156e-04]],

        [[ 6.8598e-08, -2.7367e-07,  1.0000e+00,  5.4735e-04,  1.3720e-04,
          -1.0000e-03,  2.0000e+00,  3.1687e-05],
         [-1.2199e-07,  5.0000e-07,  1.0000e+00, -1.0000e-03, -2.4398e-04,
           6.9291e-05,  2.0000e+00,  1.0000e-03],
         [ 5.0000e-07, -4.7548e-07,  1.0000e+00,  9.5095e-04,  1.0000e-03,
          -1.0000e-03,  2.0000e+00, -5.7383e-04],
         [-5.0000e-07,  4.8151e-08,  1.0000e+00, -9.6302e-05, -1.0000e-03,
           1.4132e-04,  2.0000e+00,  3.0692e-04],
         [-4.4930e-07,  1.2607e-07,  1.0000e+00, -2.5215e-04, -8.9860e-04,
           4.0761e-04,  2.0000e+00,  1.0000e-03],
         [ 1.6603e-07, -5.0000e-07,  1.0000e+00,  1.0000e-03,  3.3206e-04,
           1.0179e-04,  2.0000e+00, -6.5898e-04]],

        [[-3.3809e-07,  5.0000e-07,  1.0000e+00, -1.0000e-03, -6.7618e-04,
           1.0000e-03,  2.0000e+00,  3.6538e-04],
         [ 2.8270e-08,  2.5175e-07,  1.0000e+00, -5.0349e-04,  5.6539e-05,
          -1.0000e-03,  2.0000e+00, -1.1183e-04],
         [-3.3833e-07,  6.8443e-08,  1.0000e+00, -1.3689e-04, -6.7665e-04,
          -3.6840e-04,  2.0000e+00,  3.1099e-06],
         [-5.0000e-07,  6.1711e-09,  1.0000e+00, -1.2342e-05, -1.0000e-03,
           7.6221e-04,  2.0000e+00, -1.0000e-03],
         [ 5.0000e-07,  5.0000e-07,  1.0000e+00, -1.0000e-03,  1.0000e-03,
           1.5931e-04,  2.0000e+00,  5.9613e-04],
         [ 2.4832e-07, -3.4006e-07,  1.0000e+00,  6.8011e-04,  4.9663e-04,
          -1.0000e-03,  2.0000e+00,  1.0000e-03]],

        [[-9.3307e-08,  5.0000e-07,  1.0000e+00, -1.0000e-03, -1.8661e-04,
          -3.0224e-05,  2.0000e+00,  2.8375e-04],
         [ 5.0000e-07, -3.5224e-07,  1.0000e+00,  7.0448e-04,  1.0000e-03,
           3.1493e-04,  2.0000e+00,  5.3360e-04],
         [-3.9769e-07,  1.3622e-07,  1.0000e+00, -2.7244e-04, -7.9537e-04,
           4.0726e-04,  2.0000e+00, -3.0153e-04],
         [-1.0170e-07,  5.0000e-07,  1.0000e+00, -1.0000e-03, -2.0340e-04,
          -5.2487e-05,  2.0000e+00, -1.1579e-04],
         [ 5.0000e-07, -2.6080e-07,  1.0000e+00,  5.2160e-04,  1.0000e-03,
          -2.6635e-05,  2.0000e+00, -8.5232e-04],
         [ 3.3683e-07, -5.0000e-07,  1.0000e+00,  1.0000e-03,  6.7367e-04,
           8.2388e-04,  2.0000e+00,  2.8533e-04]],

        [[ 3.5812e-07, -7.8403e-09,  1.0000e+00,  1.5681e-05,  7.1624e-04,
           1.0000e-03,  2.0000e+00, -4.9572e-05],
         [-3.1590e-07,  5.0000e-07,  1.0000e+00, -1.0000e-03, -6.3179e-04,
           9.3010e-04,  2.0000e+00,  7.8272e-04],
         [-2.3110e-07, -3.2542e-07,  1.0000e+00,  6.5084e-04, -4.6219e-04,
          -1.0000e-03,  2.0000e+00, -3.7713e-04],
         [-5.0000e-07, -1.7866e-09,  1.0000e+00,  3.5730e-06, -1.0000e-03,
           1.0000e-03,  2.0000e+00, -1.0000e-03],
         [ 2.7876e-07, -1.1606e-07,  1.0000e+00,  2.3212e-04,  5.5753e-04,
          -1.0000e-03,  2.0000e+00, -1.0000e-03],
         [ 5.0000e-07, -5.0000e-07,  1.0000e+00,  1.0000e-03,  1.0000e-03,
          -4.6110e-04,  2.0000e+00, -3.7207e-04]],

        [[-5.0000e-07,  5.0000e-07,  1.0000e+00, -1.0000e-03, -1.0000e-03,
          -3.3112e-04,  2.0000e+00,  1.6822e-04],
         [-5.0000e-07, -5.0000e-07,  1.0000e+00,  1.0000e-03, -1.0000e-03,
           4.0334e-04,  2.0000e+00,  1.0000e-03],
         [ 5.0000e-07,  5.0000e-07,  1.0000e+00, -1.0000e-03,  1.0000e-03,
          -1.0000e-03,  2.0000e+00, -1.0000e-03],
         [ 4.6910e-07,  7.1384e-08,  1.0000e+00, -1.4277e-04,  9.3819e-04,
          -1.0000e-03,  2.0000e+00, -8.2484e-05],
         [-5.3459e-08, -4.1230e-07,  1.0000e+00,  8.2461e-04, -1.0692e-04,
          -8.2006e-04,  2.0000e+00, -1.0000e-03],
         [ 3.7870e-08, -5.7674e-08,  1.0000e+00,  1.1535e-04,  7.5739e-05,
          -1.0000e-03,  2.0000e+00, -1.0000e-03]],

        [[ 1.4851e-07, -5.0000e-07,  1.0000e+00,  1.0000e-03,  2.9701e-04,
          -1.0000e-03,  2.0000e+00, -7.1131e-04],
         [ 4.4990e-07, -3.8901e-07,  1.0000e+00,  7.7801e-04,  8.9979e-04,
           1.0000e-03,  2.0000e+00,  8.4821e-04],
         [-7.9280e-08, -5.0000e-07,  1.0000e+00,  1.0000e-03, -1.5856e-04,
           1.0000e-03,  2.0000e+00,  4.5860e-04],
         [-2.5215e-07,  2.7044e-08,  1.0000e+00, -5.4088e-05, -5.0430e-04,
          -2.8952e-04,  2.0000e+00,  9.1909e-04],
         [-5.0000e-07,  5.0000e-07,  1.0000e+00, -1.0000e-03, -1.0000e-03,
          -1.6595e-04,  2.0000e+00, -3.6316e-04],
         [-5.0000e-07, -2.2898e-07,  1.0000e+00,  4.5796e-04, -1.0000e-03,
           1.0000e-03,  2.0000e+00,  2.2196e-04]],

        [[ 5.0000e-07,  4.6822e-08,  1.0000e+00, -9.3643e-05,  1.0000e-03,
           6.0526e-04,  2.0000e+00,  7.3250e-04],
         [ 2.2364e-07, -4.0736e-07,  1.0000e+00,  8.1472e-04,  4.4728e-04,
          -5.0848e-05,  2.0000e+00, -4.2340e-04],
         [ 1.5160e-07,  5.0000e-07,  1.0000e+00, -1.0000e-03,  3.0319e-04,
           1.0000e-03,  2.0000e+00,  9.4791e-04],
         [-5.0000e-07, -5.0000e-07,  1.0000e+00,  1.0000e-03, -1.0000e-03,
           2.0792e-04,  2.0000e+00,  1.0000e-03],
         [-3.3664e-07,  8.9151e-08,  1.0000e+00, -1.7830e-04, -6.7328e-04,
           1.0000e-03,  2.0000e+00, -1.0000e-03],
         [-3.5159e-07, -4.1247e-07,  1.0000e+00,  8.2494e-04, -7.0317e-04,
          -1.1587e-04,  2.0000e+00, -7.1261e-04]]], device='cuda:0')
[17:47:06.465] [DEBUG] payload.state.shape=torch.Size([16, 13]) payload.state=tensor([[ 4.3809e-13,  1.0995e-13,  5.0000e-01,  8.7618e-10,  2.1933e-10,
          2.1900e-03,  1.0000e+00, -3.9736e-13,  1.0159e-30, -4.0878e-14,
         -1.5895e-09,  6.0927e-27, -1.6351e-10],
        [-5.2334e-13, -5.5290e-13,  5.0000e-01, -1.0468e-09, -1.1058e-09,
          2.1900e-03,  1.0000e+00,  1.0205e-22,  9.9341e-14, -2.7573e-13,
          4.0822e-19,  3.9736e-10, -1.1029e-09],
        [-1.3562e-12, -6.3149e-13,  5.0000e-01, -2.7118e-09, -1.2633e-09,
          2.1900e-03,  1.0000e+00, -2.4835e-13, -3.9736e-13,  7.8520e-13,
         -9.9341e-10, -1.5895e-09,  3.1408e-09],
        [-4.2663e-13,  1.1428e-12,  5.0000e-01, -8.5298e-10,  2.2855e-09,
          2.1900e-03,  1.0000e+00, -9.9341e-14, -1.9868e-13, -6.9192e-13,
         -3.9736e-10, -7.9473e-10, -2.7677e-09],
        [-5.1656e-13,  2.6890e-13,  5.0000e-01, -1.0329e-09,  5.3787e-10,
          2.1900e-03,  1.0000e+00,  4.9671e-14, -1.4901e-13,  1.8162e-13,
          1.9868e-10, -5.9605e-10,  7.2648e-10],
        [-6.9354e-13, -1.5203e-12,  5.0000e-01, -1.3880e-09, -3.0404e-09,
          2.1900e-03,  1.0000e+00,  1.9868e-13,  5.9605e-13,  2.3028e-13,
          7.9473e-10,  2.3842e-09,  9.2114e-10],
        [ 3.8266e-13,  8.4444e-13,  5.0000e-01,  7.6576e-10,  1.6885e-09,
          2.1900e-03,  1.0000e+00, -2.4835e-13, -2.9802e-13,  2.3887e-13,
         -9.9341e-10, -1.1921e-09,  9.5547e-10],
        [-9.3987e-13,  2.0721e-12,  5.0000e-01, -1.8802e-09,  4.1439e-09,
          2.1900e-03,  1.0000e+00, -1.9868e-13,  2.9802e-13,  3.1894e-13,
         -7.9473e-10,  1.1921e-09,  1.2757e-09],
        [ 9.8188e-14, -4.7718e-13,  5.0000e-01,  1.9565e-10, -9.5399e-10,
          2.1900e-03,  1.0000e+00,  2.4835e-13,  4.9671e-13, -2.0673e-14,
          9.9341e-10,  1.9868e-09, -8.2692e-11],
        [-3.3688e-13, -5.7485e-13,  5.0000e-01, -6.7397e-10, -1.1496e-09,
          2.1900e-03,  1.0000e+00,  4.9671e-14,  1.4901e-13, -5.9984e-13,
          1.9868e-10,  5.9605e-10, -2.3994e-09],
        [-3.9925e-13,  9.8594e-13,  5.0000e-01, -7.9793e-10,  1.9715e-09,
          2.1900e-03,  1.0000e+00, -2.4835e-13, -3.9736e-13,  9.0169e-13,
         -9.9341e-10, -1.5895e-09,  3.6068e-09],
        [ 7.4457e-13,  2.3324e-14,  5.0000e-01,  1.4896e-09,  4.6793e-11,
          2.1900e-03,  1.0000e+00,  9.9341e-14, -2.9802e-13,  2.2690e-13,
          3.9736e-10, -1.1921e-09,  9.0761e-10],
        [ 9.0473e-14, -4.5067e-13,  5.0000e-01,  1.8153e-10, -9.0091e-10,
          2.1900e-03,  1.0000e+00,  2.9802e-13, -3.9736e-13,  1.1357e-12,
          1.1921e-09, -1.5895e-09,  4.5427e-09],
        [-4.6204e-14,  1.0184e-13,  5.0000e-01, -9.2118e-11,  2.0411e-10,
          2.1900e-03,  1.0000e+00,  2.9802e-13, -1.9868e-13,  7.7025e-14,
          1.1921e-09, -7.9473e-10,  3.0810e-10],
        [-7.3339e-13, -1.0904e-12,  5.0000e-01, -1.4671e-09, -2.1804e-09,
          2.1900e-03,  1.0000e+00,  3.4769e-13,  2.4835e-13, -1.6859e-12,
          1.3908e-09,  9.9341e-10, -6.7434e-09],
        [-3.1313e-13, -6.8335e-13,  5.0000e-01, -6.2641e-10, -1.3662e-09,
          2.1900e-03,  1.0000e+00,  3.4769e-13,  9.9341e-14, -8.9887e-13,
          1.3908e-09,  3.9736e-10, -3.5955e-09]], device='cuda:0')
[17:47:06.470] [DEBUG] drone_pos.shape=torch.Size([16, 6, 3]) drone_pos=tensor([[[ 2.5000e-01, -9.6329e-08,  1.5000e+00],
         [ 1.2500e-01,  2.1651e-01,  1.5000e+00],
         [-1.2500e-01,  2.1651e-01,  1.5000e+00],
         [-2.5000e-01,  8.4767e-08,  1.5000e+00],
         [-1.2500e-01, -2.1651e-01,  1.5000e+00],
         [ 1.2500e-01, -2.1651e-01,  1.5000e+00]],

        [[ 2.5000e-01,  1.6370e-07,  1.5000e+00],
         [ 1.2500e-01,  2.1651e-01,  1.5000e+00],
         [-1.2500e-01,  2.1651e-01,  1.5000e+00],
         [-2.5000e-01,  5.0000e-07,  1.5000e+00],
         [-1.2500e-01, -2.1651e-01,  1.5000e+00],
         [ 1.2500e-01, -2.1651e-01,  1.5000e+00]],

        [[ 2.5000e-01,  1.6803e-07,  1.5000e+00],
         [ 1.2500e-01,  2.1651e-01,  1.5000e+00],
         [-1.2500e-01,  2.1651e-01,  1.5000e+00],
         [-2.5000e-01, -5.0000e-07,  1.5000e+00],
         [-1.2500e-01, -2.1651e-01,  1.5000e+00],
         [ 1.2500e-01, -2.1651e-01,  1.5000e+00]],

        [[ 2.5000e-01, -1.8016e-07,  1.5000e+00],
         [ 1.2500e-01,  2.1651e-01,  1.5000e+00],
         [-1.2500e-01,  2.1651e-01,  1.5000e+00],
         [-2.5000e-01,  2.5841e-07,  1.5000e+00],
         [-1.2500e-01, -2.1651e-01,  1.5000e+00],
         [ 1.2500e-01, -2.1651e-01,  1.5000e+00]],

        [[ 2.5000e-01, -2.9733e-07,  1.5000e+00],
         [ 1.2500e-01,  2.1651e-01,  1.5000e+00],
         [-1.2500e-01,  2.1651e-01,  1.5000e+00],
         [-2.5000e-01,  3.1220e-07,  1.5000e+00],
         [-1.2500e-01, -2.1651e-01,  1.5000e+00],
         [ 1.2500e-01, -2.1651e-01,  1.5000e+00]],

        [[ 2.5000e-01, -3.7360e-07,  1.5000e+00],
         [ 1.2500e-01,  2.1651e-01,  1.5000e+00],
         [-1.2500e-01,  2.1651e-01,  1.5000e+00],
         [-2.5000e-01, -5.0000e-07,  1.5000e+00],
         [-1.2500e-01, -2.1651e-01,  1.5000e+00],
         [ 1.2500e-01, -2.1651e-01,  1.5000e+00]],

        [[ 2.5000e-01,  3.1697e-07,  1.5000e+00],
         [ 1.2500e-01,  2.1651e-01,  1.5000e+00],
         [-1.2500e-01,  2.1651e-01,  1.5000e+00],
         [-2.5000e-01, -8.1178e-08,  1.5000e+00],
         [-1.2500e-01, -2.1651e-01,  1.5000e+00],
         [ 1.2500e-01, -2.1651e-01,  1.5000e+00]],

        [[ 2.5000e-01,  5.0000e-07,  1.5000e+00],
         [ 1.2500e-01,  2.1651e-01,  1.5000e+00],
         [-1.2500e-01,  2.1651e-01,  1.5000e+00],
         [-2.5000e-01,  3.6654e-07,  1.5000e+00],
         [-1.2500e-01, -2.1651e-01,  1.5000e+00],
         [ 1.2500e-01, -2.1651e-01,  1.5000e+00]],

        [[ 2.5000e-01, -1.9310e-07,  1.5000e+00],
         [ 1.2500e-01,  2.1651e-01,  1.5000e+00],
         [-1.2500e-01,  2.1651e-01,  1.5000e+00],
         [-2.5000e-01,  2.2213e-07,  1.5000e+00],
         [-1.2500e-01, -2.1651e-01,  1.5000e+00],
         [ 1.2500e-01, -2.1651e-01,  1.5000e+00]],

        [[ 2.5000e-01, -2.7367e-07,  1.5000e+00],
         [ 1.2500e-01,  2.1651e-01,  1.5000e+00],
         [-1.2500e-01,  2.1651e-01,  1.5000e+00],
         [-2.5000e-01,  4.8151e-08,  1.5000e+00],
         [-1.2500e-01, -2.1651e-01,  1.5000e+00],
         [ 1.2500e-01, -2.1651e-01,  1.5000e+00]],

        [[ 2.5000e-01,  5.0000e-07,  1.5000e+00],
         [ 1.2500e-01,  2.1651e-01,  1.5000e+00],
         [-1.2500e-01,  2.1651e-01,  1.5000e+00],
         [-2.5000e-01,  6.1717e-09,  1.5000e+00],
         [-1.2500e-01, -2.1651e-01,  1.5000e+00],
         [ 1.2500e-01, -2.1651e-01,  1.5000e+00]],

        [[ 2.5000e-01,  5.0000e-07,  1.5000e+00],
         [ 1.2500e-01,  2.1651e-01,  1.5000e+00],
         [-1.2500e-01,  2.1651e-01,  1.5000e+00],
         [-2.5000e-01,  5.0000e-07,  1.5000e+00],
         [-1.2500e-01, -2.1651e-01,  1.5000e+00],
         [ 1.2500e-01, -2.1651e-01,  1.5000e+00]],

        [[ 2.5000e-01, -7.8402e-09,  1.5000e+00],
         [ 1.2500e-01,  2.1651e-01,  1.5000e+00],
         [-1.2500e-01,  2.1651e-01,  1.5000e+00],
         [-2.5000e-01, -1.7876e-09,  1.5000e+00],
         [-1.2500e-01, -2.1651e-01,  1.5000e+00],
         [ 1.2500e-01, -2.1651e-01,  1.5000e+00]],

        [[ 2.5000e-01,  5.0000e-07,  1.5000e+00],
         [ 1.2500e-01,  2.1651e-01,  1.5000e+00],
         [-1.2500e-01,  2.1651e-01,  1.5000e+00],
         [-2.5000e-01,  7.1384e-08,  1.5000e+00],
         [-1.2500e-01, -2.1651e-01,  1.5000e+00],
         [ 1.2500e-01, -2.1651e-01,  1.5000e+00]],

        [[ 2.5000e-01, -5.0000e-07,  1.5000e+00],
         [ 1.2500e-01,  2.1651e-01,  1.5000e+00],
         [-1.2500e-01,  2.1651e-01,  1.5000e+00],
         [-2.5000e-01,  2.7044e-08,  1.5000e+00],
         [-1.2500e-01, -2.1651e-01,  1.5000e+00],
         [ 1.2500e-01, -2.1651e-01,  1.5000e+00]],

        [[ 2.5000e-01,  4.6820e-08,  1.5000e+00],
         [ 1.2500e-01,  2.1651e-01,  1.5000e+00],
         [-1.2500e-01,  2.1651e-01,  1.5000e+00],
         [-2.5000e-01, -5.0000e-07,  1.5000e+00],
         [-1.2500e-01, -2.1651e-01,  1.5000e+00],
         [ 1.2500e-01, -2.1651e-01,  1.5000e+00]]], device='cuda:0')
[17:47:06.472] [DEBUG] reward=tensor([-0.0002, -0.0002, -0.0002, -0.0002, -0.0002, -0.0002, -0.0002, -0.0002,
        -0.0002, -0.0002, -0.0002, -0.0002, -0.0002, -0.0002, -0.0002, -0.0002],
       device='cuda:0') done=tensor([False, False, False, False, False, False, False, False, False, False,
        False, False, False, False, False, False], device='cuda:0')
[17:47:06.472] [DEBUG] obs.shape=torch.Size([16, 39])
[17:47:12.582] [DEBUG] step_counter=1000 action.shape=torch.Size([16, 6, 4]) action=tensor([[[-1.0000,  1.0000,  1.0000,  1.0000],
         [ 0.5785,  0.8679, -0.4648, -0.3303],
         [-1.0000, -1.0000, -1.0000,  1.0000],
         [ 1.0000,  0.9917,  1.0000,  1.0000],
         [-0.2860, -0.0594,  1.0000, -0.1985],
         [-1.0000,  1.0000, -1.0000,  0.2473]],

        [[-1.0000,  0.4529,  1.0000,  1.0000],
         [-0.0775,  0.6412, -1.0000, -1.0000],
         [-1.0000, -1.0000, -1.0000,  1.0000],
         [ 1.0000, -0.8235, -0.3401,  1.0000],
         [ 0.2795, -0.4105,  1.0000, -1.0000],
         [-1.0000,  0.9759, -0.1081,  1.0000]],

        [[-1.0000,  1.0000,  1.0000,  1.0000],
         [-1.0000,  1.0000,  0.0166, -0.6758],
         [-1.0000, -1.0000, -1.0000,  1.0000],
         [-1.0000, -1.0000, -0.1671,  0.3091],
         [-1.0000, -1.0000,  1.0000, -1.0000],
         [-1.0000,  1.0000, -0.1465,  1.0000]],

        [[-1.0000,  1.0000,  1.0000,  1.0000],
         [-1.0000, -0.1830, -0.6546, -1.0000],
         [-1.0000, -1.0000, -1.0000,  1.0000],
         [ 0.3310, -0.7550, -0.2103,  0.1494],
         [-0.3051, -1.0000,  1.0000, -1.0000],
         [-1.0000,  1.0000, -1.0000, -0.8040]],

        [[-1.0000,  1.0000,  1.0000,  1.0000],
         [ 0.3265, -0.2882,  0.1989, -0.8982],
         [-1.0000, -1.0000, -1.0000,  1.0000],
         [ 0.8641, -1.0000,  0.2954,  1.0000],
         [-0.1106, -1.0000,  1.0000, -1.0000],
         [-1.0000,  1.0000, -0.7967,  0.4067]],

        [[-1.0000,  1.0000,  1.0000,  0.9438],
         [-0.0863,  1.0000,  1.0000, -1.0000],
         [-1.0000, -1.0000, -1.0000,  1.0000],
         [ 0.2273,  1.0000,  0.8334,  0.2366],
         [ 1.0000, -1.0000,  1.0000, -0.1686],
         [-1.0000,  0.2521, -1.0000,  1.0000]],

        [[-1.0000,  0.1631,  1.0000,  1.0000],
         [-1.0000,  1.0000,  1.0000, -0.5019],
         [-1.0000, -1.0000, -0.7354,  1.0000],
         [ 0.4106, -1.0000, -1.0000,  0.5238],
         [-0.4324, -1.0000,  1.0000, -1.0000],
         [-1.0000,  1.0000, -0.8442,  1.0000]],

        [[-1.0000, -0.0190,  1.0000,  0.4217],
         [-0.2529, -1.0000,  1.0000, -1.0000],
         [-1.0000, -1.0000, -1.0000,  1.0000],
         [ 1.0000,  0.3726,  1.0000, -1.0000],
         [-0.7338, -1.0000,  1.0000, -0.7741],
         [-1.0000,  0.5558, -1.0000,  1.0000]],

        [[-1.0000,  1.0000,  1.0000,  0.6559],
         [-1.0000, -1.0000,  1.0000, -1.0000],
         [-1.0000, -1.0000, -1.0000,  1.0000],
         [ 1.0000, -0.3598, -0.2927,  1.0000],
         [-0.9361, -0.2714,  1.0000,  0.2345],
         [-1.0000,  1.0000, -1.0000,  1.0000]],

        [[-0.8108,  1.0000,  1.0000,  0.4432],
         [-0.1420,  0.0392,  1.0000, -1.0000],
         [-1.0000, -1.0000, -1.0000,  1.0000],
         [ 0.7744, -1.0000, -0.9387,  1.0000],
         [ 0.3433, -1.0000,  1.0000, -1.0000],
         [-1.0000,  1.0000, -1.0000,  0.8831]],

        [[-1.0000,  1.0000,  1.0000,  0.9001],
         [-0.3635,  1.0000,  1.0000, -1.0000],
         [-1.0000, -1.0000, -1.0000,  1.0000],
         [ 0.3427, -0.0473, -0.2592, -0.1710],
         [-1.0000, -1.0000, -0.2933, -1.0000],
         [-1.0000,  1.0000, -0.0549, -0.4143]],

        [[-0.8346,  1.0000,  0.6141,  0.3770],
         [ 0.0126, -0.4191,  1.0000,  1.0000],
         [-1.0000, -1.0000, -1.0000,  1.0000],
         [ 0.1196, -1.0000, -0.6148,  1.0000],
         [ 0.6395, -0.1076,  1.0000, -0.9862],
         [-1.0000,  1.0000, -1.0000,  1.0000]],

        [[-1.0000,  1.0000,  1.0000,  1.0000],
         [-0.9679,  1.0000,  1.0000, -1.0000],
         [-1.0000, -1.0000, -1.0000,  1.0000],
         [-0.8705, -1.0000,  0.4966,  1.0000],
         [-0.6430, -0.0818,  1.0000, -1.0000],
         [-1.0000, -0.3807,  0.1481,  1.0000]],

        [[-1.0000,  1.0000,  1.0000,  1.0000],
         [-0.3151,  1.0000, -0.5192, -1.0000],
         [-1.0000, -1.0000, -1.0000,  1.0000],
         [ 1.0000, -1.0000,  1.0000, -1.0000],
         [-1.0000,  0.9918,  0.2123, -1.0000],
         [-1.0000,  1.0000, -1.0000,  1.0000]],

        [[-1.0000,  1.0000,  1.0000, -0.3587],
         [-0.6253,  1.0000,  1.0000, -1.0000],
         [-1.0000, -1.0000, -1.0000,  0.6992],
         [-0.0522, -1.0000, -0.2767,  0.9435],
         [ 0.6344,  0.5294,  0.0469, -1.0000],
         [-1.0000,  1.0000, -0.9911,  1.0000]],

        [[-1.0000,  0.6250,  1.0000,  1.0000],
         [-1.0000, -0.0463,  1.0000, -1.0000],
         [-1.0000, -1.0000, -1.0000,  0.2341],
         [-0.7294, -1.0000,  1.0000,  1.0000],
         [-1.0000, -0.7344,  0.8278, -1.0000],
         [-1.0000,  0.9712, -1.0000,  1.0000]]], device='cuda:0')
[17:47:12.593] [DEBUG] cable.state.shape=torch.Size([16, 6, 8]) cable.state=tensor([[[ 9.8833e-02,  2.8711e-01,  9.5279e-01, -7.1142e-01,  4.0186e-01,
           6.9079e-01,  1.9974e+00,  1.5609e-01],
         [ 1.2450e-01,  1.6548e-01,  9.7832e-01, -3.9361e-01,  3.8628e-01,
           3.4271e-01,  1.8159e+00, -4.8379e-01],
         [-2.1395e-01,  2.8593e-01,  9.3406e-01, -6.9855e-01, -6.8766e-01,
          -6.5040e-01,  2.1672e+00,  5.2145e-01],
         [ 2.7731e-02, -9.6768e-02,  9.9492e-01,  2.3969e-01, -8.1371e-02,
           1.8150e-01,  2.0244e+00,  1.2426e-01],
         [-3.7063e-02,  2.4170e-02,  9.9902e-01, -9.3668e-02, -1.2179e-01,
           4.2595e-01,  1.6906e+00, -7.3412e-01],
         [ 2.3700e-01,  2.7737e-01,  9.3107e-01, -7.6492e-01,  5.4445e-01,
          -3.8473e-01,  2.2570e+00,  6.5727e-01]],

        [[ 9.4801e-02,  3.0168e-01,  9.4869e-01, -7.3727e-01,  4.1692e-01,
           6.7931e-01,  2.0041e+00,  1.7997e-01],
         [ 1.3613e-01,  1.8094e-01,  9.7403e-01, -4.1234e-01,  3.7853e-01,
           3.5206e-01,  1.8215e+00, -4.8782e-01],
         [-2.0922e-01,  2.8006e-01,  9.3691e-01, -6.9546e-01, -6.8748e-01,
          -6.7061e-01,  2.1981e+00,  5.5021e-01],
         [ 2.6591e-02, -1.2135e-01,  9.9225e-01,  2.5880e-01, -8.0720e-02,
           1.8534e-01,  2.0368e+00,  1.1666e-01],
         [-2.5459e-02,  5.2775e-02,  9.9828e-01, -1.3018e-01, -8.8494e-02,
           4.3051e-01,  1.7059e+00, -7.1595e-01],
         [ 2.1415e-01,  2.9699e-01,  9.3056e-01, -7.9306e-01,  4.9691e-01,
          -4.1983e-01,  2.2518e+00,  6.3340e-01]],

        [[ 9.9438e-02,  2.9174e-01,  9.5131e-01, -7.2807e-01,  4.1157e-01,
           6.6687e-01,  2.0021e+00,  1.5987e-01],
         [ 1.4631e-01,  1.5836e-01,  9.7648e-01, -3.7589e-01,  4.2684e-01,
           3.3057e-01,  1.8456e+00, -4.4425e-01],
         [-2.3149e-01,  2.8654e-01,  9.2968e-01, -7.0217e-01, -7.0595e-01,
          -6.1971e-01,  2.1465e+00,  4.8793e-01],
         [ 1.6906e-02, -9.5924e-02,  9.9525e-01,  2.2084e-01, -7.7571e-02,
           2.2216e-01,  2.0174e+00,  1.0099e-01],
         [-4.8752e-02,  3.3251e-02,  9.9826e-01, -8.7600e-02, -1.4178e-01,
           4.5813e-01,  1.7156e+00, -7.0397e-01],
         [ 2.2060e-01,  2.9433e-01,  9.2989e-01, -7.8704e-01,  5.1971e-01,
          -4.0898e-01,  2.2802e+00,  6.7554e-01]],

        [[ 1.0568e-01,  2.9293e-01,  9.5028e-01, -7.1676e-01,  4.1156e-01,
           6.7061e-01,  2.0197e+00,  1.8985e-01],
         [ 1.3140e-01,  1.4059e-01,  9.8131e-01, -3.4645e-01,  3.9165e-01,
           3.2540e-01,  1.8389e+00, -4.5542e-01],
         [-2.2076e-01,  2.8572e-01,  9.3254e-01, -6.9803e-01, -6.9516e-01,
          -6.7222e-01,  2.1678e+00,  5.1876e-01],
         [ 2.8194e-02, -1.1002e-01,  9.9353e-01,  2.5387e-01, -6.9600e-02,
           2.0765e-01,  2.0388e+00,  1.2340e-01],
         [-1.8402e-02,  4.0771e-02,  9.9900e-01, -1.1705e-01, -8.0572e-02,
           4.0181e-01,  1.7127e+00, -7.0638e-01],
         [ 2.3805e-01,  2.8273e-01,  9.2919e-01, -7.7606e-01,  5.4982e-01,
          -4.4364e-01,  2.2650e+00,  6.5262e-01]],

        [[ 1.1148e-01,  2.9432e-01,  9.4918e-01, -7.2151e-01,  4.2208e-01,
           7.0082e-01,  2.0209e+00,  1.9495e-01],
         [ 1.2808e-01,  1.5596e-01,  9.7943e-01, -3.8348e-01,  3.9985e-01,
           3.3510e-01,  1.8229e+00, -4.6730e-01],
         [-2.2301e-01,  2.8784e-01,  9.3135e-01, -7.0344e-01, -6.9735e-01,
          -6.5360e-01,  2.1817e+00,  5.2930e-01],
         [ 1.1981e-02, -1.2145e-01,  9.9253e-01,  2.6790e-01, -9.8730e-02,
           1.8662e-01,  2.0237e+00,  1.0457e-01],
         [-4.1389e-02,  3.3929e-02,  9.9857e-01, -1.1413e-01, -1.2754e-01,
           4.4717e-01,  1.7043e+00, -7.1621e-01],
         [ 2.2330e-01,  2.9210e-01,  9.2996e-01, -7.8606e-01,  5.2501e-01,
          -4.3449e-01,  2.2589e+00,  6.4192e-01]],

        [[ 1.1067e-01,  2.9083e-01,  9.5035e-01, -7.1802e-01,  4.2150e-01,
           7.0979e-01,  2.0146e+00,  1.8001e-01],
         [ 1.3769e-01,  1.6468e-01,  9.7669e-01, -3.8736e-01,  4.0602e-01,
           3.3994e-01,  1.8211e+00, -4.5942e-01],
         [-2.2620e-01,  2.9215e-01,  9.2924e-01, -7.0903e-01, -7.0451e-01,
          -6.2031e-01,  2.1846e+00,  5.3455e-01],
         [ 2.2151e-02, -1.0315e-01,  9.9442e-01,  2.6298e-01, -1.0221e-01,
           2.4082e-01,  2.0051e+00,  6.8633e-02],
         [-2.2800e-02,  4.9074e-02,  9.9853e-01, -1.3325e-01, -1.0487e-01,
           4.2186e-01,  1.7084e+00, -7.0411e-01],
         [ 2.4045e-01,  2.8931e-01,  9.2655e-01, -7.8472e-01,  5.3941e-01,
          -4.4200e-01,  2.2493e+00,  6.4405e-01]],

        [[ 1.0482e-01,  2.9410e-01,  9.5001e-01, -7.1910e-01,  4.1821e-01,
           6.8178e-01,  2.0083e+00,  1.6473e-01],
         [ 1.2385e-01,  1.5902e-01,  9.7948e-01, -3.7821e-01,  3.9451e-01,
           3.8102e-01,  1.8213e+00, -4.7567e-01],
         [-2.3291e-01,  2.8638e-01,  9.2938e-01, -6.8887e-01, -7.1598e-01,
          -6.7934e-01,  2.1759e+00,  5.3659e-01],
         [ 2.1062e-02, -1.1075e-01,  9.9363e-01,  2.7269e-01, -1.0034e-01,
           1.9412e-01,  2.0353e+00,  1.3639e-01],
         [-1.2954e-03,  5.8002e-02,  9.9832e-01, -1.0699e-01, -4.4426e-02,
           4.2742e-01,  1.6869e+00, -7.4190e-01],
         [ 2.4572e-01,  2.7633e-01,  9.2912e-01, -7.7172e-01,  5.5906e-01,
          -4.3536e-01,  2.2598e+00,  6.6417e-01]],

        [[ 1.1218e-01,  2.8294e-01,  9.5255e-01, -6.9987e-01,  4.3670e-01,
           6.9510e-01,  2.0200e+00,  1.7879e-01],
         [ 1.4213e-01,  1.3909e-01,  9.8003e-01, -3.5410e-01,  3.9533e-01,
           3.1058e-01,  1.8377e+00, -4.4908e-01],
         [-2.3111e-01,  2.7444e-01,  9.3342e-01, -6.7648e-01, -7.0664e-01,
          -6.3753e-01,  2.1814e+00,  5.2131e-01],
         [ 1.0165e-02, -9.6676e-02,  9.9526e-01,  2.4670e-01, -1.0317e-01,
           1.8932e-01,  2.0409e+00,  1.2209e-01],
         [-3.6231e-02,  4.3714e-02,  9.9839e-01, -1.1957e-01, -1.1566e-01,
           4.1663e-01,  1.7037e+00, -7.1142e-01],
         [ 2.0629e-01,  3.0211e-01,  9.3068e-01, -7.9401e-01,  4.9611e-01,
          -3.9973e-01,  2.2572e+00,  6.4944e-01]],

        [[ 1.1867e-01,  2.9379e-01,  9.4848e-01, -7.2901e-01,  4.3593e-01,
           6.6600e-01,  1.9859e+00,  1.3935e-01],
         [ 1.3411e-01,  1.6898e-01,  9.7645e-01, -3.9316e-01,  3.9532e-01,
           3.7257e-01,  1.8295e+00, -4.5394e-01],
         [-2.1614e-01,  2.8795e-01,  9.3294e-01, -6.9960e-01, -6.8480e-01,
          -6.4208e-01,  2.1945e+00,  5.6466e-01],
         [ 7.6714e-03, -1.0636e-01,  9.9430e-01,  2.7026e-01, -1.3072e-01,
           2.1575e-01,  2.0431e+00,  9.8200e-02],
         [-4.9073e-02,  2.5574e-02,  9.9847e-01, -1.1140e-01, -1.3166e-01,
           4.3166e-01,  1.7075e+00, -7.1142e-01],
         [ 2.5059e-01,  2.8519e-01,  9.2513e-01, -7.8298e-01,  5.4744e-01,
          -4.2194e-01,  2.2465e+00,  6.4643e-01]],

        [[ 1.1929e-01,  3.0036e-01,  9.4634e-01, -7.3047e-01,  4.3382e-01,
           6.8133e-01,  2.0384e+00,  2.0226e-01],
         [ 1.3789e-01,  1.5752e-01,  9.7784e-01, -3.7620e-01,  3.9286e-01,
           3.6078e-01,  1.8485e+00, -4.4131e-01],
         [-2.1910e-01,  2.7858e-01,  9.3509e-01, -6.8545e-01, -6.9039e-01,
          -6.3903e-01,  2.1731e+00,  5.1017e-01],
         [ 6.7038e-03, -8.9310e-02,  9.9598e-01,  2.2934e-01, -1.1444e-01,
           1.9508e-01,  2.0303e+00,  9.6738e-02],
         [-8.2929e-03,  1.1225e-02,  9.9990e-01, -5.1008e-02, -7.9171e-02,
           4.3135e-01,  1.6987e+00, -7.2924e-01],
         [ 2.3889e-01,  2.8921e-01,  9.2698e-01, -7.8488e-01,  5.4261e-01,
          -4.3592e-01,  2.2601e+00,  6.6252e-01]],

        [[ 1.1127e-01,  3.0505e-01,  9.4581e-01, -7.3049e-01,  4.2272e-01,
           6.9831e-01,  2.0146e+00,  1.8642e-01],
         [ 1.1255e-01,  1.4216e-01,  9.8342e-01, -3.7948e-01,  3.6208e-01,
           2.8169e-01,  1.8199e+00, -4.7718e-01],
         [-2.2889e-01,  2.9020e-01,  9.2919e-01, -7.0722e-01, -7.0337e-01,
          -6.2159e-01,  2.1646e+00,  5.0974e-01],
         [ 2.7969e-02, -1.1251e-01,  9.9326e-01,  2.5004e-01, -8.1777e-02,
           1.7382e-01,  2.0429e+00,  1.1867e-01],
         [-5.5298e-02,  3.9189e-02,  9.9770e-01, -1.1642e-01, -1.3362e-01,
           3.8465e-01,  1.7115e+00, -6.9466e-01],
         [ 2.2240e-01,  2.9977e-01,  9.2773e-01, -7.9567e-01,  5.0178e-01,
          -4.3449e-01,  2.2615e+00,  6.5316e-01]],

        [[ 1.1553e-01,  2.9051e-01,  9.4987e-01, -7.1810e-01,  4.3182e-01,
           7.0365e-01,  2.0118e+00,  1.8404e-01],
         [ 1.5121e-01,  1.5170e-01,  9.7679e-01, -3.6693e-01,  4.1908e-01,
           3.1725e-01,  1.8397e+00, -4.5542e-01],
         [-2.3795e-01,  2.7704e-01,  9.3093e-01, -6.8800e-01, -7.2225e-01,
          -6.5307e-01,  2.1735e+00,  5.2153e-01],
         [ 2.2540e-02, -1.1441e-01,  9.9318e-01,  2.6987e-01, -8.5192e-02,
           1.7788e-01,  2.0296e+00,  1.1474e-01],
         [-3.3287e-02,  5.7421e-02,  9.9779e-01, -1.5390e-01, -1.0631e-01,
           3.9756e-01,  1.6924e+00, -7.3518e-01],
         [ 2.3922e-01,  2.8559e-01,  9.2801e-01, -7.8112e-01,  5.4362e-01,
          -4.1291e-01,  2.2767e+00,  6.7059e-01]],

        [[ 1.2352e-01,  3.0871e-01,  9.4310e-01, -7.3682e-01,  4.4389e-01,
           6.8243e-01,  1.9984e+00,  1.6984e-01],
         [ 1.4539e-01,  1.6760e-01,  9.7507e-01, -3.9095e-01,  4.2364e-01,
           3.3001e-01,  1.8464e+00, -4.3533e-01],
         [-2.1305e-01,  2.9986e-01,  9.2989e-01, -7.0947e-01, -6.8838e-01,
          -6.4794e-01,  2.1718e+00,  5.1259e-01],
         [ 3.1094e-02, -9.1735e-02,  9.9530e-01,  2.4657e-01, -7.3456e-02,
           1.8137e-01,  2.0557e+00,  1.3329e-01],
         [-3.1935e-02,  2.7883e-02,  9.9910e-01, -9.7362e-02, -1.1437e-01,
           4.0033e-01,  1.7212e+00, -6.8970e-01],
         [ 2.2595e-01,  2.8421e-01,  9.3176e-01, -7.7564e-01,  5.2947e-01,
          -3.9287e-01,  2.2569e+00,  6.5516e-01]],

        [[ 1.1136e-01,  2.8843e-01,  9.5100e-01, -7.1560e-01,  4.1888e-01,
           6.8871e-01,  2.0206e+00,  1.8543e-01],
         [ 1.4501e-01,  1.6081e-01,  9.7627e-01, -3.8763e-01,  4.2548e-01,
           3.1313e-01,  1.8300e+00, -4.7732e-01],
         [-2.2348e-01,  2.8930e-01,  9.3079e-01, -6.9854e-01, -7.0135e-01,
          -6.5902e-01,  2.1537e+00,  4.9711e-01],
         [ 1.4854e-02, -1.0622e-01,  9.9423e-01,  2.4746e-01, -1.0075e-01,
           1.8933e-01,  2.0268e+00,  1.2265e-01],
         [-4.1773e-02,  4.1528e-02,  9.9826e-01, -1.2826e-01, -1.3171e-01,
           4.2877e-01,  1.7093e+00, -7.1501e-01],
         [ 2.3086e-01,  2.9644e-01,  9.2673e-01, -7.9326e-01,  5.3269e-01,
          -4.3510e-01,  2.2439e+00,  6.4345e-01]],

        [[ 1.1592e-01,  2.7326e-01,  9.5493e-01, -6.8853e-01,  4.3943e-01,
           7.0382e-01,  1.9960e+00,  1.5197e-01],
         [ 1.3765e-01,  1.5994e-01,  9.7748e-01, -3.6930e-01,  3.9401e-01,
           3.3758e-01,  1.8218e+00, -4.7984e-01],
         [-2.2107e-01,  2.7598e-01,  9.3539e-01, -6.7868e-01, -6.9091e-01,
          -6.5916e-01,  2.1884e+00,  5.5035e-01],
         [ 3.0641e-02, -9.7260e-02,  9.9479e-01,  2.1867e-01, -6.5781e-02,
           1.8450e-01,  2.0367e+00,  1.1092e-01],
         [-4.3910e-02,  6.6481e-02,  9.9682e-01, -1.4707e-01, -9.3983e-02,
           4.2808e-01,  1.6878e+00, -7.3230e-01],
         [ 2.3977e-01,  2.9398e-01,  9.2525e-01, -7.9030e-01,  5.3806e-01,
          -4.5388e-01,  2.2497e+00,  6.4940e-01]],

        [[ 1.1176e-01,  2.9384e-01,  9.4930e-01, -7.1304e-01,  4.2534e-01,
           6.9536e-01,  2.0091e+00,  1.8489e-01],
         [ 1.4502e-01,  1.5958e-01,  9.7648e-01, -3.9721e-01,  4.1442e-01,
           3.3337e-01,  1.8468e+00, -4.4076e-01],
         [-2.2273e-01,  2.6512e-01,  9.3814e-01, -6.6893e-01, -6.8625e-01,
          -6.6682e-01,  2.1779e+00,  5.2044e-01],
         [ 4.5467e-02, -9.9357e-02,  9.9401e-01,  2.4899e-01, -4.9037e-02,
           1.9513e-01,  2.0220e+00,  1.1466e-01],
         [-4.8122e-02,  6.5530e-02,  9.9669e-01, -1.5922e-01, -1.2250e-01,
           4.3074e-01,  1.7027e+00, -7.1889e-01],
         [ 2.3115e-01,  3.0283e-01,  9.2459e-01, -8.0183e-01,  5.2660e-01,
          -4.2696e-01,  2.2740e+00,  6.7402e-01]]], device='cuda:0')
[17:47:12.606] [DEBUG] input_force_torque=torch.Size([16, 6]) cable.state=tensor([[[ 9.8833e-02,  2.8711e-01,  9.5279e-01, -7.1142e-01,  4.0186e-01,
           6.9079e-01,  1.9974e+00,  1.5609e-01],
         [ 1.2450e-01,  1.6548e-01,  9.7832e-01, -3.9361e-01,  3.8628e-01,
           3.4271e-01,  1.8159e+00, -4.8379e-01],
         [-2.1395e-01,  2.8593e-01,  9.3406e-01, -6.9855e-01, -6.8766e-01,
          -6.5040e-01,  2.1672e+00,  5.2145e-01],
         [ 2.7731e-02, -9.6768e-02,  9.9492e-01,  2.3969e-01, -8.1371e-02,
           1.8150e-01,  2.0244e+00,  1.2426e-01],
         [-3.7063e-02,  2.4170e-02,  9.9902e-01, -9.3668e-02, -1.2179e-01,
           4.2595e-01,  1.6906e+00, -7.3412e-01],
         [ 2.3700e-01,  2.7737e-01,  9.3107e-01, -7.6492e-01,  5.4445e-01,
          -3.8473e-01,  2.2570e+00,  6.5727e-01]],

        [[ 9.4801e-02,  3.0168e-01,  9.4869e-01, -7.3727e-01,  4.1692e-01,
           6.7931e-01,  2.0041e+00,  1.7997e-01],
         [ 1.3613e-01,  1.8094e-01,  9.7403e-01, -4.1234e-01,  3.7853e-01,
           3.5206e-01,  1.8215e+00, -4.8782e-01],
         [-2.0922e-01,  2.8006e-01,  9.3691e-01, -6.9546e-01, -6.8748e-01,
          -6.7061e-01,  2.1981e+00,  5.5021e-01],
         [ 2.6591e-02, -1.2135e-01,  9.9225e-01,  2.5880e-01, -8.0720e-02,
           1.8534e-01,  2.0368e+00,  1.1666e-01],
         [-2.5459e-02,  5.2775e-02,  9.9828e-01, -1.3018e-01, -8.8494e-02,
           4.3051e-01,  1.7059e+00, -7.1595e-01],
         [ 2.1415e-01,  2.9699e-01,  9.3056e-01, -7.9306e-01,  4.9691e-01,
          -4.1983e-01,  2.2518e+00,  6.3340e-01]],

        [[ 9.9438e-02,  2.9174e-01,  9.5131e-01, -7.2807e-01,  4.1157e-01,
           6.6687e-01,  2.0021e+00,  1.5987e-01],
         [ 1.4631e-01,  1.5836e-01,  9.7648e-01, -3.7589e-01,  4.2684e-01,
           3.3057e-01,  1.8456e+00, -4.4425e-01],
         [-2.3149e-01,  2.8654e-01,  9.2968e-01, -7.0217e-01, -7.0595e-01,
          -6.1971e-01,  2.1465e+00,  4.8793e-01],
         [ 1.6906e-02, -9.5924e-02,  9.9525e-01,  2.2084e-01, -7.7571e-02,
           2.2216e-01,  2.0174e+00,  1.0099e-01],
         [-4.8752e-02,  3.3251e-02,  9.9826e-01, -8.7600e-02, -1.4178e-01,
           4.5813e-01,  1.7156e+00, -7.0397e-01],
         [ 2.2060e-01,  2.9433e-01,  9.2989e-01, -7.8704e-01,  5.1971e-01,
          -4.0898e-01,  2.2802e+00,  6.7554e-01]],

        [[ 1.0568e-01,  2.9293e-01,  9.5028e-01, -7.1676e-01,  4.1156e-01,
           6.7061e-01,  2.0197e+00,  1.8985e-01],
         [ 1.3140e-01,  1.4059e-01,  9.8131e-01, -3.4645e-01,  3.9165e-01,
           3.2540e-01,  1.8389e+00, -4.5542e-01],
         [-2.2076e-01,  2.8572e-01,  9.3254e-01, -6.9803e-01, -6.9516e-01,
          -6.7222e-01,  2.1678e+00,  5.1876e-01],
         [ 2.8194e-02, -1.1002e-01,  9.9353e-01,  2.5387e-01, -6.9600e-02,
           2.0765e-01,  2.0388e+00,  1.2340e-01],
         [-1.8402e-02,  4.0771e-02,  9.9900e-01, -1.1705e-01, -8.0572e-02,
           4.0181e-01,  1.7127e+00, -7.0638e-01],
         [ 2.3805e-01,  2.8273e-01,  9.2919e-01, -7.7606e-01,  5.4982e-01,
          -4.4364e-01,  2.2650e+00,  6.5262e-01]],

        [[ 1.1148e-01,  2.9432e-01,  9.4918e-01, -7.2151e-01,  4.2208e-01,
           7.0082e-01,  2.0209e+00,  1.9495e-01],
         [ 1.2808e-01,  1.5596e-01,  9.7943e-01, -3.8348e-01,  3.9985e-01,
           3.3510e-01,  1.8229e+00, -4.6730e-01],
         [-2.2301e-01,  2.8784e-01,  9.3135e-01, -7.0344e-01, -6.9735e-01,
          -6.5360e-01,  2.1817e+00,  5.2930e-01],
         [ 1.1981e-02, -1.2145e-01,  9.9253e-01,  2.6790e-01, -9.8730e-02,
           1.8662e-01,  2.0237e+00,  1.0457e-01],
         [-4.1389e-02,  3.3929e-02,  9.9857e-01, -1.1413e-01, -1.2754e-01,
           4.4717e-01,  1.7043e+00, -7.1621e-01],
         [ 2.2330e-01,  2.9210e-01,  9.2996e-01, -7.8606e-01,  5.2501e-01,
          -4.3449e-01,  2.2589e+00,  6.4192e-01]],

        [[ 1.1067e-01,  2.9083e-01,  9.5035e-01, -7.1802e-01,  4.2150e-01,
           7.0979e-01,  2.0146e+00,  1.8001e-01],
         [ 1.3769e-01,  1.6468e-01,  9.7669e-01, -3.8736e-01,  4.0602e-01,
           3.3994e-01,  1.8211e+00, -4.5942e-01],
         [-2.2620e-01,  2.9215e-01,  9.2924e-01, -7.0903e-01, -7.0451e-01,
          -6.2031e-01,  2.1846e+00,  5.3455e-01],
         [ 2.2151e-02, -1.0315e-01,  9.9442e-01,  2.6298e-01, -1.0221e-01,
           2.4082e-01,  2.0051e+00,  6.8633e-02],
         [-2.2800e-02,  4.9074e-02,  9.9853e-01, -1.3325e-01, -1.0487e-01,
           4.2186e-01,  1.7084e+00, -7.0411e-01],
         [ 2.4045e-01,  2.8931e-01,  9.2655e-01, -7.8472e-01,  5.3941e-01,
          -4.4200e-01,  2.2493e+00,  6.4405e-01]],

        [[ 1.0482e-01,  2.9410e-01,  9.5001e-01, -7.1910e-01,  4.1821e-01,
           6.8178e-01,  2.0083e+00,  1.6473e-01],
         [ 1.2385e-01,  1.5902e-01,  9.7948e-01, -3.7821e-01,  3.9451e-01,
           3.8102e-01,  1.8213e+00, -4.7567e-01],
         [-2.3291e-01,  2.8638e-01,  9.2938e-01, -6.8887e-01, -7.1598e-01,
          -6.7934e-01,  2.1759e+00,  5.3659e-01],
         [ 2.1062e-02, -1.1075e-01,  9.9363e-01,  2.7269e-01, -1.0034e-01,
           1.9412e-01,  2.0353e+00,  1.3639e-01],
         [-1.2954e-03,  5.8002e-02,  9.9832e-01, -1.0699e-01, -4.4426e-02,
           4.2742e-01,  1.6869e+00, -7.4190e-01],
         [ 2.4572e-01,  2.7633e-01,  9.2912e-01, -7.7172e-01,  5.5906e-01,
          -4.3536e-01,  2.2598e+00,  6.6417e-01]],

        [[ 1.1218e-01,  2.8294e-01,  9.5255e-01, -6.9987e-01,  4.3670e-01,
           6.9510e-01,  2.0200e+00,  1.7879e-01],
         [ 1.4213e-01,  1.3909e-01,  9.8003e-01, -3.5410e-01,  3.9533e-01,
           3.1058e-01,  1.8377e+00, -4.4908e-01],
         [-2.3111e-01,  2.7444e-01,  9.3342e-01, -6.7648e-01, -7.0664e-01,
          -6.3753e-01,  2.1814e+00,  5.2131e-01],
         [ 1.0165e-02, -9.6676e-02,  9.9526e-01,  2.4670e-01, -1.0317e-01,
           1.8932e-01,  2.0409e+00,  1.2209e-01],
         [-3.6231e-02,  4.3714e-02,  9.9839e-01, -1.1957e-01, -1.1566e-01,
           4.1663e-01,  1.7037e+00, -7.1142e-01],
         [ 2.0629e-01,  3.0211e-01,  9.3068e-01, -7.9401e-01,  4.9611e-01,
          -3.9973e-01,  2.2572e+00,  6.4944e-01]],

        [[ 1.1867e-01,  2.9379e-01,  9.4848e-01, -7.2901e-01,  4.3593e-01,
           6.6600e-01,  1.9859e+00,  1.3935e-01],
         [ 1.3411e-01,  1.6898e-01,  9.7645e-01, -3.9316e-01,  3.9532e-01,
           3.7257e-01,  1.8295e+00, -4.5394e-01],
         [-2.1614e-01,  2.8795e-01,  9.3294e-01, -6.9960e-01, -6.8480e-01,
          -6.4208e-01,  2.1945e+00,  5.6466e-01],
         [ 7.6714e-03, -1.0636e-01,  9.9430e-01,  2.7026e-01, -1.3072e-01,
           2.1575e-01,  2.0431e+00,  9.8200e-02],
         [-4.9073e-02,  2.5574e-02,  9.9847e-01, -1.1140e-01, -1.3166e-01,
           4.3166e-01,  1.7075e+00, -7.1142e-01],
         [ 2.5059e-01,  2.8519e-01,  9.2513e-01, -7.8298e-01,  5.4744e-01,
          -4.2194e-01,  2.2465e+00,  6.4643e-01]],

        [[ 1.1929e-01,  3.0036e-01,  9.4634e-01, -7.3047e-01,  4.3382e-01,
           6.8133e-01,  2.0384e+00,  2.0226e-01],
         [ 1.3789e-01,  1.5752e-01,  9.7784e-01, -3.7620e-01,  3.9286e-01,
           3.6078e-01,  1.8485e+00, -4.4131e-01],
         [-2.1910e-01,  2.7858e-01,  9.3509e-01, -6.8545e-01, -6.9039e-01,
          -6.3903e-01,  2.1731e+00,  5.1017e-01],
         [ 6.7038e-03, -8.9310e-02,  9.9598e-01,  2.2934e-01, -1.1444e-01,
           1.9508e-01,  2.0303e+00,  9.6738e-02],
         [-8.2929e-03,  1.1225e-02,  9.9990e-01, -5.1008e-02, -7.9171e-02,
           4.3135e-01,  1.6987e+00, -7.2924e-01],
         [ 2.3889e-01,  2.8921e-01,  9.2698e-01, -7.8488e-01,  5.4261e-01,
          -4.3592e-01,  2.2601e+00,  6.6252e-01]],

        [[ 1.1127e-01,  3.0505e-01,  9.4581e-01, -7.3049e-01,  4.2272e-01,
           6.9831e-01,  2.0146e+00,  1.8642e-01],
         [ 1.1255e-01,  1.4216e-01,  9.8342e-01, -3.7948e-01,  3.6208e-01,
           2.8169e-01,  1.8199e+00, -4.7718e-01],
         [-2.2889e-01,  2.9020e-01,  9.2919e-01, -7.0722e-01, -7.0337e-01,
          -6.2159e-01,  2.1646e+00,  5.0974e-01],
         [ 2.7969e-02, -1.1251e-01,  9.9326e-01,  2.5004e-01, -8.1777e-02,
           1.7382e-01,  2.0429e+00,  1.1867e-01],
         [-5.5298e-02,  3.9189e-02,  9.9770e-01, -1.1642e-01, -1.3362e-01,
           3.8465e-01,  1.7115e+00, -6.9466e-01],
         [ 2.2240e-01,  2.9977e-01,  9.2773e-01, -7.9567e-01,  5.0178e-01,
          -4.3449e-01,  2.2615e+00,  6.5316e-01]],

        [[ 1.1553e-01,  2.9051e-01,  9.4987e-01, -7.1810e-01,  4.3182e-01,
           7.0365e-01,  2.0118e+00,  1.8404e-01],
         [ 1.5121e-01,  1.5170e-01,  9.7679e-01, -3.6693e-01,  4.1908e-01,
           3.1725e-01,  1.8397e+00, -4.5542e-01],
         [-2.3795e-01,  2.7704e-01,  9.3093e-01, -6.8800e-01, -7.2225e-01,
          -6.5307e-01,  2.1735e+00,  5.2153e-01],
         [ 2.2540e-02, -1.1441e-01,  9.9318e-01,  2.6987e-01, -8.5192e-02,
           1.7788e-01,  2.0296e+00,  1.1474e-01],
         [-3.3287e-02,  5.7421e-02,  9.9779e-01, -1.5390e-01, -1.0631e-01,
           3.9756e-01,  1.6924e+00, -7.3518e-01],
         [ 2.3922e-01,  2.8559e-01,  9.2801e-01, -7.8112e-01,  5.4362e-01,
          -4.1291e-01,  2.2767e+00,  6.7059e-01]],

        [[ 1.2352e-01,  3.0871e-01,  9.4310e-01, -7.3682e-01,  4.4389e-01,
           6.8243e-01,  1.9984e+00,  1.6984e-01],
         [ 1.4539e-01,  1.6760e-01,  9.7507e-01, -3.9095e-01,  4.2364e-01,
           3.3001e-01,  1.8464e+00, -4.3533e-01],
         [-2.1305e-01,  2.9986e-01,  9.2989e-01, -7.0947e-01, -6.8838e-01,
          -6.4794e-01,  2.1718e+00,  5.1259e-01],
         [ 3.1094e-02, -9.1735e-02,  9.9530e-01,  2.4657e-01, -7.3456e-02,
           1.8137e-01,  2.0557e+00,  1.3329e-01],
         [-3.1935e-02,  2.7883e-02,  9.9910e-01, -9.7362e-02, -1.1437e-01,
           4.0033e-01,  1.7212e+00, -6.8970e-01],
         [ 2.2595e-01,  2.8421e-01,  9.3176e-01, -7.7564e-01,  5.2947e-01,
          -3.9287e-01,  2.2569e+00,  6.5516e-01]],

        [[ 1.1136e-01,  2.8843e-01,  9.5100e-01, -7.1560e-01,  4.1888e-01,
           6.8871e-01,  2.0206e+00,  1.8543e-01],
         [ 1.4501e-01,  1.6081e-01,  9.7627e-01, -3.8763e-01,  4.2548e-01,
           3.1313e-01,  1.8300e+00, -4.7732e-01],
         [-2.2348e-01,  2.8930e-01,  9.3079e-01, -6.9854e-01, -7.0135e-01,
          -6.5902e-01,  2.1537e+00,  4.9711e-01],
         [ 1.4854e-02, -1.0622e-01,  9.9423e-01,  2.4746e-01, -1.0075e-01,
           1.8933e-01,  2.0268e+00,  1.2265e-01],
         [-4.1773e-02,  4.1528e-02,  9.9826e-01, -1.2826e-01, -1.3171e-01,
           4.2877e-01,  1.7093e+00, -7.1501e-01],
         [ 2.3086e-01,  2.9644e-01,  9.2673e-01, -7.9326e-01,  5.3269e-01,
          -4.3510e-01,  2.2439e+00,  6.4345e-01]],

        [[ 1.1592e-01,  2.7326e-01,  9.5493e-01, -6.8853e-01,  4.3943e-01,
           7.0382e-01,  1.9960e+00,  1.5197e-01],
         [ 1.3765e-01,  1.5994e-01,  9.7748e-01, -3.6930e-01,  3.9401e-01,
           3.3758e-01,  1.8218e+00, -4.7984e-01],
         [-2.2107e-01,  2.7598e-01,  9.3539e-01, -6.7868e-01, -6.9091e-01,
          -6.5916e-01,  2.1884e+00,  5.5035e-01],
         [ 3.0641e-02, -9.7260e-02,  9.9479e-01,  2.1867e-01, -6.5781e-02,
           1.8450e-01,  2.0367e+00,  1.1092e-01],
         [-4.3910e-02,  6.6481e-02,  9.9682e-01, -1.4707e-01, -9.3983e-02,
           4.2808e-01,  1.6878e+00, -7.3230e-01],
         [ 2.3977e-01,  2.9398e-01,  9.2525e-01, -7.9030e-01,  5.3806e-01,
          -4.5388e-01,  2.2497e+00,  6.4940e-01]],

        [[ 1.1176e-01,  2.9384e-01,  9.4930e-01, -7.1304e-01,  4.2534e-01,
           6.9536e-01,  2.0091e+00,  1.8489e-01],
         [ 1.4502e-01,  1.5958e-01,  9.7648e-01, -3.9721e-01,  4.1442e-01,
           3.3337e-01,  1.8468e+00, -4.4076e-01],
         [-2.2273e-01,  2.6512e-01,  9.3814e-01, -6.6893e-01, -6.8625e-01,
          -6.6682e-01,  2.1779e+00,  5.2044e-01],
         [ 4.5467e-02, -9.9357e-02,  9.9401e-01,  2.4899e-01, -4.9037e-02,
           1.9513e-01,  2.0220e+00,  1.1466e-01],
         [-4.8122e-02,  6.5530e-02,  9.9669e-01, -1.5922e-01, -1.2250e-01,
           4.3074e-01,  1.7027e+00, -7.1889e-01],
         [ 2.3115e-01,  3.0283e-01,  9.2459e-01, -8.0183e-01,  5.2660e-01,
          -4.2696e-01,  2.2740e+00,  6.7402e-01]]], device='cuda:0')
[17:47:12.609] [DEBUG] payload.state.shape=torch.Size([16, 13]) payload.state=tensor([[ 4.4425e-02,  9.2866e-02,  1.5785e+00,  3.1743e-01,  4.1306e-01,
          2.0888e+00,  9.9804e-01,  1.3829e-03, -2.1270e-03,  6.2509e-02,
          5.0539e-03, -9.5233e-03,  6.3713e-01],
        [ 4.0651e-02,  1.0657e-01,  1.5853e+00,  3.0638e-01,  4.7912e-01,
          2.1113e+00,  9.9779e-01,  2.9648e-03,  1.5799e-03,  6.6370e-02,
          2.1094e-02,  1.5503e-02,  6.6452e-01],
        [ 3.4827e-02,  9.4862e-02,  1.5858e+00,  3.0372e-01,  4.0184e-01,
          2.1157e+00,  9.9801e-01, -2.9489e-03, -4.6549e-03,  6.2778e-02,
         -2.4805e-02, -2.7879e-02,  6.2539e-01],
        [ 4.6061e-02,  9.0353e-02,  1.5886e+00,  3.3538e-01,  3.9216e-01,
          2.1244e+00,  9.9764e-01,  4.2429e-04, -2.9545e-03,  6.8655e-02,
         -6.1318e-05, -1.5129e-02,  6.7214e-01],
        [ 3.9904e-02,  9.5106e-02,  1.5868e+00,  3.1189e-01,  4.2009e-01,
          2.1139e+00,  9.9773e-01,  8.5610e-04, -2.8209e-03,  6.7209e-02,
          4.4971e-03, -1.4791e-02,  6.6730e-01],
        [ 5.0077e-02,  1.0633e-01,  1.5801e+00,  3.6182e-01,  4.4768e-01,
          2.0920e+00,  9.9777e-01,  1.8134e-03, -2.3341e-03,  6.6666e-02,
          1.0372e-02, -1.3120e-02,  6.5900e-01],
        [ 4.6803e-02,  9.8371e-02,  1.5809e+00,  3.5074e-01,  4.2014e-01,
          2.0960e+00,  9.9729e-01,  1.4683e-03, -2.6608e-03,  7.3542e-02,
          8.6377e-03, -1.1962e-02,  7.0882e-01],
        [ 3.8115e-02,  1.0201e-01,  1.5898e+00,  2.9748e-01,  4.6482e-01,
          2.1238e+00,  9.9843e-01,  3.5568e-03, -2.1686e-03,  5.5941e-02,
          2.1318e-02, -1.0857e-02,  5.9360e-01],
        [ 3.8821e-02,  1.0336e-01,  1.5836e+00,  2.8284e-01,  4.7365e-01,
          2.1047e+00,  9.9768e-01,  3.1712e-03,  3.6186e-03,  6.7835e-02,
          2.4848e-02,  3.2192e-02,  6.5920e-01],
        [ 5.6520e-02,  1.0078e-01,  1.5915e+00,  3.9597e-01,  4.2692e-01,
          2.1239e+00,  9.9751e-01,  4.3221e-03, -5.2539e-03,  7.0264e-02,
          2.3858e-02, -2.9830e-02,  6.8152e-01],
        [ 2.9704e-02,  1.0061e-01,  1.5851e+00,  2.7600e-01,  4.4000e-01,
          2.1127e+00,  9.9753e-01, -5.5900e-04, -2.8219e-04,  7.0239e-02,
         -5.2133e-03,  2.3967e-03,  6.7838e-01],
        [ 5.1486e-02,  8.9516e-02,  1.5866e+00,  3.5347e-01,  3.9595e-01,
          2.1124e+00,  9.9779e-01,  1.3288e-03, -3.9667e-03,  6.6263e-02,
          6.4632e-03, -2.2452e-02,  6.5992e-01],
        [ 4.7021e-02,  1.0718e-01,  1.5880e+00,  3.1764e-01,  4.6382e-01,
          2.1244e+00,  9.9786e-01,  1.4487e-03,  2.6389e-03,  6.5312e-02,
          5.7949e-03,  2.2748e-02,  6.3579e-01],
        [ 4.3515e-02,  9.7099e-02,  1.5807e+00,  3.3052e-01,  4.2710e-01,
          2.0955e+00,  9.9793e-01,  1.2307e-03, -3.2182e-03,  6.4142e-02,
          3.0898e-03, -1.8152e-02,  6.3700e-01],
        [ 4.0236e-02,  1.0893e-01,  1.5798e+00,  3.1224e-01,  4.9823e-01,
          2.0895e+00,  9.9825e-01,  4.8693e-03,  1.1848e-03,  5.8975e-02,
          3.4578e-02,  9.5343e-03,  6.0675e-01],
        [ 5.0833e-02,  1.0318e-01,  1.5866e+00,  3.6148e-01,  4.5590e-01,
          2.1122e+00,  9.9793e-01,  2.9374e-03, -2.9020e-03,  6.4109e-02,
          1.8838e-02, -1.5611e-02,  6.3991e-01]], device='cuda:0')
[17:47:12.614] [DEBUG] drone_pos.shape=torch.Size([16, 6, 3]) drone_pos=tensor([[[ 0.3913,  0.4112,  2.5324],
         [ 0.2659,  0.4888,  2.5579],
         [-0.3206,  0.5780,  2.5125],
         [-0.1759, -0.0351,  2.5723],
         [-0.0896, -0.1134,  2.5764],
         [ 0.4325,  0.1710,  2.5096]],

        [[ 0.3832,  0.4414,  2.5333],
         [ 0.2720,  0.5187,  2.5603],
         [-0.3211,  0.5847,  2.5239],
         [-0.1806, -0.0479,  2.5782],
         [-0.0800, -0.0718,  2.5826],
         [ 0.4074,  0.2055,  2.5142]],

        [[ 0.3823,  0.4179,  2.5393],
         [ 0.2780,  0.4837,  2.5620],
         [-0.3478,  0.5805,  2.5129],
         [-0.1963, -0.0324,  2.5788],
         [-0.1108, -0.1023,  2.5843],
         [ 0.4066,  0.1901,  2.5182]],

        [[ 0.3994,  0.4175,  2.5403],
         [ 0.2716,  0.4625,  2.5707],
         [-0.3282,  0.5734,  2.5205],
         [-0.1734, -0.0539,  2.5806],
         [-0.0665, -0.1005,  2.5867],
         [ 0.4376,  0.1757,  2.5184]],

        [[ 0.3991,  0.4230,  2.5374],
         [ 0.2628,  0.4824,  2.5672],
         [-0.3360,  0.5807,  2.5177],
         [-0.1959, -0.0599,  2.5779],
         [-0.0963, -0.1023,  2.5843],
         [ 0.4161,  0.1894,  2.5172]],

        [[ 0.4085,  0.4304,  2.5316],
         [ 0.2828,  0.5022,  2.5581],
         [-0.3288,  0.5964,  2.5094],
         [-0.1755, -0.0301,  2.5733],
         [-0.0678, -0.0758,  2.5773],
         [ 0.4432,  0.1977,  2.5065]],

        [[ 0.3989,  0.4291,  2.5323],
         [ 0.2625,  0.4899,  2.5616],
         [-0.3415,  0.5806,  2.5102],
         [-0.1794, -0.0490,  2.5732],
         [-0.0464, -0.0761,  2.5780],
         [ 0.4479,  0.1789,  2.5102]],

        [[ 0.3987,  0.4129,  2.5435],
         [ 0.2803,  0.4702,  2.5719],
         [-0.3414,  0.5776,  2.5241],
         [-0.2002, -0.0226,  2.5839],
         [-0.0981, -0.0834,  2.5861],
         [ 0.3928,  0.2029,  2.5196]],

        [[ 0.4052,  0.4310,  2.5304],
         [ 0.2675,  0.5038,  2.5607],
         [-0.3305,  0.5889,  2.5189],
         [-0.2012, -0.0368,  2.5796],
         [-0.1048, -0.1025,  2.5815],
         [ 0.4426,  0.1910,  2.5064]],

        [[ 0.4233,  0.4362,  2.5407],
         [ 0.2878,  0.4902,  2.5725],
         [-0.3167,  0.5762,  2.5270],
         [-0.1843, -0.0236,  2.5848],
         [-0.0452, -0.1199,  2.5884],
         [ 0.4495,  0.1931,  2.5182]],

        [[ 0.3885,  0.4407,  2.5310],
         [ 0.2357,  0.4747,  2.5683],
         [-0.3533,  0.5877,  2.5139],
         [-0.1899, -0.0469,  2.5782],
         [-0.1190, -0.0921,  2.5830],
         [ 0.4062,  0.2035,  2.5131]],

        [[ 0.4148,  0.4131,  2.5385],
         [ 0.2980,  0.4723,  2.5649],
         [-0.3390,  0.5646,  2.5170],
         [-0.1738, -0.0580,  2.5778],
         [-0.0771, -0.0842,  2.5829],
         [ 0.4432,  0.1770,  2.5152]],

        [[ 0.4184,  0.4485,  2.5298],
         [ 0.2881,  0.5057,  2.5631],
         [-0.3182,  0.6054,  2.5192],
         [-0.1697, -0.0171,  2.5845],
         [-0.0806, -0.0959,  2.5870],
         [ 0.4251,  0.1930,  2.5184]],

        [[ 0.4028,  0.4175,  2.5333],
         [ 0.2848,  0.4886,  2.5582],
         [-0.3317,  0.5851,  2.5111],
         [-0.1896, -0.0411,  2.5732],
         [-0.0945, -0.0921,  2.5777],
         [ 0.4261,  0.1948,  2.5078]],

        [[ 0.4044,  0.4116,  2.5343],
         [ 0.2765,  0.4986,  2.5592],
         [-0.3305,  0.5852,  2.5176],
         [-0.1774, -0.0178,  2.5751],
         [-0.1023, -0.0543,  2.5747],
         [ 0.4296,  0.2026,  2.5027]],

        [[ 0.4105,  0.4290,  2.5375],
         [ 0.2921,  0.4935,  2.5651],
         [-0.3236,  0.5670,  2.5252],
         [-0.1516, -0.0282,  2.5791],
         [-0.0936, -0.0620,  2.5814],
         [ 0.4337,  0.2073,  2.5108]]], device='cuda:0')
[17:47:12.615] [DEBUG] reward=tensor([-1.3507, -1.3538, -1.3598, -1.3657, -1.3605, -1.3485, -1.3531, -1.3601,
        -1.3524, -1.3654, -1.3564, -1.3629, -1.3578, -1.3519, -1.3447, -1.3571],
       device='cuda:0') done=tensor([False, False, False, False, False, False, False, False, False, False,
        False, False, False, False, False, False], device='cuda:0')
[17:47:12.615] [DEBUG] obs.shape=torch.Size([16, 39])
[17:47:13.565] [WARNING] NaN/Inf detected in payload.state!
[17:47:13.566] [WARNING] NaN/Inf detected in drone_pos!
[17:47:13.570] [WARNING] NaN/Inf detected in input_force_torque!
[17:47:13.570] [WARNING] NaN/Inf detected in payload.state!
[17:47:13.570] [WARNING] NaN/Inf detected in drone_pos!
[17:47:13.575] [WARNING] NaN/Inf detected in input_force_torque!
[17:47:13.575] [WARNING] NaN/Inf detected in payload.state!
[17:47:13.575] [WARNING] NaN/Inf detected in drone_pos!
[17:47:13.579] [WARNING] NaN/Inf detected in input_force_torque!
[17:47:13.580] [WARNING] NaN/Inf detected in payload.state!
[17:47:13.580] [WARNING] NaN/Inf detected in drone_pos!
[17:47:13.584] [WARNING] NaN/Inf detected in input_force_torque!
[17:47:13.584] [WARNING] NaN/Inf detected in payload.state!
[17:47:13.585] [WARNING] NaN/Inf detected in drone_pos!
[17:47:13.589] [WARNING] NaN/Inf detected in input_force_torque!
[17:47:13.589] [WARNING] NaN/Inf detected in payload.state!
[17:47:13.589] [WARNING] NaN/Inf detected in drone_pos!
[17:47:13.594] [WARNING] NaN/Inf detected in input_force_torque!
[17:47:13.594] [WARNING] NaN/Inf detected in payload.state!
[17:47:13.594] [WARNING] NaN/Inf detected in drone_pos!
[17:47:13.598] [WARNING] NaN/Inf detected in input_force_torque!
[17:47:13.598] [WARNING] NaN/Inf detected in payload.state!
[17:47:13.599] [WARNING] NaN/Inf detected in drone_pos!
[17:47:13.603] [WARNING] NaN/Inf detected in input_force_torque!
[17:47:13.603] [WARNING] NaN/Inf detected in payload.state!
[17:47:13.603] [WARNING] NaN/Inf detected in drone_pos!
[17:47:13.608] [WARNING] NaN/Inf detected in input_force_torque!
[17:47:13.608] [WARNING] NaN/Inf detected in payload.state!
[17:47:13.608] [WARNING] NaN/Inf detected in drone_pos!
[17:47:13.613] [WARNING] NaN/Inf detected in input_force_torque!
[17:47:13.613] [WARNING] NaN/Inf detected in payload.state!
[17:47:13.613] [WARNING] NaN/Inf detected in drone_pos!
[17:47:13.617] [WARNING] NaN/Inf detected in input_force_torque!
[17:47:13.617] [WARNING] NaN/Inf detected in payload.state!
[17:47:13.618] [WARNING] NaN/Inf detected in drone_pos!
[17:47:13.622] [WARNING] NaN/Inf detected in input_force_torque!
[17:47:13.622] [WARNING] NaN/Inf detected in payload.state!
[17:47:13.622] [WARNING] NaN/Inf detected in drone_pos!
[17:47:13.627] [WARNING] NaN/Inf detected in input_force_torque!
[17:47:13.627] [WARNING] NaN/Inf detected in payload.state!
[17:47:13.627] [WARNING] NaN/Inf detected in drone_pos!
[17:47:13.632] [WARNING] NaN/Inf detected in input_force_torque!
[17:47:13.632] [WARNING] NaN/Inf detected in payload.state!
[17:47:13.632] [WARNING] NaN/Inf detected in drone_pos!
[17:47:13.636] [WARNING] NaN/Inf detected in input_force_torque!
[17:47:13.636] [WARNING] NaN/Inf detected in payload.state!
[17:47:13.637] [WARNING] NaN/Inf detected in drone_pos!
[17:47:13.641] [WARNING] NaN/Inf detected in input_force_torque!
[17:47:13.641] [WARNING] NaN/Inf detected in payload.state!
[17:47:13.641] [WARNING] NaN/Inf detected in drone_pos!
[17:47:13.646] [WARNING] NaN/Inf detected in input_force_torque!
[17:47:13.646] [WARNING] NaN/Inf detected in payload.state!
[17:47:13.646] [WARNING] NaN/Inf detected in drone_pos!
[17:47:13.650] [WARNING] NaN/Inf detected in input_force_torque!
[17:47:13.650] [WARNING] NaN/Inf detected in payload.state!
[17:47:13.651] [WARNING] NaN/Inf detected in drone_pos!
[17:47:13.655] [WARNING] NaN/Inf detected in input_force_torque!
[17:47:13.655] [WARNING] NaN/Inf detected in payload.state!
[17:47:13.656] [WARNING] NaN/Inf detected in drone_pos!
[17:47:13.660] [WARNING] NaN/Inf detected in input_force_torque!
[17:47:13.660] [WARNING] NaN/Inf detected in payload.state!
[17:47:13.660] [WARNING] NaN/Inf detected in drone_pos!
[17:47:13.665] [WARNING] NaN/Inf detected in input_force_torque!
[17:47:13.665] [WARNING] NaN/Inf detected in payload.state!
[17:47:13.665] [WARNING] NaN/Inf detected in drone_pos!
[17:47:13.669] [WARNING] NaN/Inf detected in input_force_torque!
[17:47:13.669] [WARNING] NaN/Inf detected in payload.state!
[17:47:13.670] [WARNING] NaN/Inf detected in drone_pos!
[17:47:13.674] [WARNING] NaN/Inf detected in input_force_torque!
[17:47:13.674] [WARNING] NaN/Inf detected in payload.state!
[17:47:13.674] [WARNING] NaN/Inf detected in drone_pos!
[17:47:13.679] [WARNING] NaN/Inf detected in input_force_torque!
[17:47:13.679] [WARNING] NaN/Inf detected in payload.state!
[17:47:13.679] [WARNING] NaN/Inf detected in drone_pos!
