Environment Step Log - Started at 2025-09-27 17:29:33
================================================================================
Number of environments: 16
Number of cables: 6
Device: cuda
================================================================================

[17:29:34.459] [DEBUG] step_counter=0 action.shape=torch.Size([16, 6, 4]) action=tensor([[[ 0.1927,  1.0000, -0.1798,  0.9153],
         [-1.0000,  0.6634, -0.6035, -0.7846],
         [ 0.4993, -1.0000, -1.0000, -0.3941],
         [-0.1695,  0.1034, -1.0000,  1.0000],
         [-0.7435,  0.6418,  0.9311, -0.0175],
         [ 1.0000, -0.5324, -0.2781,  1.0000]],

        [[-0.3274, -1.0000,  1.0000, -0.6263],
         [ 0.2364, -1.0000, -1.0000, -1.0000],
         [ 0.8100,  1.0000,  0.6264,  0.3344],
         [-1.0000,  0.5265,  1.0000, -0.6192],
         [ 0.9135,  0.0320,  0.2189, -0.1249],
         [ 0.4732, -0.6049, -1.0000,  0.0960]],

        [[-0.3361, -0.5382, -0.8854,  0.4600],
         [ 0.2166, -0.1872,  1.0000, -1.0000],
         [-0.3784, -0.5757,  0.4263, -0.6279],
         [ 1.0000, -0.9104,  0.2231, -0.3817],
         [ 1.0000, -1.0000,  0.6886, -1.0000],
         [-0.2399,  0.4980,  0.0762,  0.2592]],

        [[ 0.3603,  1.0000,  0.0156,  1.0000],
         [-1.0000,  0.9588, -0.4114,  0.7935],
         [-0.6073, -0.6364, -0.7439, -0.5979],
         [-0.5168, -0.5140,  0.1471,  0.4883],
         [ 0.4779, -1.0000, -0.1376,  0.2925],
         [-1.0000, -0.6622,  0.0509,  0.1945]],

        [[ 0.5947,  0.2198,  1.0000, -0.6155],
         [-1.0000,  0.0165,  1.0000,  1.0000],
         [-0.0054, -1.0000, -0.7714,  0.2848],
         [-0.6244, -0.1355, -0.8049, -1.0000],
         [ 0.6710, -0.1401, -0.0820,  0.4643],
         [-0.1735,  0.0057,  0.6014,  0.2472]],

        [[ 0.7472, -0.1293, -0.1099, -0.4349],
         [-0.4522, -1.0000, -0.1978, -0.6455],
         [ 0.1687,  1.0000, -0.0492,  1.0000],
         [ 1.0000, -1.0000, -0.6983,  1.0000],
         [ 1.0000, -0.6662,  1.0000, -0.2639],
         [ 0.5776,  0.4101,  1.0000, -1.0000]],

        [[-0.6339,  1.0000, -0.1025,  0.3021],
         [-0.6774, -1.0000,  0.9574,  0.8215],
         [-0.6574,  1.0000,  1.0000, -0.5165],
         [ 0.1624, -1.0000, -0.1477, -0.5610],
         [-0.8367, -0.0442, -0.0602,  0.7653],
         [ 0.9535,  0.8086, -0.6338,  1.0000]],

        [[-1.0000, -0.0357, -0.3735, -0.4204],
         [ 0.2024, -1.0000,  0.3563, -0.4157],
         [-1.0000, -1.0000, -1.0000, -1.0000],
         [-0.7331,  0.6642, -0.6344,  0.3479],
         [-1.0000, -0.3648,  0.7275,  0.5882],
         [-0.6141, -0.1425, -0.4561, -1.0000]],

        [[ 0.3862, -0.2177,  0.5919, -0.9369],
         [ 0.0489, -0.7915,  0.4399,  1.0000],
         [ 0.2205,  0.9657,  0.7600,  0.8242],
         [-0.4443, -0.0100, -0.8706,  0.4709],
         [ 1.0000,  0.3533,  0.0478,  0.8605],
         [-0.2563, -0.1019,  1.0000, -0.4216]],

        [[ 0.5473,  0.1372, -1.0000,  0.0317],
         [-1.0000, -0.2440,  0.0693,  1.0000],
         [ 0.9510,  1.0000, -1.0000, -0.5738],
         [-0.0963, -1.0000,  0.1413,  0.3069],
         [-0.2521, -0.8986,  0.4076,  1.0000],
         [ 1.0000,  0.3321,  0.1018, -0.6590]],

        [[-1.0000, -0.6762,  1.0000,  0.3654],
         [-0.5035,  0.0565, -1.0000, -0.1118],
         [-0.1369, -0.6767, -0.3684,  0.0031],
         [-0.0123, -1.0000,  0.7622, -1.0000],
         [-1.0000,  1.0000,  0.1593,  0.5961],
         [ 0.6801,  0.4966, -1.0000,  1.0000]],

        [[-1.0000, -0.1866, -0.0302,  0.2838],
         [ 0.7045,  1.0000,  0.3149,  0.5336],
         [-0.2724, -0.7954,  0.4073, -0.3015],
         [-1.0000, -0.2034, -0.0525, -0.1158],
         [ 0.5216,  1.0000, -0.0266, -0.8523],
         [ 1.0000,  0.6737,  0.8239,  0.2853]],

        [[ 0.0157,  0.7162,  1.0000, -0.0496],
         [-1.0000, -0.6318,  0.9301,  0.7827],
         [ 0.6508, -0.4622, -1.0000, -0.3771],
         [ 0.0036, -1.0000,  1.0000, -1.0000],
         [ 0.2321,  0.5575, -1.0000, -1.0000],
         [ 1.0000,  1.0000, -0.4611, -0.3721]],

        [[-1.0000, -1.0000, -0.3311,  0.1682],
         [ 1.0000, -1.0000,  0.4033,  1.0000],
         [-1.0000,  1.0000, -1.0000, -1.0000],
         [-0.1428,  0.9382, -1.0000, -0.0825],
         [ 0.8246, -0.1069, -0.8201, -1.0000],
         [ 0.1153,  0.0757, -1.0000, -1.0000]],

        [[ 1.0000,  0.2970, -1.0000, -0.7113],
         [ 0.7780,  0.8998,  1.0000,  0.8482],
         [ 1.0000, -0.1586,  1.0000,  0.4586],
         [-0.0541, -0.5043, -0.2895,  0.9191],
         [-1.0000, -1.0000, -0.1659, -0.3632],
         [ 0.4580, -1.0000,  1.0000,  0.2220]],

        [[-0.0936,  1.0000,  0.6053,  0.7325],
         [ 0.8147,  0.4473, -0.0508, -0.4234],
         [-1.0000,  0.3032,  1.0000,  0.9479],
         [ 1.0000, -1.0000,  0.2079,  1.0000],
         [-0.1783, -0.6733,  1.0000, -1.0000],
         [ 0.8249, -0.7032, -0.1159, -0.7126]]], device='cuda:0')
[17:29:34.917] [DEBUG] step_counter=55 action.shape=torch.Size([16, 6, 4]) action=tensor([[[ 0.5490, -0.9290, -0.2941,  1.0000],
         [ 0.1020, -1.0000, -0.8464, -0.1755],
         [ 0.8575,  0.3557,  0.8243,  1.0000],
         [-0.8101, -0.5743,  0.3668,  0.1024],
         [ 0.9784,  0.1526,  1.0000,  0.5719],
         [-0.1815, -1.0000,  0.0986, -0.3232]],

        [[-0.6444, -0.7012, -1.0000, -1.0000],
         [-0.9662, -0.1370, -0.7092,  0.3788],
         [-0.3254, -0.0799,  1.0000,  0.7904],
         [-0.1229,  0.8676,  1.0000,  1.0000],
         [ 1.0000, -0.2209,  0.9921, -0.6396],
         [ 0.0035, -0.1741,  1.0000,  0.0767]],

        [[ 0.2679,  0.4731,  0.6799,  0.3914],
         [-1.0000,  0.5094, -0.7447, -0.0125],
         [ 1.0000, -0.9758, -1.0000,  0.3141],
         [-1.0000, -1.0000,  0.1972,  0.3176],
         [-0.6065, -1.0000,  0.3499,  0.1829],
         [-0.2363, -0.0620, -1.0000, -0.0785]],

        [[-1.0000, -0.9015,  1.0000,  0.6436],
         [ 1.0000,  0.7391,  0.5167, -0.1922],
         [ 1.0000,  0.2840, -0.4189,  0.9749],
         [-0.6717, -1.0000,  0.1752,  1.0000],
         [ 0.2693, -1.0000,  1.0000,  1.0000],
         [-0.3296,  0.6970,  1.0000,  0.6045]],

        [[ 0.7930,  1.0000, -0.8619,  0.6427],
         [ 1.0000,  0.8711, -0.6935,  0.2458],
         [-0.3591, -1.0000, -0.0016,  1.0000],
         [-1.0000, -0.4078,  0.6727, -1.0000],
         [ 0.7666, -0.9436, -0.1597, -0.7060],
         [ 0.3836, -1.0000,  0.2995, -0.5294]],

        [[ 1.0000,  0.0773, -0.7361,  0.0540],
         [-0.1587, -1.0000, -1.0000, -1.0000],
         [-1.0000, -1.0000, -0.2505,  0.8168],
         [-0.9512, -1.0000, -1.0000, -0.5185],
         [-0.8992, -1.0000,  0.8214, -0.9224],
         [-0.7641, -1.0000, -1.0000, -1.0000]],

        [[ 0.2409, -1.0000, -1.0000,  1.0000],
         [ 0.0871,  0.5511,  0.9326, -0.4332],
         [ 1.0000, -0.0825, -0.5644,  0.3737],
         [-1.0000, -1.0000, -0.2231, -0.5249],
         [ 1.0000, -0.0242, -0.4611, -0.2608],
         [-0.3139, -1.0000, -1.0000, -1.0000]],

        [[ 1.0000, -1.0000,  0.3171, -0.0403],
         [-0.3260, -0.0222,  0.7362, -0.9596],
         [ 0.2529, -1.0000, -0.6575,  1.0000],
         [-0.0098, -0.0115, -0.2376, -0.4121],
         [-0.7136, -0.7861, -0.9066, -0.3115],
         [-0.8732, -0.5108,  0.1583,  1.0000]],

        [[ 0.0744, -1.0000, -0.4981,  0.5627],
         [-0.0813, -0.3715,  0.8723, -1.0000],
         [-1.0000, -0.2675,  0.5639,  0.0063],
         [ 0.6182, -0.1754,  1.0000,  1.0000],
         [-0.7606,  0.3746,  0.0024, -1.0000],
         [ 0.9419, -0.7864, -0.3126, -1.0000]],

        [[ 1.0000, -1.0000, -0.2788, -1.0000],
         [-0.4107,  1.0000,  0.5871, -0.2020],
         [-0.1959, -0.4273,  0.4810, -0.9118],
         [ 0.6321, -0.1434,  0.8191, -1.0000],
         [ 0.0529, -0.0405,  0.1715, -0.7239],
         [-0.6596,  0.8040,  0.4612,  0.1424]],

        [[-0.4429, -0.3808,  1.0000,  1.0000],
         [-0.8610, -0.1064,  0.0494,  1.0000],
         [ 0.9626, -0.9965,  0.7993, -0.7426],
         [ 0.7147,  0.7009,  0.5293, -0.1479],
         [-0.4323, -0.5715, -0.5909,  0.2680],
         [-0.2709, -0.6680, -0.9838,  0.2801]],

        [[-0.2795,  1.0000, -1.0000, -0.8575],
         [ 0.1675, -0.4533, -0.6016, -0.1538],
         [ 0.6542, -0.5500, -0.2300,  1.0000],
         [ 0.8216, -0.6958,  1.0000, -0.7360],
         [-0.4553,  0.6546, -0.0727,  0.2934],
         [-0.3297, -1.0000, -0.4599, -1.0000]],

        [[-0.7103, -1.0000, -0.0658, -0.4287],
         [-1.0000,  0.0540, -1.0000, -0.0899],
         [ 0.9977,  0.5569, -0.5712,  0.2537],
         [ 1.0000, -0.1263,  0.3049, -1.0000],
         [ 0.4112,  0.3051, -1.0000,  0.2076],
         [-1.0000,  0.0594, -1.0000,  1.0000]],

        [[-1.0000,  0.3888, -0.8162,  0.2071],
         [ 0.3031,  0.5346, -1.0000,  1.0000],
         [-1.0000,  0.3587,  1.0000,  1.0000],
         [ 0.8196,  1.0000, -0.5790,  0.7194],
         [-0.5802, -1.0000,  0.2832,  0.0448],
         [-0.1141, -0.4493,  0.5528, -1.0000]],

        [[ 1.0000,  0.5600,  0.8986, -1.0000],
         [ 1.0000,  1.0000,  0.3602, -0.8672],
         [ 0.2608,  0.6623, -0.7142,  0.2931],
         [ 0.1636, -0.0547, -1.0000,  1.0000],
         [ 0.3623, -1.0000,  0.7867, -0.3697],
         [-0.3232, -1.0000,  1.0000, -0.3356]],

        [[ 0.9488, -0.2070, -1.0000,  0.6099],
         [-0.2673, -0.2408, -0.8040, -0.4767],
         [ 0.7408,  1.0000,  1.0000, -0.1570],
         [-0.5916,  0.4496,  1.0000, -1.0000],
         [-1.0000,  0.0862,  1.0000,  0.0924],
         [ 0.6894, -0.9304, -1.0000,  0.5942]]], device='cuda:0')
[17:29:35.418] [DEBUG] step_counter=131 action.shape=torch.Size([16, 6, 4]) action=tensor([[[-0.1042, -1.0000, -0.3193, -0.4582],
         [ 0.9839,  0.2353, -0.7810, -0.4329],
         [-0.4985, -1.0000,  1.0000, -0.9045],
         [ 1.0000,  1.0000,  0.9168, -0.2150],
         [ 0.2794, -1.0000,  0.9009, -0.9827],
         [ 1.0000,  0.6920,  1.0000, -0.1631]],

        [[-0.0376, -0.2971, -0.4751,  0.3357],
         [ 0.1617, -0.4247,  0.8572,  0.1098],
         [ 0.6665,  0.9801, -0.4905,  1.0000],
         [-0.6426,  0.6062, -0.5052,  1.0000],
         [ 0.1653, -0.0449, -0.1993,  0.0294],
         [-0.9913, -0.3014, -0.7857,  0.6241]],

        [[-1.0000, -0.1257, -1.0000, -1.0000],
         [ 0.1071, -0.4563,  0.3600,  0.5156],
         [-0.0094, -1.0000,  1.0000,  0.3057],
         [-0.8572,  0.6868,  0.0339, -0.8963],
         [-0.8020,  0.6690,  0.0922,  0.3084],
         [ 0.1668,  0.9079,  0.3046,  0.4798]],

        [[ 0.7906,  0.9032, -0.2517, -1.0000],
         [-1.0000, -0.7362, -0.1436, -0.8160],
         [-0.8928, -1.0000,  0.4001,  1.0000],
         [-0.7263,  1.0000, -0.1999, -1.0000],
         [-0.5024, -0.2831, -0.1327, -0.1806],
         [-1.0000, -0.1315,  1.0000,  1.0000]],

        [[-1.0000,  0.5498, -0.0021,  1.0000],
         [-1.0000, -0.1050,  0.2752, -0.1542],
         [-0.5393,  1.0000,  0.6646, -1.0000],
         [ 0.7680, -0.5779,  0.6374,  0.6979],
         [ 1.0000, -0.8960,  1.0000,  0.9474],
         [-0.3517,  0.9054, -0.4414,  1.0000]],

        [[-0.0493, -0.0044,  1.0000, -0.1425],
         [ 1.0000,  1.0000, -0.3108, -0.3974],
         [ 0.2441,  0.6318,  0.4664, -1.0000],
         [ 0.1253,  0.0531,  1.0000, -1.0000],
         [-0.4723,  0.7212,  1.0000, -0.7128],
         [-1.0000,  0.3545, -0.1559,  0.8975]],

        [[-1.0000, -0.6460, -0.8609, -0.3630],
         [-0.0507,  0.8957,  1.0000,  1.0000],
         [ 0.6374,  0.3680, -0.7304,  0.8365],
         [-1.0000, -1.0000, -1.0000, -0.0862],
         [-1.0000, -1.0000, -1.0000, -1.0000],
         [ 0.5813,  0.7304,  0.9981,  1.0000]],

        [[-1.0000, -1.0000, -0.4913, -1.0000],
         [-1.0000,  1.0000, -1.0000, -0.1285],
         [ 0.3422, -1.0000,  0.2001,  1.0000],
         [-1.0000,  1.0000,  0.8993, -0.0225],
         [-0.2975,  0.5487,  1.0000, -1.0000],
         [ 0.2924, -0.5927, -0.2470, -1.0000]],

        [[-0.0819,  1.0000,  1.0000, -0.4355],
         [-0.3871, -1.0000,  1.0000,  0.3067],
         [-0.0896, -0.7367,  0.0771, -0.9790],
         [ 0.2341,  0.6057,  0.5436, -0.5363],
         [-0.5273, -0.6567, -0.3251,  0.1420],
         [ 0.1578,  0.3372, -0.8020, -1.0000]],

        [[ 0.8253,  0.5168,  1.0000, -0.0139],
         [ 0.5677,  1.0000, -0.2445,  0.1579],
         [ 0.9581, -1.0000,  0.0077,  0.3894],
         [-1.0000,  0.4439,  0.0340, -0.3430],
         [-0.4427,  1.0000, -0.7120, -0.2209],
         [-0.4462,  0.8265,  1.0000,  1.0000]],

        [[-1.0000,  0.0064, -0.4273,  1.0000],
         [-0.2093,  0.3740,  0.8332, -0.8518],
         [-0.3537,  1.0000, -0.0204,  0.3056],
         [ 0.2816, -1.0000,  1.0000,  1.0000],
         [ 1.0000,  0.5102,  1.0000, -0.0070],
         [ 0.6701,  0.6427,  0.1044, -0.0614]],

        [[-0.8401,  1.0000, -0.7972,  0.2232],
         [-0.1671, -0.7700, -0.5929, -1.0000],
         [ 0.5313,  0.6284, -1.0000,  0.5593],
         [-1.0000,  0.3888,  0.1272, -0.9678],
         [ 0.1034, -0.9114,  1.0000,  0.5399],
         [-0.1282,  0.9916,  0.4621,  0.3431]],

        [[-0.1317,  1.0000,  1.0000, -0.2318],
         [-0.8105, -0.8083, -1.0000, -0.6937],
         [-0.5493, -0.2303,  1.0000, -0.1921],
         [-0.0107,  0.6653,  1.0000, -0.1801],
         [-0.7360, -1.0000, -0.5088, -1.0000],
         [-0.6584, -1.0000,  1.0000, -0.0176]],

        [[-1.0000,  0.7497, -0.7280,  0.7486],
         [ 0.1921,  0.0802, -1.0000,  0.3345],
         [ 0.9602, -0.9428, -0.0933, -0.8576],
         [ 1.0000,  1.0000,  0.8512, -1.0000],
         [ 0.1138,  0.5551,  1.0000, -1.0000],
         [ 0.2563, -0.8127, -0.6702, -0.7950]],

        [[-0.3031,  0.8832, -0.1158, -0.4718],
         [-1.0000, -0.0527,  0.0394,  0.2869],
         [ 0.3383,  0.2377, -1.0000,  0.0018],
         [-0.1498, -1.0000, -1.0000,  0.6380],
         [ 0.8530,  0.5748,  0.3482, -0.6520],
         [-0.5077, -1.0000, -1.0000,  1.0000]],

        [[-1.0000, -0.6903,  1.0000,  0.3413],
         [ 0.4480,  0.4107, -0.9949, -0.9543],
         [ 1.0000, -0.1389, -0.9097, -1.0000],
         [ 1.0000,  0.2794, -0.4931, -0.2751],
         [-0.2790, -0.2131, -0.0497,  1.0000],
         [ 0.3654,  1.0000, -0.2720,  1.0000]]], device='cuda:0')
[17:29:35.923] [DEBUG] step_counter=217 action.shape=torch.Size([16, 6, 4]) action=tensor([[[ 0.8653, -1.0000,  0.6385,  1.0000],
         [-1.0000,  1.0000, -1.0000, -1.0000],
         [-0.4596,  0.0844, -0.5277,  0.7753],
         [ 1.0000, -0.1126, -0.6092, -1.0000],
         [ 0.5376,  0.6117,  0.5097, -1.0000],
         [ 0.5569, -0.5576,  0.6781, -0.4692]],

        [[-1.0000,  0.7614,  0.2445, -0.1503],
         [-1.0000,  0.3219, -0.2839, -0.2896],
         [-1.0000, -0.1054, -0.6813,  0.7448],
         [ 0.6074, -1.0000,  0.3370, -1.0000],
         [ 0.7672, -0.3289, -0.7059, -1.0000],
         [ 0.7216,  1.0000,  0.4356, -0.2135]],

        [[-0.0424, -1.0000,  0.7600,  1.0000],
         [-0.1677,  1.0000,  0.6329, -1.0000],
         [-1.0000,  0.1235, -1.0000,  0.4620],
         [ 0.5063,  0.6826,  0.9589,  1.0000],
         [ 0.1066,  0.8494, -0.1184, -1.0000],
         [-1.0000,  1.0000, -0.2495,  1.0000]],

        [[ 0.9938,  0.4246,  1.0000, -0.6402],
         [-1.0000,  1.0000, -0.5994, -1.0000],
         [-1.0000, -0.6025, -1.0000, -1.0000],
         [ 0.6720,  0.6661,  0.2232, -1.0000],
         [ 0.4242,  0.6367, -0.5246, -0.3747],
         [-1.0000, -0.1546, -1.0000,  1.0000]],

        [[-1.0000, -0.1049, -0.2757,  0.0507],
         [-1.0000, -0.3917, -0.2408, -0.0173],
         [-1.0000, -1.0000, -0.7158, -0.7500],
         [-0.3324, -0.3046,  0.7525, -1.0000],
         [ 0.6452,  0.0400,  0.6427,  0.0599],
         [-0.7862,  1.0000, -0.5389, -0.8537]],

        [[-1.0000, -0.6672,  0.8490, -0.3943],
         [ 0.4326,  0.1882, -1.0000, -1.0000],
         [-0.6432, -0.2601,  0.8531,  1.0000],
         [-0.3807, -0.5947,  0.0884,  0.4557],
         [ 1.0000, -0.2697,  0.4878, -0.2754],
         [-0.6838,  1.0000, -0.3440, -1.0000]],

        [[-1.0000, -0.6467,  0.7141,  1.0000],
         [-0.2524,  0.3164,  1.0000,  0.3758],
         [-0.6068, -0.5221, -0.3980, -0.3986],
         [-1.0000,  1.0000,  0.3598, -1.0000],
         [-0.8697,  0.9865,  0.5673, -0.7501],
         [ 0.1307, -0.3206,  0.3741,  1.0000]],

        [[-1.0000, -0.7015, -1.0000, -0.7917],
         [-1.0000,  0.7258, -0.8821,  0.8645],
         [-0.0601, -0.3053,  0.6727,  0.3299],
         [-0.9754,  0.4551,  1.0000,  0.3262],
         [ 0.0448, -1.0000, -1.0000, -0.5588],
         [-0.3874,  1.0000, -0.4530,  0.8074]],

        [[-1.0000,  1.0000,  0.5297,  1.0000],
         [-0.0712, -0.5251, -0.3605, -1.0000],
         [-1.0000, -1.0000, -0.8067, -0.8912],
         [ 0.1411, -0.2009,  0.6236, -1.0000],
         [-0.8719,  0.3556,  0.4212, -1.0000],
         [-0.7369,  1.0000, -0.5218,  0.0014]],

        [[-0.0269, -0.2323,  0.9439,  0.1727],
         [-1.0000, -1.0000, -0.5235, -1.0000],
         [ 1.0000, -0.6756, -0.8648,  0.1298],
         [ 0.8669,  1.0000, -1.0000,  0.2292],
         [ 0.5002,  0.1960,  0.4447, -1.0000],
         [-1.0000,  1.0000, -0.1126,  1.0000]],

        [[-0.2571, -1.0000,  1.0000,  0.7486],
         [ 1.0000,  0.8296,  0.4022, -0.7317],
         [-1.0000, -1.0000, -0.0196,  0.2487],
         [ 1.0000, -1.0000, -0.1050,  1.0000],
         [-0.0243,  0.7464,  1.0000, -1.0000],
         [-1.0000,  1.0000, -0.0263,  1.0000]],

        [[-1.0000,  1.0000,  1.0000, -1.0000],
         [ 0.5492, -0.3846,  0.7820, -1.0000],
         [-1.0000, -1.0000, -1.0000,  1.0000],
         [ 0.2167,  0.5502, -0.0910, -1.0000],
         [-1.0000, -0.7999,  0.4957,  0.5014],
         [-0.7914,  0.3213, -1.0000, -0.4891]],

        [[ 0.6107,  0.7848,  0.3863, -0.8352],
         [-0.3278,  1.0000,  0.3133,  0.6277],
         [-0.7152, -0.9951,  0.5514, -0.1283],
         [ 0.2886, -0.2446, -0.3172,  1.0000],
         [-0.6353,  1.0000,  1.0000, -1.0000],
         [-1.0000,  1.0000, -0.2463,  0.5422]],

        [[ 0.5258,  0.2936,  1.0000, -1.0000],
         [ 0.8494, -0.0528,  0.5917, -0.5338],
         [-0.8788,  0.5048, -1.0000,  0.2556],
         [ 1.0000,  0.7213, -0.8984,  0.3846],
         [ 0.5192,  0.5979,  1.0000,  0.4082],
         [-0.6938,  1.0000, -1.0000,  0.5098]],

        [[-1.0000, -0.0341,  1.0000, -0.1167],
         [-0.8300,  1.0000, -0.3429, -0.6589],
         [-1.0000, -0.1231, -0.1565,  1.0000],
         [-0.5014,  0.3220, -0.2788, -1.0000],
         [ 0.1417,  1.0000,  0.4304,  0.3058],
         [-0.3803, -1.0000, -0.9701, -0.2686]],

        [[-1.0000,  0.4448,  1.0000,  0.0560],
         [-1.0000, -1.0000, -0.3085,  0.5929],
         [-1.0000, -1.0000, -0.0809,  0.7298],
         [-0.5692,  1.0000, -0.9954,  1.0000],
         [-0.9327,  0.8146, -0.9411,  0.3485],
         [-1.0000,  1.0000,  1.0000,  0.8556]]], device='cuda:0')
[17:29:36.426] [DEBUG] step_counter=293 action.shape=torch.Size([16, 6, 4]) action=tensor([[[-1.0000e+00,  3.2052e-01,  1.0000e+00,  3.4210e-01],
         [-1.0000e+00,  3.3053e-01, -1.3613e-01,  6.4950e-02],
         [-1.0000e+00, -1.0000e+00,  2.8415e-01,  1.0000e+00],
         [-1.0000e+00, -1.0000e+00, -6.7467e-02,  3.5175e-01],
         [-7.5523e-01,  3.6365e-01, -2.7698e-01, -1.0000e+00],
         [-5.2316e-01,  3.8824e-01, -6.5495e-01,  9.3476e-01]],

        [[-1.0000e+00,  1.0000e+00,  1.0000e+00, -1.0000e+00],
         [-1.0000e+00,  1.0000e+00,  8.8062e-01, -6.4803e-01],
         [-7.9098e-01, -8.8314e-01, -1.0000e+00,  2.4761e-01],
         [ 1.0000e+00,  8.0975e-02,  1.0000e+00,  1.7907e-01],
         [-1.0000e+00, -1.5649e-01, -6.5417e-01, -1.0000e+00],
         [-1.1793e-01,  1.0000e+00, -1.3418e-01,  9.4492e-01]],

        [[-1.0000e+00,  5.3509e-01,  1.0000e+00,  2.4330e-01],
         [-2.9474e-01,  1.0000e+00,  8.3861e-01,  4.6528e-01],
         [ 3.2278e-01, -1.0000e+00, -1.0000e+00,  1.0000e+00],
         [ 2.5247e-01,  9.2806e-01,  1.0000e+00,  1.1234e-01],
         [ 1.8472e-01,  1.0000e+00, -2.6274e-02,  3.0581e-01],
         [-4.0136e-01,  6.9936e-01, -1.0000e+00,  1.0000e+00]],

        [[-1.0000e+00,  1.0000e+00,  1.0000e+00,  8.8119e-01],
         [-1.0000e+00,  1.0000e+00, -9.3036e-01, -4.4363e-01],
         [ 2.8072e-01, -1.0000e+00, -6.1767e-01, -1.0000e+00],
         [-2.1852e-01, -3.2893e-01, -5.2701e-01, -1.0000e+00],
         [-6.2044e-01,  1.0000e+00,  1.8472e-01, -1.0000e+00],
         [-1.0000e+00,  1.0000e+00, -1.0000e+00, -8.7865e-02]],

        [[-1.0000e+00, -6.6549e-01,  8.0251e-01,  1.0000e+00],
         [-1.0000e+00,  2.4796e-01,  5.2444e-01, -1.0000e+00],
         [ 1.0000e+00, -7.1316e-01,  3.6771e-01, -1.0000e+00],
         [-7.3850e-01,  1.0000e+00,  5.9604e-01,  1.0000e+00],
         [ 1.0000e+00,  6.9972e-01, -7.3549e-01, -1.0000e+00],
         [-1.0000e+00,  6.0882e-01, -2.8091e-01,  3.6291e-01]],

        [[-1.0000e+00, -6.7620e-01,  1.0000e+00,  2.1967e-02],
         [-9.5564e-01,  7.6750e-01,  1.0000e+00, -1.0000e+00],
         [-6.3968e-01, -2.4223e-01, -1.0000e+00,  1.0000e+00],
         [ 4.5984e-01,  2.9662e-01, -1.7412e-01, -4.4183e-01],
         [ 1.0000e+00, -9.5922e-01, -1.4711e-01, -1.0000e+00],
         [-8.6482e-01,  1.0000e+00, -1.0000e+00,  1.0930e-01]],

        [[-1.0000e+00, -1.0000e+00,  1.0000e+00, -1.3342e-01],
         [ 5.5265e-01, -6.4103e-01,  1.3449e-01,  1.0000e+00],
         [-5.9732e-01, -1.0000e+00, -5.1310e-01,  1.0000e+00],
         [-2.7638e-01, -9.0944e-01,  3.6731e-01,  1.0000e+00],
         [-1.0000e+00, -4.4078e-01, -1.8186e-01, -1.0000e+00],
         [-1.0000e+00,  9.3926e-01, -1.0000e+00,  1.0000e+00]],

        [[-1.0000e+00,  1.0000e+00,  9.8944e-01, -8.4131e-01],
         [-1.7501e-02,  9.0679e-01,  1.0000e+00,  8.7035e-02],
         [ 1.0000e+00, -1.0000e+00, -4.0834e-01,  1.0000e+00],
         [ 2.8473e-01,  4.8626e-01, -1.6997e-01,  5.6382e-01],
         [ 7.0490e-01,  1.0000e+00,  1.4984e-01, -5.3756e-01],
         [-1.0000e+00, -5.3389e-01, -6.9990e-01,  7.6287e-01]],

        [[-1.0000e+00,  1.0000e+00, -2.4943e-01,  2.0579e-01],
         [-1.0000e+00, -4.7309e-01, -3.2070e-01,  4.1656e-01],
         [-1.0000e+00, -9.0136e-01, -1.0000e+00,  1.0000e+00],
         [-1.0000e+00, -1.0000e+00, -1.0433e-01,  1.0000e+00],
         [ 6.1901e-01, -3.6523e-01, -8.1664e-01, -8.3988e-01],
         [-1.0000e+00,  7.4111e-01,  4.9360e-01,  1.0000e+00]],

        [[-1.0000e+00,  9.4369e-01,  9.1264e-01,  9.3492e-02],
         [-1.0000e+00,  7.8985e-01,  7.1342e-02,  2.4219e-01],
         [-1.0000e+00, -1.0000e+00, -1.0000e+00, -9.1920e-01],
         [ 1.0000e+00,  9.7787e-01,  1.0000e+00, -1.0567e-01],
         [ 1.0000e+00,  7.8153e-01,  1.6348e-01, -1.0000e+00],
         [-1.0000e+00,  1.0000e+00, -1.0000e+00,  1.0000e+00]],

        [[-1.0000e+00,  1.0000e+00,  1.0000e+00, -6.8386e-01],
         [-1.0000e+00,  4.7508e-01,  9.8859e-01,  2.9609e-01],
         [-7.3192e-01, -1.0000e+00, -1.9621e-01, -3.5877e-01],
         [ 9.7401e-01,  4.2087e-01,  7.1018e-01,  1.3602e-01],
         [-1.0000e+00, -1.0000e+00,  1.0000e+00, -1.0000e+00],
         [-9.9702e-01,  9.2987e-01, -5.5900e-01,  1.0000e+00]],

        [[-1.0000e+00,  1.0000e+00,  1.0000e+00, -1.0000e+00],
         [-5.1424e-01, -6.8734e-01,  1.0000e+00, -3.2826e-01],
         [-1.0000e+00, -1.0000e+00, -6.4154e-01, -3.8193e-01],
         [ 3.0143e-01,  1.0000e+00,  6.8770e-01,  9.7635e-01],
         [-1.0000e+00, -2.2237e-01,  7.2148e-01, -1.0000e+00],
         [-1.0000e+00,  5.1441e-01,  9.0416e-02,  1.0000e+00]],

        [[-1.0000e+00,  1.0000e+00,  1.0000e+00,  2.4739e-01],
         [-1.0000e+00,  9.2289e-02, -1.0000e+00, -5.9321e-01],
         [-1.0000e+00, -1.0000e+00, -1.0000e+00,  1.0000e+00],
         [ 4.5722e-01,  1.0000e+00, -8.5158e-01,  5.6952e-01],
         [ 1.0000e+00, -1.0000e+00,  7.2201e-01, -1.0000e+00],
         [-1.0000e+00,  1.0000e+00, -1.2075e-01,  1.0000e+00]],

        [[-1.0000e+00,  1.0000e+00,  1.0000e+00,  2.6328e-01],
         [-1.0000e+00, -9.6136e-04,  1.0000e+00, -1.0000e+00],
         [-8.5472e-01, -1.0000e+00,  2.2710e-01,  1.0000e+00],
         [ 3.2358e-01,  1.0000e+00,  5.1510e-01,  6.2263e-01],
         [-1.0000e+00,  1.5322e-01,  5.8844e-01, -1.0000e+00],
         [-1.0000e+00,  8.2927e-01, -1.7374e-01,  5.2136e-01]],

        [[-1.0000e+00,  1.0000e+00,  1.0000e+00,  1.0000e+00],
         [-4.8957e-01,  6.6270e-01, -4.5994e-01,  4.5182e-01],
         [-5.9289e-01, -1.0000e+00, -1.0000e+00, -8.6972e-01],
         [ 7.0785e-01,  9.3036e-01,  1.0000e+00,  5.3090e-01],
         [ 6.9165e-01, -1.0000e+00,  7.1553e-01, -1.0000e+00],
         [-1.0000e+00,  1.0000e+00, -4.2142e-01,  1.0000e+00]],

        [[-1.0000e+00, -3.2996e-01,  1.8051e-01,  1.0000e+00],
         [ 5.7579e-02,  6.6319e-01,  1.0000e+00, -2.3053e-01],
         [-7.3778e-01, -1.0000e+00, -1.0000e+00,  5.1060e-01],
         [ 1.0000e+00, -9.3724e-01,  2.7797e-02,  1.3657e-01],
         [-8.2844e-01,  3.5648e-01, -4.3995e-01, -6.7059e-01],
         [-1.0000e+00,  1.0000e+00, -4.1903e-01,  7.4970e-01]]],
       device='cuda:0')
[17:29:36.931] [DEBUG] step_counter=379 action.shape=torch.Size([16, 6, 4]) action=tensor([[[-1.0000e+00, -4.1637e-01,  1.0000e+00, -1.0000e+00],
         [-1.0000e+00,  5.3203e-01, -2.2413e-01, -3.8030e-01],
         [-1.0000e+00, -1.0000e+00, -1.0000e+00,  1.0000e+00],
         [ 1.0000e+00,  4.7229e-02,  1.0000e+00, -3.4602e-01],
         [-1.0000e+00, -4.1418e-01,  9.2891e-01, -1.0000e+00],
         [-1.0000e+00,  1.0000e+00, -3.0270e-01,  1.0000e+00]],

        [[-8.0754e-01,  1.0000e+00,  4.9179e-01,  1.0000e+00],
         [-1.0000e+00,  2.4766e-01, -5.0763e-01, -8.9729e-01],
         [-1.0000e+00, -1.0000e+00, -6.9418e-01,  1.7410e-02],
         [-1.8903e-02,  1.0000e+00, -1.1477e-01,  1.0000e+00],
         [-1.0000e+00, -1.0000e+00,  1.8024e-01, -1.0000e+00],
         [-1.0000e+00,  1.0000e+00,  1.6829e-01,  1.0000e+00]],

        [[-1.0000e+00,  8.4626e-01,  1.0000e+00,  1.0000e+00],
         [-1.0000e+00, -7.5083e-01,  2.0130e-01, -4.4212e-01],
         [ 3.0254e-01,  1.0982e-01, -1.0000e+00,  1.6459e-01],
         [-1.0000e+00, -1.7054e-01,  6.9709e-01,  6.5567e-01],
         [-1.0000e+00,  4.1019e-02,  1.0000e+00, -1.0000e+00],
         [-1.0000e+00,  1.0000e+00, -8.9572e-01,  6.5493e-01]],

        [[-1.0000e+00,  1.7572e-01,  1.0000e+00, -1.0000e+00],
         [-4.3265e-01, -1.0000e+00,  1.0000e+00, -1.0000e+00],
         [-1.0000e+00, -1.0000e+00, -1.0000e+00,  1.0000e+00],
         [ 1.0000e+00,  4.0969e-01, -1.0000e+00,  8.5778e-01],
         [-3.2508e-01, -1.0000e+00,  4.0620e-01, -1.0000e+00],
         [-1.0000e+00,  1.0000e+00,  1.0000e+00,  1.0000e+00]],

        [[-6.0923e-01,  9.1328e-01,  1.0000e+00, -1.0000e+00],
         [-1.0000e+00, -6.7929e-02, -1.0000e+00, -1.0000e+00],
         [-1.0000e+00, -1.0000e+00, -1.0000e+00, -7.1224e-01],
         [ 1.0000e+00,  5.0174e-01, -6.2740e-01, -8.3777e-01],
         [ 1.0000e+00, -1.0000e+00,  7.7283e-01, -1.0000e+00],
         [-1.0000e+00,  1.0000e+00, -1.0000e+00,  1.0000e+00]],

        [[-1.0000e+00,  9.7459e-01,  1.0000e+00,  1.0000e+00],
         [-1.0000e+00,  4.9693e-01, -8.7475e-01, -4.8116e-01],
         [-2.3760e-01, -1.0000e+00, -1.0000e+00,  7.7216e-01],
         [ 2.7575e-01, -7.4167e-01,  1.0000e+00,  1.0000e+00],
         [ 3.2287e-01,  4.2169e-01, -1.6609e-01, -5.4838e-01],
         [-1.0000e+00,  1.0000e+00, -8.8834e-01,  1.0000e+00]],

        [[-1.0000e+00,  1.0000e+00,  1.0000e+00, -1.0000e+00],
         [-1.0000e+00,  5.2405e-01,  1.0000e+00,  6.4626e-01],
         [-1.0000e+00, -9.3176e-01, -1.0000e+00,  1.0000e+00],
         [-2.2837e-02,  3.3979e-01, -2.8972e-01,  6.7596e-02],
         [-1.0000e+00,  1.0000e+00,  1.8889e-01, -1.0000e+00],
         [-3.7608e-01,  1.0000e+00,  1.0000e+00, -5.2955e-02]],

        [[-1.0000e+00,  1.0000e+00, -6.8097e-01,  1.0000e+00],
         [ 1.9925e-01,  1.3170e-01,  7.4922e-01, -8.1000e-01],
         [ 8.0338e-01, -2.3175e-01, -3.4252e-01,  3.0569e-01],
         [ 1.0000e+00,  7.9554e-01,  1.0000e+00,  1.8710e-01],
         [-1.0000e+00,  3.3060e-03, -1.3698e-01, -1.0000e+00],
         [-1.0000e+00,  1.0000e+00, -1.0000e+00,  1.0000e+00]],

        [[-1.0000e+00,  1.0000e+00,  9.1116e-01,  1.0000e+00],
         [-1.0000e+00, -5.2333e-01,  7.6916e-01, -3.1915e-01],
         [-1.0000e+00, -1.0000e+00, -1.0000e+00,  1.0000e+00],
         [-1.0000e+00,  1.0000e+00,  5.0160e-01, -4.6108e-01],
         [-6.6095e-01,  1.0000e+00,  1.0000e+00, -1.0000e+00],
         [-1.0000e+00,  6.7917e-01, -8.1465e-01,  1.0000e+00]],

        [[-1.0000e+00,  3.1156e-01,  1.0000e+00, -6.4233e-01],
         [-7.2924e-01, -8.2317e-01, -7.3162e-01, -1.0000e+00],
         [-1.0000e+00, -1.0000e+00, -8.0090e-01,  1.0566e-01],
         [ 4.8290e-01,  2.6309e-01, -1.0000e+00,  9.0395e-01],
         [ 7.3569e-01,  1.0000e+00,  9.4050e-02, -1.0000e+00],
         [-1.0000e+00,  4.0021e-01, -4.4301e-02,  1.0000e+00]],

        [[-1.0000e+00,  7.5588e-01,  1.0000e+00,  1.0000e+00],
         [-5.9604e-01, -1.7515e-01, -8.2342e-01,  3.3292e-01],
         [-1.0000e+00, -3.4568e-01, -2.9980e-01,  8.4542e-01],
         [ 1.0000e+00,  1.0000e+00,  7.3891e-01, -1.0000e+00],
         [-1.0000e+00,  5.2362e-01,  5.5738e-01, -1.0000e+00],
         [-1.0000e+00,  1.0000e+00, -7.9621e-01,  1.0000e+00]],

        [[-8.6898e-01,  1.0000e+00,  1.0000e+00,  1.0000e+00],
         [-1.0000e+00,  7.0661e-01,  1.0000e+00,  5.1192e-01],
         [ 2.6371e-01, -1.0000e+00, -1.0000e+00,  1.0000e+00],
         [-4.7760e-01, -1.8153e-01,  5.7521e-01,  1.0000e+00],
         [ 1.0000e+00,  3.9038e-01, -1.0000e+00, -1.0000e+00],
         [-1.0000e+00,  6.7512e-01, -5.8282e-01,  1.0000e+00]],

        [[-1.0000e+00,  1.0000e+00,  8.5487e-02, -1.0000e+00],
         [-1.9160e-01,  2.8073e-02, -1.0000e+00,  1.0000e+00],
         [-1.0000e+00, -1.0000e+00, -1.0000e+00,  1.0000e+00],
         [ 3.0807e-01, -2.2066e-01,  5.2252e-01,  5.9093e-02],
         [ 4.9680e-01,  3.0345e-01, -1.0000e+00, -1.0000e+00],
         [-1.0000e+00,  1.0000e+00, -1.0000e+00,  1.0000e+00]],

        [[-1.0000e+00,  1.0000e+00,  5.9052e-01, -7.1287e-01],
         [ 4.0503e-01,  1.0000e+00, -1.5373e-01, -1.0000e+00],
         [-1.0000e+00, -1.0000e+00,  8.2051e-02,  8.4392e-01],
         [ 6.3037e-01,  9.2259e-04, -1.1849e-01, -3.9849e-02],
         [-8.3033e-01,  6.0034e-01,  6.4345e-01, -7.1393e-02],
         [-1.0000e+00,  5.6017e-01,  1.4850e-01,  1.0000e+00]],

        [[-1.0000e+00,  4.4769e-01,  1.0000e+00, -4.6536e-01],
         [-9.9839e-01, -1.0000e+00,  7.7903e-02, -1.0000e+00],
         [-1.0000e+00, -1.0000e+00, -1.0000e+00,  1.0000e+00],
         [-3.7118e-01, -4.8418e-01,  5.3869e-01,  5.1616e-01],
         [ 2.3818e-01, -5.0110e-01,  6.1252e-01, -3.9401e-01],
         [-1.0000e+00,  1.0000e+00, -6.0087e-01,  1.0000e+00]],

        [[-6.7314e-02, -2.4271e-01,  7.1631e-01,  6.3654e-01],
         [ 1.0000e+00,  2.6194e-01,  8.2378e-01, -1.0000e+00],
         [-1.0000e+00, -1.0000e+00, -1.0000e+00,  1.0000e+00],
         [ 1.0000e+00, -3.6906e-01,  1.0000e+00, -8.1803e-01],
         [ 1.6331e-01, -7.4022e-01,  1.0000e+00, -1.0000e+00],
         [-1.0000e+00,  1.0000e+00, -1.0000e+00,  1.0000e+00]]],
       device='cuda:0')
[17:29:37.432] [DEBUG] step_counter=456 action.shape=torch.Size([16, 6, 4]) action=tensor([[[-1.0000e+00,  1.0000e+00,  1.0000e+00,  2.5436e-02],
         [-4.8192e-01,  1.0000e+00, -9.7020e-01, -7.0650e-01],
         [-1.0000e+00, -1.0000e+00, -1.0000e+00, -1.0000e+00],
         [-1.0000e+00,  1.0000e+00,  8.0007e-01,  1.4769e-01],
         [-9.2581e-01,  1.0000e+00,  5.0718e-01, -1.0000e+00],
         [-1.0000e+00,  6.1080e-01, -4.2883e-01,  6.3338e-01]],

        [[-1.0000e+00,  1.0000e+00, -2.7418e-01,  1.0000e+00],
         [ 4.6314e-01,  6.4816e-01,  1.0000e+00, -1.0000e+00],
         [-1.0000e+00, -1.0000e+00, -1.0000e+00,  2.6602e-01],
         [ 1.0000e+00, -5.0078e-01, -3.3693e-02,  4.1989e-01],
         [-7.0460e-01, -5.8850e-01,  1.0000e+00, -1.0000e+00],
         [-1.0000e+00,  1.0000e+00, -6.4703e-01,  1.0000e+00]],

        [[-8.5024e-01,  1.0000e+00,  1.0000e+00, -2.2352e-01],
         [ 2.3254e-01, -1.0000e+00,  1.0000e+00, -4.2432e-01],
         [-7.7801e-01, -1.0000e+00, -1.0000e+00,  6.2984e-01],
         [ 5.5626e-01, -5.3810e-01,  8.2559e-01,  3.1904e-01],
         [ 1.7106e-01,  1.0000e+00,  1.0000e+00, -1.0000e+00],
         [-1.0000e+00,  6.3991e-01, -8.2070e-01,  1.0000e+00]],

        [[-1.0000e+00,  1.0000e+00,  1.0000e+00, -3.8102e-01],
         [-1.0000e+00, -6.2548e-01,  1.0000e+00, -1.0000e+00],
         [-1.0000e+00, -9.9044e-01, -1.0000e+00,  1.0000e+00],
         [-1.5500e-01,  5.0867e-01,  1.0000e+00, -1.0000e+00],
         [-1.0000e+00,  1.4879e-01,  1.0000e+00, -1.5584e-01],
         [-1.0000e+00,  1.0000e+00,  7.8000e-01,  1.0000e+00]],

        [[-1.0000e+00,  4.0704e-01,  1.0000e+00,  5.5354e-01],
         [-7.6167e-01,  1.0000e+00,  8.0269e-01,  4.7115e-01],
         [-1.0000e+00, -1.0000e+00, -1.0000e+00,  1.0000e+00],
         [ 1.0000e+00,  2.1043e-01,  4.0764e-01, -8.6284e-01],
         [ 1.9946e-01, -7.9402e-01,  1.0000e+00, -1.0000e+00],
         [-1.0000e+00,  1.0000e+00, -1.0000e+00,  1.4419e-02]],

        [[-1.0000e+00,  1.0000e+00,  9.1469e-01,  4.9122e-01],
         [-2.5573e-01,  4.0156e-02, -7.8426e-01, -4.2007e-01],
         [ 2.4086e-01,  6.1575e-01, -1.0000e+00,  1.5823e-03],
         [ 8.2166e-01, -1.0000e+00,  5.1647e-03,  2.6387e-01],
         [-8.5623e-01,  6.7057e-01,  3.8937e-01, -1.0000e+00],
         [-1.0000e+00,  5.0631e-01, -3.8602e-01,  7.9989e-01]],

        [[-1.0000e+00, -2.6098e-01,  6.2683e-01, -1.0000e+00],
         [-1.0000e+00, -8.0838e-02,  4.9183e-01, -1.0000e+00],
         [-2.5579e-01, -1.0000e+00, -1.0000e+00, -4.2397e-01],
         [ 1.0000e+00,  1.0000e+00,  1.0000e+00,  1.0606e-01],
         [-1.0000e+00, -6.4252e-01,  5.5424e-01, -1.0000e+00],
         [-1.0000e+00,  1.4117e-01,  1.0000e+00,  1.0000e+00]],

        [[ 7.8613e-02,  1.0000e+00,  1.0000e+00, -2.6119e-01],
         [ 1.0000e+00, -5.3362e-01, -2.0748e-01, -2.1302e-01],
         [-9.9088e-01, -1.0000e+00, -1.0000e+00,  1.0000e+00],
         [ 1.0000e+00,  1.0000e+00, -1.1818e-01, -4.9706e-01],
         [-1.0000e+00,  8.4481e-02,  6.6264e-01, -1.0000e+00],
         [-1.0000e+00,  1.0000e+00, -1.0000e+00,  9.0032e-01]],

        [[-1.0000e+00,  1.0000e+00,  1.0000e+00, -5.9491e-01],
         [-2.9839e-02, -1.0000e+00,  7.6138e-01,  6.1231e-01],
         [-1.0000e+00, -5.2168e-01,  1.2630e-01, -1.5522e-02],
         [-4.6595e-01, -4.0488e-01, -1.0000e+00,  2.4077e-01],
         [ 6.2703e-01, -1.0000e+00,  1.0000e+00, -1.0000e+00],
         [-1.0000e+00,  1.0000e+00,  7.6127e-01,  1.0000e+00]],

        [[-1.0000e+00,  1.0000e+00,  1.0000e+00, -5.0901e-01],
         [-1.0000e+00,  7.2552e-01,  1.0000e+00, -1.0000e+00],
         [-1.0000e+00, -1.0000e+00, -1.0000e+00,  1.0000e+00],
         [ 9.1011e-01, -1.0000e+00, -6.9562e-01, -4.8653e-02],
         [ 6.0020e-01,  5.5450e-01,  8.5136e-01, -7.3890e-01],
         [-1.0000e+00,  1.0000e+00, -1.0000e+00,  1.0000e+00]],

        [[-1.0000e+00,  5.2965e-01,  1.0000e+00, -1.0000e+00],
         [-6.2526e-01,  4.2236e-01,  1.0000e+00, -1.0000e+00],
         [-1.0000e+00, -1.0000e+00, -1.0000e+00,  1.0000e+00],
         [ 1.0000e+00, -1.0000e+00,  1.0000e+00,  2.8868e-01],
         [ 3.3286e-01, -6.3475e-01,  1.0000e+00, -1.0000e+00],
         [-1.0000e+00, -7.9632e-05,  8.4986e-01,  1.0000e+00]],

        [[-1.2444e-01, -3.0648e-01,  1.0000e+00,  1.4945e-01],
         [-6.9270e-01,  7.6087e-01,  6.8132e-01, -9.1970e-01],
         [ 4.6533e-02, -1.0000e+00, -4.1579e-01,  7.1681e-01],
         [-1.4465e-01, -1.2660e-01, -9.5442e-01, -6.6459e-01],
         [-4.2776e-01,  1.0000e+00,  1.0000e+00, -1.0000e+00],
         [-8.8601e-01,  1.0000e+00, -1.0000e+00,  1.0000e+00]],

        [[-1.0000e+00,  1.0000e+00,  1.0000e+00, -1.2141e-01],
         [-7.4078e-01,  1.0000e+00,  4.1326e-01,  2.9984e-03],
         [-1.9074e-01, -1.0000e+00, -1.0000e+00,  1.0000e+00],
         [ 7.3347e-01, -9.8345e-01,  1.2112e-01,  1.0000e+00],
         [-1.2279e-01, -1.0000e+00,  1.0000e+00, -1.0000e+00],
         [-1.0000e+00,  1.0000e+00, -1.0000e+00,  1.0000e+00]],

        [[-1.0000e+00,  1.0000e+00,  1.0000e+00,  6.9899e-01],
         [ 4.4930e-01,  7.6973e-01,  4.4771e-01,  1.6075e-01],
         [-8.0835e-02, -9.8015e-01, -9.0343e-01,  9.5151e-01],
         [ 1.0000e+00,  2.3522e-01, -5.8974e-01,  1.0000e+00],
         [-1.0000e+00,  5.9420e-01,  5.8197e-01, -1.0000e+00],
         [-1.0000e+00,  8.2575e-01, -7.5960e-01,  1.0000e+00]],

        [[-1.0000e+00, -3.9692e-01,  1.0000e+00,  4.5679e-01],
         [ 9.8654e-01,  1.0000e+00, -4.7823e-01, -1.0000e+00],
         [-1.0000e+00, -1.0000e+00, -1.0000e+00,  1.0000e+00],
         [-7.0426e-01, -6.1614e-01,  1.0000e+00, -8.5550e-01],
         [-7.6673e-01, -4.1611e-01,  1.0000e+00, -1.0000e+00],
         [-1.0000e+00,  1.0000e+00, -9.1163e-01,  1.0000e+00]],

        [[-4.3175e-01,  5.8807e-01,  1.0000e+00,  2.2525e-01],
         [-1.0000e+00,  1.0000e+00,  1.0000e+00, -1.0000e+00],
         [-1.0000e+00, -1.0000e+00, -1.0000e+00,  2.6312e-01],
         [ 7.0783e-01, -7.2073e-01,  4.2013e-01,  4.1661e-01],
         [ 1.0000e+00, -9.9048e-01,  1.0000e+00, -1.0000e+00],
         [-1.0000e+00, -7.0699e-01, -1.0000e+00,  1.0000e+00]]],
       device='cuda:0')
[17:29:37.935] [DEBUG] step_counter=542 action.shape=torch.Size([16, 6, 4]) action=tensor([[[-1.0000,  1.0000, -0.6636, -0.8720],
         [-0.2394,  0.8845,  0.7911, -1.0000],
         [-1.0000, -1.0000, -1.0000,  1.0000],
         [ 0.6225, -0.2836,  0.7954, -0.6442],
         [-0.6293,  0.6862,  1.0000, -1.0000],
         [-1.0000,  0.2438, -1.0000,  1.0000]],

        [[-1.0000,  1.0000,  0.9232,  0.8182],
         [-0.8053,  1.0000,  1.0000, -0.8935],
         [-0.6224, -1.0000, -1.0000,  1.0000],
         [ 1.0000,  0.8602,  1.0000,  0.3497],
         [ 1.0000, -1.0000,  0.8304, -1.0000],
         [-1.0000,  1.0000, -1.0000,  1.0000]],

        [[-1.0000,  1.0000,  1.0000,  1.0000],
         [ 0.7763,  0.5140,  1.0000,  0.6177],
         [-1.0000, -1.0000, -1.0000,  1.0000],
         [ 0.4758,  0.6497,  1.0000, -0.8970],
         [ 1.0000, -0.7675,  0.8182, -1.0000],
         [-1.0000,  1.0000, -1.0000,  1.0000]],

        [[-1.0000,  0.5917,  1.0000, -1.0000],
         [-0.1369,  1.0000,  0.6688, -1.0000],
         [-0.9981, -1.0000, -1.0000,  1.0000],
         [ 0.8979,  0.9529, -0.4052,  0.7056],
         [-1.0000, -0.0430,  0.5573, -0.5943],
         [-1.0000,  1.0000, -0.0488,  1.0000]],

        [[-0.6432,  0.7730,  1.0000, -0.0495],
         [-1.0000, -1.0000,  1.0000, -0.7928],
         [-1.0000, -1.0000, -1.0000,  1.0000],
         [ 1.0000,  0.4982,  0.1500,  1.0000],
         [-1.0000, -0.4373,  1.0000, -1.0000],
         [-0.9381, -0.3858, -1.0000,  0.4535]],

        [[-1.0000, -0.3934,  1.0000, -0.1158],
         [ 0.2656,  0.5508,  1.0000, -1.0000],
         [-1.0000, -1.0000, -0.2184,  1.0000],
         [ 0.8815,  1.0000, -0.1731, -1.0000],
         [-1.0000,  0.2932, -0.1089, -1.0000],
         [-1.0000,  0.8629, -1.0000,  1.0000]],

        [[-1.0000,  1.0000,  1.0000,  0.6423],
         [-0.9328, -1.0000,  1.0000,  1.0000],
         [-1.0000, -1.0000, -1.0000,  1.0000],
         [ 1.0000,  0.3834,  0.0406, -0.3395],
         [-0.7565, -0.2824,  0.2297, -1.0000],
         [-1.0000,  1.0000, -0.5994,  0.1776]],

        [[-1.0000,  0.7794,  1.0000, -0.4369],
         [-1.0000, -0.3218, -0.4248, -1.0000],
         [ 0.0824, -1.0000, -1.0000,  0.4686],
         [ 0.2767, -0.8246, -0.6063, -0.3121],
         [ 0.8487, -0.6478,  0.1734, -1.0000],
         [-1.0000,  1.0000,  0.7431,  1.0000]],

        [[-0.6643, -0.2967,  1.0000,  0.7293],
         [-1.0000,  1.0000,  1.0000, -0.5134],
         [-1.0000, -1.0000, -1.0000,  0.0317],
         [ 0.6286,  0.0386,  0.0622, -1.0000],
         [-1.0000, -0.9112,  1.0000, -1.0000],
         [-1.0000,  0.3248, -1.0000, -0.4146]],

        [[-1.0000,  1.0000,  1.0000,  0.1612],
         [ 0.8627,  1.0000,  0.4720, -0.0638],
         [-1.0000, -1.0000, -1.0000,  0.3067],
         [ 0.7649,  0.0500, -0.5172, -0.5207],
         [-1.0000,  0.6430, -0.0302,  0.1083],
         [-1.0000,  1.0000, -0.8194,  1.0000]],

        [[-0.9877,  1.0000,  1.0000, -0.3759],
         [ 0.1792,  1.0000,  1.0000, -0.4014],
         [-1.0000, -1.0000, -1.0000,  0.7873],
         [ 1.0000, -0.8632,  1.0000,  0.5120],
         [ 0.9937, -0.8252,  0.0232, -1.0000],
         [-1.0000,  0.1563, -0.6531,  0.8074]],

        [[-0.8993,  1.0000,  1.0000,  1.0000],
         [-1.0000,  1.0000,  0.6016, -1.0000],
         [-1.0000, -1.0000, -1.0000,  1.0000],
         [-0.1594,  0.4405, -0.1682, -0.7469],
         [-1.0000,  1.0000, -0.0410, -1.0000],
         [-1.0000,  0.3947,  0.2306,  1.0000]],

        [[ 0.7877,  0.8101,  1.0000, -0.1614],
         [ 0.2949,  1.0000,  1.0000, -0.6849],
         [-1.0000,  0.9833, -1.0000,  0.1563],
         [ 1.0000,  0.8347, -0.4190,  0.5330],
         [-0.1601, -1.0000, -0.8488, -1.0000],
         [-1.0000,  1.0000,  0.0479,  1.0000]],

        [[-0.3947,  1.0000,  1.0000,  1.0000],
         [-0.9640,  1.0000,  0.2291,  0.2842],
         [-1.0000, -1.0000, -1.0000,  1.0000],
         [-1.0000, -0.0786,  1.0000, -0.1647],
         [-0.7065,  0.4041,  1.0000, -1.0000],
         [-1.0000,  1.0000,  0.7139,  1.0000]],

        [[-1.0000, -0.3720,  1.0000, -1.0000],
         [-0.8715, -0.0336,  1.0000,  0.3175],
         [-1.0000, -1.0000, -1.0000,  0.1251],
         [ 1.0000,  0.2918,  0.1203, -0.9682],
         [-0.0410, -0.8143, -0.7356, -0.8953],
         [-1.0000,  1.0000, -1.0000,  1.0000]],

        [[-1.0000,  1.0000,  1.0000,  0.1918],
         [-0.1284, -1.0000, -0.1154, -1.0000],
         [-1.0000, -1.0000, -0.5101,  0.0989],
         [ 1.0000,  0.0355,  1.0000,  1.0000],
         [-0.7897,  0.0738,  1.0000, -1.0000],
         [-1.0000,  1.0000, -0.6942,  1.0000]]], device='cuda:0')
[17:29:38.440] [DEBUG] step_counter=619 action.shape=torch.Size([16, 6, 4]) action=tensor([[[-1.0000e+00,  1.0000e+00,  9.4496e-01, -1.6647e-01],
         [-7.0205e-02,  1.0000e+00,  6.5289e-02, -1.0000e+00],
         [ 5.8317e-04, -1.0000e+00, -1.0000e+00,  1.0000e+00],
         [ 1.0000e+00,  9.1285e-01,  3.3714e-01, -1.0000e+00],
         [-5.3563e-01,  1.3049e-02,  1.0000e+00,  1.7295e-01],
         [-1.0000e+00,  1.0000e+00,  6.9811e-01,  1.4502e-01]],

        [[-1.0000e+00,  1.0000e+00,  1.0000e+00,  4.2552e-01],
         [-1.0000e+00,  7.5191e-01, -4.7623e-01, -1.0000e+00],
         [-1.0000e+00, -1.0000e+00, -1.0000e+00,  1.0000e+00],
         [-6.1842e-01,  2.7204e-02, -2.5315e-01,  9.8396e-01],
         [ 1.8948e-01, -4.9384e-01,  1.0000e+00, -1.0000e+00],
         [-1.0000e+00,  4.8589e-01, -7.9303e-02,  1.0000e+00]],

        [[-1.0000e+00,  1.0000e+00,  1.0000e+00,  1.0000e+00],
         [ 2.0872e-01,  6.3087e-01,  9.7582e-01, -1.0000e+00],
         [-3.6219e-01, -1.0000e+00,  5.6814e-01,  1.0243e-01],
         [ 8.8512e-01,  1.0000e+00,  1.0000e+00, -5.8128e-01],
         [ 1.0000e+00, -1.0000e+00,  1.0000e+00, -1.0000e+00],
         [-1.0000e+00,  1.0000e+00, -1.0000e+00,  2.8512e-01]],

        [[-1.0000e+00, -1.0000e+00,  7.2305e-01,  2.1053e-01],
         [-7.5754e-01,  1.0000e+00,  1.0000e+00, -1.0000e+00],
         [-1.0000e+00, -1.0000e+00, -1.0000e+00,  3.7762e-01],
         [-1.4317e-01, -1.0000e+00, -1.0000e+00,  8.3245e-01],
         [-1.0000e+00,  2.6801e-01,  1.0000e+00, -1.0000e+00],
         [-1.0000e+00,  1.0000e+00, -1.2942e-02,  6.7324e-01]],

        [[-1.0000e+00,  8.7611e-01,  1.0000e+00,  2.3854e-02],
         [-1.0000e+00,  1.0000e+00,  4.6289e-02, -6.3621e-01],
         [-1.0000e+00, -1.0000e+00, -1.0000e+00,  1.0000e+00],
         [ 1.5736e-01, -1.0000e+00, -7.1426e-01, -2.3992e-01],
         [-1.0000e+00, -4.8485e-01,  1.0000e+00, -1.0000e+00],
         [-1.0000e+00,  1.0000e+00, -1.0000e+00,  1.0000e+00]],

        [[-1.0000e+00,  8.8521e-01,  1.0000e+00,  5.8200e-01],
         [ 9.4339e-01,  3.1559e-01,  1.0000e+00, -1.0000e+00],
         [-1.0000e+00, -1.0000e+00, -1.0000e+00, -1.0000e+00],
         [-1.0000e+00,  2.4190e-01, -3.6903e-01,  7.7743e-01],
         [-7.5777e-01,  7.7358e-03,  1.0000e+00, -1.0000e+00],
         [-1.0000e+00,  2.0763e-01, -1.0000e+00,  7.4639e-01]],

        [[-6.6197e-01, -2.6215e-01,  1.0000e+00, -1.0000e+00],
         [-9.1521e-01,  3.3332e-03,  9.3068e-01, -9.7975e-01],
         [-1.0000e+00, -9.4406e-01, -1.0000e+00,  1.0000e+00],
         [ 1.0000e+00,  1.1171e-01,  8.6792e-01,  1.0000e+00],
         [-6.8167e-01, -5.3625e-02, -1.0000e+00, -1.0000e+00],
         [-1.0000e+00,  1.7533e-01, -1.0000e+00,  1.0000e+00]],

        [[-1.0000e+00,  1.0000e+00,  1.0000e+00, -1.2098e-01],
         [-1.0000e+00,  1.0000e+00,  9.2041e-01, -6.3376e-01],
         [-1.0000e+00, -1.0000e+00, -1.0000e+00,  6.0545e-01],
         [ 1.0000e+00,  1.1312e-01,  1.1864e-01, -8.3848e-01],
         [-3.1602e-01,  1.0000e+00,  3.3830e-01, -7.8946e-01],
         [-1.0000e+00,  3.0213e-01,  5.0820e-01,  1.0000e+00]],

        [[-1.0000e+00,  1.0000e+00,  1.0000e+00,  1.1711e-01],
         [-5.5689e-01,  1.0000e+00,  1.0000e+00, -1.0000e+00],
         [-1.0000e+00, -1.0000e+00, -1.0000e+00,  1.0000e+00],
         [ 7.2570e-01,  3.3359e-01, -7.0496e-01, -1.0000e+00],
         [ 3.3963e-01, -2.7243e-01,  9.1056e-01, -1.0000e+00],
         [-1.0000e+00,  1.0000e+00, -8.9031e-01,  1.0000e+00]],

        [[-1.0000e+00,  8.3435e-01,  9.2216e-01, -1.0000e+00],
         [-1.0000e+00,  1.0000e+00,  1.0000e+00,  6.4637e-01],
         [-3.1830e-01, -1.0000e+00, -1.0000e+00,  2.2383e-01],
         [-3.1546e-01, -1.0000e+00,  1.0000e+00, -1.0000e+00],
         [ 5.2120e-01, -7.1219e-01,  7.3408e-01, -1.0000e+00],
         [-2.9406e-01,  1.0000e+00,  1.0000e+00,  1.0000e+00]],

        [[-1.0000e+00, -2.1370e-01,  1.0000e+00,  1.0000e+00],
         [-8.4668e-02,  1.0000e+00,  8.9697e-01, -1.0000e+00],
         [-1.0000e+00, -1.0000e+00, -1.0000e+00,  1.0000e+00],
         [ 1.0000e+00,  1.0000e+00,  6.7015e-01,  9.5768e-01],
         [ 6.1856e-01,  1.0000e+00,  1.0000e+00, -1.0000e+00],
         [-1.0000e+00,  8.5899e-01,  5.2976e-01,  1.0000e+00]],

        [[-1.0000e+00,  7.2888e-01,  1.0000e+00, -3.1890e-01],
         [-1.0163e-01,  1.0000e+00,  1.0000e+00, -2.3962e-01],
         [-8.2739e-01, -1.0000e+00, -6.4446e-01,  1.0000e+00],
         [ 9.0989e-01,  8.5909e-02, -3.4851e-01, -4.2597e-01],
         [-1.0000e+00,  9.2268e-01,  4.6474e-01, -1.0000e+00],
         [-1.0000e+00,  1.0000e+00, -1.0000e+00,  1.0000e+00]],

        [[-1.0000e+00, -8.8428e-02,  1.0000e+00,  1.0000e+00],
         [ 2.7948e-01,  1.0000e+00, -7.2932e-01, -5.6697e-01],
         [-1.0000e+00, -1.0000e+00, -1.0000e+00,  8.8072e-01],
         [ 1.0000e+00, -1.0000e+00,  1.9736e-01, -9.4778e-01],
         [-4.1405e-02,  1.0000e+00, -1.2915e-01, -1.0000e+00],
         [-1.0000e+00,  1.0000e+00, -1.0000e+00,  1.0000e+00]],

        [[-1.0000e+00,  2.7431e-01,  8.2487e-01,  1.0000e+00],
         [-9.5608e-01,  1.0000e+00,  1.0000e+00, -1.0000e+00],
         [-1.0000e+00, -1.0000e+00, -8.2204e-01,  8.2434e-01],
         [-2.0495e-01,  8.4308e-02, -7.7632e-01, -6.2213e-01],
         [-1.0000e+00, -8.7335e-01,  1.0000e+00, -1.0000e+00],
         [-1.0000e+00,  1.0000e+00, -1.0000e+00,  1.0000e+00]],

        [[-1.0000e+00,  1.2992e-02,  1.0000e+00, -3.4498e-02],
         [-6.3075e-01,  8.7261e-01,  4.9742e-01, -1.0000e+00],
         [-6.2635e-01, -1.0000e+00, -1.0000e+00,  1.0000e+00],
         [-3.2893e-01, -3.8985e-01,  1.0000e+00, -6.6731e-01],
         [-9.9244e-01,  3.7995e-01,  4.3290e-01, -1.0000e+00],
         [-1.0000e+00,  1.0000e+00, -3.7336e-01,  1.0000e+00]],

        [[-1.0000e+00, -1.3601e-03,  1.0000e+00, -4.4146e-01],
         [-1.0000e+00,  8.3337e-01,  1.0000e+00, -1.0000e+00],
         [-1.0000e+00, -1.0000e+00, -4.3446e-02,  1.0000e+00],
         [ 7.9920e-01,  3.6844e-01,  1.0000e+00, -5.6622e-01],
         [-1.0000e+00, -7.5533e-01,  1.3276e-01, -1.0000e+00],
         [-1.0000e+00,  1.0000e+00, -3.5043e-01,  1.0000e+00]]],
       device='cuda:0')
[17:29:38.979] [DEBUG] step_counter=704 action.shape=torch.Size([16, 6, 4]) action=tensor([[[-0.4000,  0.3464,  1.0000,  0.5114],
         [-0.4442,  1.0000,  0.6491, -1.0000],
         [-1.0000, -0.8040, -1.0000,  1.0000],
         [-0.2636, -1.0000, -1.0000, -0.4021],
         [-1.0000,  0.2165,  1.0000, -1.0000],
         [-1.0000,  0.5665, -0.3131,  1.0000]],

        [[-1.0000,  1.0000,  1.0000,  0.2965],
         [ 1.0000,  1.0000, -0.3599,  0.4766],
         [-1.0000, -1.0000, -0.9071, -0.1695],
         [ 1.0000, -0.9421, -0.3639, -0.0711],
         [-0.3525,  0.4274,  1.0000, -1.0000],
         [-1.0000,  1.0000,  0.5973,  1.0000]],

        [[-1.0000,  1.0000, -0.1128,  1.0000],
         [-0.6986, -0.5646,  1.0000, -1.0000],
         [-1.0000, -0.8594, -0.9005,  1.0000],
         [ 0.0336,  0.6613,  0.8286, -0.5880],
         [-1.0000,  0.3512, -0.8977, -1.0000],
         [-1.0000,  1.0000, -1.0000,  0.7827]],

        [[-1.0000,  0.4825,  1.0000,  0.7435],
         [ 1.0000,  1.0000, -0.1344, -1.0000],
         [-0.0810, -1.0000,  0.7569,  1.0000],
         [-0.3181, -1.0000,  0.4181,  1.0000],
         [-0.0368, -1.0000,  0.6868, -1.0000],
         [-1.0000,  0.1195, -0.3227,  1.0000]],

        [[-1.0000,  1.0000,  0.4817,  1.0000],
         [-1.0000,  0.3044,  0.1277, -1.0000],
         [-1.0000, -1.0000, -1.0000,  1.0000],
         [-1.0000,  0.2897, -0.9291,  1.0000],
         [ 0.2155, -0.8460,  0.5603, -0.4949],
         [-1.0000,  1.0000, -1.0000,  1.0000]],

        [[-1.0000,  1.0000, -0.6226,  1.0000],
         [-1.0000, -0.3135,  1.0000, -1.0000],
         [-1.0000, -1.0000,  0.6454,  1.0000],
         [-0.3606, -0.8104,  0.7123,  0.0317],
         [ 0.7638, -0.5741, -0.5443, -1.0000],
         [-1.0000,  1.0000, -0.9331,  1.0000]],

        [[-1.0000,  1.0000,  1.0000, -0.9668],
         [-1.0000, -0.0908,  0.7684, -0.5296],
         [-1.0000, -1.0000,  0.0061,  1.0000],
         [-0.3114, -1.0000, -0.0848,  0.3791],
         [-0.9660, -1.0000,  1.0000, -1.0000],
         [-1.0000,  1.0000,  1.0000,  1.0000]],

        [[-1.0000, -0.2566,  0.4619,  0.3849],
         [-1.0000,  1.0000, -0.3483,  0.3877],
         [-0.8692, -1.0000, -1.0000,  0.9694],
         [-0.1273,  1.0000,  0.2966,  1.0000],
         [-0.4478,  0.6777,  1.0000, -1.0000],
         [-1.0000,  1.0000,  0.0589,  0.6301]],

        [[-1.0000, -0.0097,  1.0000, -0.7579],
         [-0.3935,  1.0000,  0.0380, -1.0000],
         [-1.0000, -0.9468, -0.5356,  1.0000],
         [-0.0745,  0.0805,  0.2271, -0.5668],
         [ 0.4410,  1.0000,  0.1808, -1.0000],
         [-1.0000,  1.0000, -1.0000,  1.0000]],

        [[-1.0000,  1.0000,  0.3379,  1.0000],
         [-0.3931, -0.3039,  0.9879, -0.5105],
         [-1.0000, -1.0000, -1.0000,  0.6411],
         [-0.1701, -1.0000,  0.1679,  1.0000],
         [ 0.2464,  0.6002,  1.0000, -1.0000],
         [-1.0000,  0.5405, -1.0000,  0.8642]],

        [[-1.0000,  0.2355,  1.0000,  1.0000],
         [ 0.8886, -0.4539,  1.0000, -1.0000],
         [-1.0000, -1.0000, -1.0000,  0.9132],
         [-0.4250,  1.0000,  0.7152, -1.0000],
         [-1.0000, -0.8820,  0.9587, -1.0000],
         [-1.0000, -0.6893, -1.0000,  1.0000]],

        [[-1.0000,  0.1153,  1.0000,  0.5921],
         [ 0.5445,  1.0000, -0.2844, -0.7847],
         [-1.0000, -1.0000, -1.0000,  1.0000],
         [ 0.7707, -0.6524,  1.0000, -0.7653],
         [-0.5906, -1.0000,  1.0000, -1.0000],
         [-1.0000,  0.2035, -1.0000,  1.0000]],

        [[-1.0000, -0.3936,  1.0000, -0.1333],
         [-0.5873,  0.6555, -0.1936, -1.0000],
         [-1.0000, -0.2877, -0.4384,  1.0000],
         [ 1.0000,  0.7261,  0.7568, -1.0000],
         [-0.7698, -0.9855,  0.4955, -1.0000],
         [-1.0000,  1.0000, -1.0000,  0.0934]],

        [[-0.8346,  0.6453,  1.0000, -0.1238],
         [-1.0000,  0.3848,  0.9002, -0.8231],
         [-1.0000, -0.9321, -1.0000,  1.0000],
         [ 0.2200, -1.0000,  1.0000, -1.0000],
         [ 0.9989, -0.2181,  0.4753, -1.0000],
         [-1.0000,  0.0514, -0.2520,  0.7761]],

        [[ 0.2764,  1.0000,  1.0000,  1.0000],
         [-0.8765,  0.4171,  1.0000, -0.8433],
         [-1.0000, -1.0000, -1.0000,  0.9548],
         [ 0.1342, -1.0000, -0.2388, -0.6746],
         [-0.2526, -1.0000,  0.6978, -1.0000],
         [-1.0000, -1.0000, -0.7163, -1.0000]],

        [[-1.0000,  0.9914,  0.5920,  1.0000],
         [-0.9147, -0.1378,  0.8497, -0.2749],
         [-1.0000, -1.0000, -1.0000,  1.0000],
         [ 0.0939, -0.4590,  1.0000,  1.0000],
         [ 0.1642, -1.0000,  1.0000, -1.0000],
         [-1.0000,  0.4426,  0.0810,  1.0000]]], device='cuda:0')
[17:29:39.481] [DEBUG] step_counter=789 action.shape=torch.Size([16, 6, 4]) action=tensor([[[-1.0000,  1.0000,  1.0000,  1.0000],
         [-0.4662,  1.0000, -1.0000,  0.5139],
         [-1.0000, -1.0000, -1.0000,  0.9695],
         [ 1.0000, -0.0633, -1.0000, -1.0000],
         [-1.0000,  0.1286,  0.0830, -1.0000],
         [-1.0000,  1.0000, -1.0000,  1.0000]],

        [[-1.0000,  1.0000,  1.0000,  1.0000],
         [-1.0000,  1.0000,  1.0000,  0.2920],
         [-0.8112, -1.0000, -1.0000,  0.1574],
         [ 1.0000, -1.0000,  0.9538, -0.7931],
         [-0.0283,  1.0000,  0.6392, -0.6344],
         [-0.7395,  0.5863, -0.5949,  0.7792]],

        [[-1.0000, -0.1495,  0.9336,  1.0000],
         [-1.0000, -0.0998,  0.5571, -1.0000],
         [-0.9257, -0.6342, -1.0000,  1.0000],
         [-0.8551, -0.4965,  0.8212,  0.4417],
         [-1.0000, -0.6766,  1.0000, -0.0652],
         [-1.0000,  0.7132, -1.0000,  1.0000]],

        [[-1.0000,  0.7018,  1.0000,  1.0000],
         [ 0.6273, -0.2456,  1.0000, -0.6734],
         [-1.0000, -1.0000, -1.0000,  1.0000],
         [ 0.8970, -1.0000,  0.7911, -1.0000],
         [-1.0000, -1.0000,  1.0000, -0.0929],
         [-1.0000,  1.0000, -1.0000,  0.5153]],

        [[-0.7538,  1.0000,  1.0000,  0.8896],
         [-0.6566,  1.0000,  1.0000,  0.0011],
         [-1.0000, -1.0000, -1.0000,  0.3048],
         [ 0.2823, -1.0000, -0.0932,  0.1951],
         [-0.0546,  0.4921,  1.0000, -1.0000],
         [-1.0000,  1.0000, -1.0000,  1.0000]],

        [[-1.0000,  0.9631,  1.0000,  1.0000],
         [-0.3451,  0.0403, -1.0000, -0.7355],
         [-1.0000, -1.0000, -1.0000,  0.3347],
         [ 0.5825, -0.9853,  1.0000,  1.0000],
         [-0.8197,  0.6286, -0.4087, -1.0000],
         [-1.0000, -0.2362, -1.0000,  1.0000]],

        [[-1.0000,  0.9122,  1.0000,  0.3564],
         [-0.1512,  0.9071, -1.0000, -1.0000],
         [-1.0000, -1.0000, -1.0000,  1.0000],
         [ 0.3019, -0.7479, -0.3189, -0.2565],
         [-0.5515, -0.0068,  1.0000, -0.7854],
         [-1.0000,  1.0000, -1.0000,  1.0000]],

        [[-1.0000,  0.7000,  1.0000, -0.1795],
         [-1.0000,  0.9922, -0.3786, -0.7094],
         [-1.0000, -1.0000, -1.0000,  1.0000],
         [ 0.8764, -0.7755,  0.7587,  0.1090],
         [ 1.0000, -1.0000,  1.0000, -0.2311],
         [-1.0000, -0.2984, -1.0000,  1.0000]],

        [[ 0.0680, -0.9744,  1.0000,  1.0000],
         [ 0.4620,  1.0000,  0.9535, -1.0000],
         [-1.0000, -1.0000, -1.0000,  1.0000],
         [ 0.4224,  0.3188,  0.7294,  0.4967],
         [-0.2868,  1.0000,  1.0000, -1.0000],
         [-1.0000,  1.0000,  0.5819,  1.0000]],

        [[-1.0000,  1.0000,  1.0000, -0.5967],
         [-1.0000,  1.0000,  1.0000, -1.0000],
         [-1.0000, -1.0000, -1.0000,  1.0000],
         [ 0.3644, -1.0000, -0.3123,  1.0000],
         [-0.8405,  0.0038,  1.0000, -1.0000],
         [-1.0000, -0.0446, -1.0000,  1.0000]],

        [[-1.0000,  0.2117,  1.0000,  1.0000],
         [-1.0000,  1.0000,  0.4037,  1.0000],
         [-1.0000, -1.0000, -1.0000,  0.3459],
         [ 1.0000,  1.0000,  0.3020, -0.1944],
         [-1.0000,  0.0926, -0.8835, -1.0000],
         [-1.0000,  0.3525,  0.0567,  1.0000]],

        [[-1.0000,  0.7920,  1.0000,  1.0000],
         [-0.5709, -0.0874,  1.0000, -1.0000],
         [-1.0000, -1.0000, -1.0000,  1.0000],
         [ 0.5450, -0.9791,  0.8734,  0.0398],
         [-0.7143, -0.5420,  1.0000, -0.0645],
         [-1.0000,  0.4164, -0.0849,  1.0000]],

        [[-1.0000,  0.4720,  1.0000, -0.5798],
         [-0.5645,  1.0000,  0.3207, -1.0000],
         [-1.0000, -1.0000, -1.0000,  1.0000],
         [ 1.0000, -1.0000,  0.3516,  0.5990],
         [ 0.5303, -0.3701,  0.4048, -1.0000],
         [-1.0000,  0.5449, -0.0879,  1.0000]],

        [[-1.0000,  0.0447,  1.0000,  0.9417],
         [-0.4501,  1.0000,  0.7717, -0.9379],
         [ 0.6264, -1.0000, -1.0000,  1.0000],
         [-0.1033, -0.4864,  1.0000,  1.0000],
         [-0.0396, -1.0000,  1.0000, -1.0000],
         [-1.0000, -0.8060, -0.0068,  1.0000]],

        [[-1.0000, -0.0624, -0.1766,  0.9426],
         [-0.8123,  0.6105,  1.0000, -1.0000],
         [-1.0000, -1.0000, -1.0000,  1.0000],
         [ 0.2184, -1.0000, -0.3582, -1.0000],
         [-0.6211,  1.0000,  1.0000, -1.0000],
         [-1.0000,  0.8924, -1.0000, -0.1999]],

        [[-1.0000,  1.0000,  1.0000,  1.0000],
         [-1.0000,  0.2051,  1.0000,  0.0511],
         [-1.0000, -1.0000, -1.0000,  1.0000],
         [ 1.0000, -0.2754,  1.0000,  1.0000],
         [ 0.1922, -0.5455,  0.2837, -1.0000],
         [-1.0000,  0.6891,  0.2203, -0.8394]]], device='cuda:0')
[17:29:39.981] [DEBUG] step_counter=865 action.shape=torch.Size([16, 6, 4]) action=tensor([[[-1.0000,  1.0000,  1.0000, -1.0000],
         [ 0.0885,  1.0000,  0.0966, -1.0000],
         [-1.0000, -1.0000, -1.0000,  1.0000],
         [ 1.0000, -0.6950,  1.0000, -0.4305],
         [-0.1949, -1.0000,  1.0000, -1.0000],
         [-1.0000,  0.0838, -0.5385,  1.0000]],

        [[-1.0000,  1.0000,  1.0000,  0.0583],
         [-0.1775,  0.3043,  1.0000, -1.0000],
         [-1.0000, -1.0000, -0.5408,  0.8115],
         [-0.5636, -0.7464, -0.5086,  1.0000],
         [-1.0000, -0.9619,  1.0000, -0.8602],
         [-1.0000,  0.6916, -1.0000,  1.0000]],

        [[-0.1709, -0.2302,  1.0000, -1.0000],
         [-0.7699,  0.1654,  1.0000, -1.0000],
         [-1.0000, -1.0000, -1.0000,  0.1111],
         [ 0.2246, -1.0000, -0.1621, -1.0000],
         [-0.0039, -1.0000,  0.8007, -1.0000],
         [-1.0000,  0.9541, -0.3106,  1.0000]],

        [[-1.0000,  0.0018,  0.4694,  1.0000],
         [-0.6384, -0.8479,  1.0000,  0.6368],
         [-1.0000, -1.0000, -1.0000,  1.0000],
         [ 0.2449, -0.5804,  0.6318, -0.7782],
         [-1.0000,  0.6306,  1.0000, -1.0000],
         [-1.0000,  1.0000, -1.0000,  1.0000]],

        [[-1.0000,  1.0000,  1.0000,  1.0000],
         [-0.8308,  0.0910,  1.0000, -0.8936],
         [-1.0000, -1.0000, -1.0000,  1.0000],
         [ 1.0000, -1.0000,  0.4094,  0.6433],
         [ 0.3165,  0.6064,  0.6722, -1.0000],
         [-1.0000,  1.0000, -1.0000,  0.0477]],

        [[-1.0000,  0.1164,  1.0000,  1.0000],
         [-0.8785,  0.2166, -0.5696, -1.0000],
         [-1.0000, -1.0000, -1.0000,  1.0000],
         [-0.4714, -1.0000,  1.0000,  0.1864],
         [-0.6081, -0.1283,  0.4542, -1.0000],
         [-1.0000,  1.0000,  1.0000, -0.0167]],

        [[-1.0000,  1.0000,  1.0000,  1.0000],
         [-1.0000, -0.2496,  0.3610, -0.3872],
         [-1.0000, -1.0000, -1.0000,  1.0000],
         [-1.0000, -1.0000, -0.5410,  0.3574],
         [-1.0000, -0.8993,  1.0000, -1.0000],
         [-1.0000,  1.0000,  0.2515,  1.0000]],

        [[-1.0000,  1.0000,  1.0000,  0.7307],
         [-0.9551,  1.0000, -0.1229, -1.0000],
         [-0.4109, -1.0000, -1.0000,  1.0000],
         [ 0.5515, -0.0874, -1.0000,  0.6300],
         [-0.7384, -0.9237,  0.9149,  0.5269],
         [-1.0000,  1.0000, -1.0000,  0.9778]],

        [[-1.0000, -0.7018,  1.0000, -0.0333],
         [-1.0000, -0.6487, -0.5799, -0.7875],
         [-1.0000, -1.0000, -1.0000,  1.0000],
         [-0.6049, -0.7813,  0.3511,  0.6899],
         [ 0.6182, -0.7569,  0.5005, -1.0000],
         [-1.0000,  0.9102, -0.2922,  1.0000]],

        [[-1.0000,  1.0000,  1.0000,  1.0000],
         [ 1.0000,  0.3751,  1.0000, -1.0000],
         [-1.0000, -1.0000, -1.0000,  1.0000],
         [-0.9808, -1.0000, -0.2192, -0.2629],
         [ 1.0000, -1.0000, -1.0000, -1.0000],
         [-1.0000,  0.0176, -1.0000,  0.6889]],

        [[-1.0000,  1.0000,  0.9373,  0.8090],
         [ 0.9683,  1.0000,  1.0000, -1.0000],
         [-1.0000, -0.3514, -0.8980,  1.0000],
         [ 0.7450, -1.0000, -0.7981, -1.0000],
         [ 0.8894, -0.1575,  1.0000, -1.0000],
         [-1.0000,  1.0000, -0.7163,  1.0000]],

        [[-0.9052,  1.0000,  1.0000,  1.0000],
         [-1.0000, -0.6142, -0.2637, -1.0000],
         [-1.0000, -1.0000, -0.2243,  1.0000],
         [ 0.5510,  1.0000, -1.0000, -0.2436],
         [-0.4178, -1.0000,  0.7182, -0.7345],
         [-1.0000,  1.0000, -0.8567,  1.0000]],

        [[-1.0000, -1.0000,  0.1063, -0.9433],
         [-1.0000, -0.3524, -0.6610, -0.3709],
         [-1.0000, -0.4905, -1.0000,  1.0000],
         [-1.0000, -0.6660,  0.1383, -0.2480],
         [ 0.5626, -1.0000,  1.0000, -0.5256],
         [-1.0000, -0.0034, -1.0000,  1.0000]],

        [[-1.0000,  1.0000,  1.0000,  1.0000],
         [-1.0000,  1.0000,  1.0000, -1.0000],
         [-1.0000, -1.0000, -1.0000,  1.0000],
         [-0.5095, -1.0000,  1.0000, -0.4208],
         [-0.6280, -0.6938,  1.0000, -0.9360],
         [-1.0000, -1.0000, -1.0000,  1.0000]],

        [[-1.0000, -0.5803,  1.0000,  1.0000],
         [-0.9092,  1.0000,  1.0000, -1.0000],
         [-1.0000, -1.0000, -1.0000,  1.0000],
         [-0.1320, -1.0000, -0.2615,  0.9481],
         [ 0.4995, -0.5746,  1.0000, -1.0000],
         [-0.9159,  0.6748, -0.7658,  1.0000]],

        [[-0.9679,  1.0000,  1.0000,  0.7793],
         [-1.0000,  0.6871,  1.0000, -0.4403],
         [-1.0000, -1.0000, -1.0000,  1.0000],
         [ 0.9834, -1.0000,  0.4517, -1.0000],
         [-0.4663, -0.7716,  0.8503, -1.0000],
         [-1.0000,  1.0000, -1.0000,  0.5191]]], device='cuda:0')
[17:29:40.485] [DEBUG] step_counter=951 action.shape=torch.Size([16, 6, 4]) action=tensor([[[-1.0000,  0.9108,  1.0000,  0.3155],
         [ 0.6832,  1.0000,  0.8207, -1.0000],
         [-1.0000, -0.5452, -1.0000,  0.6110],
         [-0.0780, -0.8020,  1.0000,  0.0776],
         [-1.0000, -1.0000,  1.0000, -1.0000],
         [-1.0000,  1.0000, -1.0000,  1.0000]],

        [[-1.0000,  0.8654,  1.0000,  0.7038],
         [-1.0000, -0.8024,  0.2695,  0.3845],
         [-1.0000, -1.0000, -1.0000,  1.0000],
         [ 1.0000, -0.2696,  1.0000,  0.2500],
         [ 0.6773, -0.6207,  1.0000, -1.0000],
         [-1.0000, -0.8571, -1.0000,  1.0000]],

        [[-0.8513,  0.5789,  1.0000,  0.4015],
         [-0.9344,  1.0000,  1.0000, -0.5356],
         [-1.0000,  0.3430, -1.0000,  1.0000],
         [-0.6576, -1.0000,  0.4522, -0.2424],
         [ 0.3824, -0.4937,  1.0000, -1.0000],
         [-1.0000,  1.0000, -0.3991,  1.0000]],

        [[-0.1144,  1.0000,  1.0000, -1.0000],
         [-1.0000, -0.7481,  1.0000, -1.0000],
         [-1.0000, -0.8005, -1.0000,  1.0000],
         [-0.0764, -0.5589,  1.0000,  1.0000],
         [ 1.0000, -0.6519,  1.0000,  0.4830],
         [-1.0000,  1.0000, -1.0000,  1.0000]],

        [[-1.0000, -1.0000,  1.0000,  0.9764],
         [ 0.4525, -0.1086, -0.5847, -1.0000],
         [-1.0000, -1.0000, -1.0000,  1.0000],
         [-1.0000,  0.8461,  1.0000,  0.0880],
         [ 1.0000,  1.0000,  1.0000, -0.2816],
         [-1.0000,  1.0000, -1.0000,  1.0000]],

        [[-0.9243,  1.0000,  1.0000,  0.4769],
         [-0.5002,  0.7065, -0.0885, -0.4201],
         [-1.0000, -1.0000, -0.7011,  1.0000],
         [ 0.6981, -1.0000,  1.0000, -0.2767],
         [ 0.7411, -1.0000,  1.0000, -1.0000],
         [-1.0000, -0.0442, -1.0000,  1.0000]],

        [[-1.0000,  1.0000,  1.0000,  1.0000],
         [-0.0714,  1.0000,  1.0000, -1.0000],
         [-1.0000, -1.0000, -1.0000,  1.0000],
         [ 1.0000, -1.0000,  0.2942,  0.6532],
         [-1.0000, -0.7576,  0.3699, -1.0000],
         [-1.0000,  1.0000, -0.9029,  1.0000]],

        [[-1.0000,  0.8363,  1.0000,  1.0000],
         [-0.5381,  1.0000,  1.0000,  0.1500],
         [-1.0000, -1.0000, -0.3557,  1.0000],
         [ 0.4435, -1.0000,  1.0000, -1.0000],
         [-0.8107, -0.0503,  1.0000, -1.0000],
         [-1.0000,  0.7986, -1.0000,  1.0000]],

        [[-1.0000,  0.8788,  1.0000,  1.0000],
         [-0.9538,  0.2077,  1.0000, -1.0000],
         [-1.0000, -1.0000, -0.8259,  1.0000],
         [-0.0685, -1.0000,  1.0000, -0.6328],
         [-0.1566,  0.2052, -0.5851, -1.0000],
         [-1.0000,  1.0000, -0.4627,  1.0000]],

        [[-1.0000,  1.0000,  1.0000,  1.0000],
         [-0.5797,  0.1775,  0.8827, -1.0000],
         [-1.0000, -1.0000, -1.0000,  1.0000],
         [ 0.4219, -1.0000, -0.5976,  0.9220],
         [ 0.8989,  0.2477, -0.0328, -0.8767],
         [-1.0000,  1.0000, -1.0000,  0.5861]],

        [[-1.0000,  0.7201,  1.0000,  1.0000],
         [-0.1862,  1.0000,  1.0000, -0.9427],
         [-1.0000, -1.0000, -1.0000,  1.0000],
         [-0.0648,  0.2688,  1.0000, -1.0000],
         [-0.0340, -0.5247,  1.0000, -1.0000],
         [-1.0000,  1.0000, -1.0000,  0.3801]],

        [[-1.0000,  0.9319, -0.0104,  0.8139],
         [-0.2067,  1.0000,  1.0000, -1.0000],
         [-1.0000, -1.0000, -1.0000,  1.0000],
         [ 1.0000,  1.0000,  1.0000, -0.2558],
         [ 0.5533, -1.0000, -0.1066, -1.0000],
         [-1.0000,  0.2727, -1.0000,  0.9641]],

        [[-1.0000,  1.0000,  1.0000,  0.4769],
         [-1.0000,  0.0545,  0.4499, -1.0000],
         [-1.0000, -1.0000, -1.0000,  1.0000],
         [-0.2712, -1.0000, -1.0000, -0.4851],
         [-0.0101,  0.6191,  1.0000, -1.0000],
         [-1.0000,  0.8424, -1.0000,  1.0000]],

        [[-1.0000, -0.9770,  1.0000,  1.0000],
         [-0.3885,  1.0000,  0.7141, -0.5677],
         [-1.0000, -1.0000, -1.0000,  1.0000],
         [-1.0000,  0.2273,  0.9767,  0.9024],
         [-1.0000, -0.9526,  1.0000,  0.4638],
         [-1.0000,  1.0000, -1.0000,  1.0000]],

        [[-1.0000,  1.0000,  1.0000,  1.0000],
         [-1.0000,  1.0000,  1.0000, -0.5790],
         [-1.0000, -1.0000, -1.0000,  0.8805],
         [ 1.0000, -1.0000,  1.0000, -0.3369],
         [ 0.3009,  0.4444,  1.0000, -0.7910],
         [-1.0000,  0.2366, -0.7041,  1.0000]],

        [[-1.0000,  0.2670,  1.0000,  1.0000],
         [ 0.6334,  1.0000,  0.8561, -1.0000],
         [-1.0000, -1.0000, -1.0000,  1.0000],
         [ 0.5771, -1.0000,  1.0000,  1.0000],
         [-0.3032, -0.2640,  1.0000, -0.1963],
         [-1.0000,  1.0000, -1.0000,  1.0000]]], device='cuda:0')
[17:29:40.986] [DEBUG] step_counter=1027 action.shape=torch.Size([16, 6, 4]) action=tensor([[[-1.0000, -0.0710,  1.0000,  1.0000],
         [-1.0000, -0.8258, -0.0225, -0.1769],
         [-1.0000, -1.0000, -1.0000,  1.0000],
         [ 0.5644,  0.4535, -0.5066, -0.0918],
         [-0.9206, -1.0000,  0.8755, -0.7660],
         [-1.0000,  1.0000, -0.9994,  1.0000]],

        [[-0.3285,  1.0000,  0.6149,  1.0000],
         [-0.3421,  1.0000,  0.2471, -1.0000],
         [-1.0000, -1.0000, -1.0000,  1.0000],
         [ 1.0000, -0.2384, -0.3492,  0.9627],
         [-0.5568, -1.0000,  0.1465, -0.9394],
         [-1.0000,  1.0000, -1.0000,  1.0000]],

        [[-1.0000, -0.2779,  1.0000,  1.0000],
         [-1.0000, -0.1439,  1.0000, -1.0000],
         [-1.0000, -1.0000, -1.0000,  1.0000],
         [-0.4214, -1.0000,  0.1777, -0.0102],
         [-1.0000, -1.0000,  1.0000, -1.0000],
         [-1.0000,  0.6987, -1.0000,  1.0000]],

        [[-1.0000, -1.0000,  1.0000, -0.0517],
         [ 0.3418,  1.0000,  0.5179,  0.2211],
         [-1.0000, -1.0000, -1.0000,  1.0000],
         [ 0.4486,  0.1406,  1.0000, -0.9696],
         [ 1.0000, -0.2473,  1.0000, -1.0000],
         [-1.0000, -0.2471, -1.0000,  1.0000]],

        [[-1.0000,  0.7552,  1.0000,  0.5940],
         [-0.9745,  0.5867,  1.0000, -1.0000],
         [-1.0000, -1.0000, -1.0000,  1.0000],
         [ 1.0000,  0.0458,  1.0000,  0.9539],
         [ 0.7671, -1.0000, -1.0000, -1.0000],
         [-1.0000,  0.4952, -1.0000,  1.0000]],

        [[-1.0000,  0.6145,  1.0000,  1.0000],
         [ 1.0000,  0.1871,  1.0000, -1.0000],
         [-1.0000, -1.0000, -1.0000,  1.0000],
         [ 0.0522, -1.0000,  0.5904, -0.3451],
         [-0.8901, -1.0000,  0.6524, -0.5126],
         [-1.0000,  1.0000, -0.8893,  1.0000]],

        [[-1.0000,  0.3282,  1.0000,  1.0000],
         [-0.5159,  0.6095,  0.8386, -1.0000],
         [-1.0000, -1.0000, -1.0000,  1.0000],
         [-1.0000, -1.0000,  0.5851,  0.2659],
         [ 0.5353, -0.3007, -0.1164, -1.0000],
         [-1.0000,  0.3958, -1.0000,  1.0000]],

        [[-1.0000,  1.0000,  1.0000,  0.8527],
         [-1.0000,  0.7636,  0.9488, -0.8061],
         [-1.0000, -1.0000, -1.0000,  1.0000],
         [ 0.7733, -1.0000, -1.0000,  0.6974],
         [ 0.1475, -0.4666,  1.0000, -1.0000],
         [-1.0000,  0.0364, -1.0000,  1.0000]],

        [[-1.0000,  1.0000,  1.0000,  1.0000],
         [-0.6331,  1.0000,  1.0000, -1.0000],
         [-1.0000, -1.0000, -1.0000,  1.0000],
         [ 1.0000, -1.0000,  1.0000,  1.0000],
         [ 0.1810,  0.5155,  1.0000, -1.0000],
         [-1.0000,  1.0000, -0.7029,  1.0000]],

        [[-1.0000,  1.0000,  1.0000,  0.7051],
         [-1.0000,  1.0000,  0.3298,  0.0798],
         [-1.0000, -1.0000, -1.0000,  1.0000],
         [ 0.0495, -1.0000, -1.0000,  0.1681],
         [-0.7322, -0.3071,  1.0000, -1.0000],
         [-1.0000,  1.0000, -1.0000,  0.4646]],

        [[-1.0000,  1.0000,  1.0000,  0.0328],
         [ 0.5955,  1.0000,  0.3127, -1.0000],
         [-1.0000, -1.0000, -1.0000,  0.6203],
         [ 0.1760, -0.2228,  0.0546,  1.0000],
         [-0.4990,  1.0000,  0.4228, -1.0000],
         [-1.0000,  0.5055, -1.0000,  0.6502]],

        [[-1.0000,  1.0000,  1.0000,  0.8993],
         [-0.2125,  1.0000, -0.9002, -1.0000],
         [-1.0000, -1.0000, -1.0000,  1.0000],
         [ 1.0000, -1.0000,  0.3006, -0.7572],
         [-0.6286, -1.0000,  1.0000, -1.0000],
         [-1.0000,  1.0000, -1.0000,  1.0000]],

        [[-1.0000, -0.5514,  1.0000,  1.0000],
         [-0.0940,  1.0000,  1.0000,  0.1558],
         [-1.0000, -1.0000, -1.0000,  1.0000],
         [-1.0000, -1.0000, -0.4509, -0.6496],
         [-1.0000, -1.0000,  1.0000, -1.0000],
         [-1.0000,  1.0000, -1.0000,  0.9189]],

        [[-1.0000,  0.9402,  1.0000,  0.7170],
         [ 0.6964, -0.0287,  1.0000, -1.0000],
         [-1.0000, -1.0000, -1.0000,  0.5896],
         [-0.4806, -1.0000,  0.2640,  0.5318],
         [-1.0000, -1.0000,  0.7669, -1.0000],
         [-1.0000, -0.6055, -1.0000,  1.0000]],

        [[-1.0000,  0.7316,  0.9356,  1.0000],
         [-1.0000, -0.6802, -0.3859, -1.0000],
         [-1.0000, -1.0000, -1.0000,  1.0000],
         [-0.2893, -1.0000,  1.0000,  1.0000],
         [-0.4303,  0.4517,  1.0000, -1.0000],
         [-1.0000,  1.0000, -1.0000,  1.0000]],

        [[-1.0000,  1.0000,  1.0000,  0.6170],
         [-1.0000,  0.6206,  1.0000, -1.0000],
         [-1.0000, -1.0000, -1.0000,  1.0000],
         [-0.2699, -0.5214, -0.0972,  0.8107],
         [-1.0000,  0.2017,  1.0000, -1.0000],
         [-1.0000, -0.3953, -1.0000,  1.0000]]], device='cuda:0')
[17:29:41.489] [DEBUG] step_counter=1112 action.shape=torch.Size([16, 6, 4]) action=tensor([[[-1.0000,  1.0000,  1.0000, -0.0901],
         [-0.3321,  1.0000,  1.0000, -1.0000],
         [-1.0000, -1.0000, -1.0000,  1.0000],
         [-0.4504, -0.4480,  1.0000, -0.7744],
         [-1.0000,  0.7365,  0.0507, -1.0000],
         [-1.0000,  1.0000, -1.0000,  1.0000]],

        [[-0.4483,  1.0000,  1.0000,  1.0000],
         [-0.5601,  0.9079,  1.0000, -1.0000],
         [-1.0000, -1.0000, -1.0000,  1.0000],
         [ 0.3148,  0.1365,  1.0000,  1.0000],
         [-1.0000, -1.0000,  1.0000, -1.0000],
         [-1.0000,  0.3818, -1.0000,  1.0000]],

        [[-1.0000,  1.0000,  1.0000,  1.0000],
         [-1.0000,  1.0000,  1.0000, -1.0000],
         [-1.0000, -1.0000, -1.0000,  1.0000],
         [ 1.0000, -1.0000, -1.0000,  1.0000],
         [-1.0000,  0.6973,  1.0000, -0.0347],
         [-1.0000,  1.0000,  0.6739,  1.0000]],

        [[-1.0000,  1.0000,  1.0000,  0.9777],
         [-1.0000,  1.0000,  1.0000, -1.0000],
         [-1.0000, -1.0000, -1.0000,  1.0000],
         [ 1.0000, -0.5570, -0.3988,  0.6625],
         [ 0.3967, -0.8964,  0.6146, -0.4924],
         [-1.0000,  1.0000, -1.0000,  1.0000]],

        [[-1.0000,  1.0000,  1.0000,  1.0000],
         [-0.5701,  0.6302,  1.0000, -1.0000],
         [-0.2819, -1.0000, -1.0000,  1.0000],
         [ 0.5561,  0.9884,  1.0000,  0.5224],
         [-0.1625,  0.4637, -0.1444, -1.0000],
         [-1.0000,  1.0000, -1.0000,  1.0000]],

        [[-1.0000,  1.0000,  1.0000,  0.9767],
         [-1.0000,  0.6524,  1.0000, -1.0000],
         [-1.0000, -1.0000, -1.0000,  1.0000],
         [ 0.6545,  0.1145, -0.3158,  1.0000],
         [-1.0000,  0.0749,  1.0000, -1.0000],
         [-1.0000, -0.3315, -0.5028,  1.0000]],

        [[-1.0000,  1.0000,  1.0000,  1.0000],
         [ 0.1193,  1.0000,  1.0000, -1.0000],
         [-1.0000, -1.0000, -0.8813,  0.9728],
         [-0.3560,  0.5593,  0.2907, -0.3920],
         [-0.1390,  1.0000,  1.0000, -1.0000],
         [-1.0000,  1.0000, -1.0000,  1.0000]],

        [[-1.0000,  1.0000,  1.0000,  0.9143],
         [-0.7724,  1.0000,  0.7693, -0.6889],
         [-1.0000, -1.0000, -1.0000,  1.0000],
         [ 0.5090, -1.0000,  1.0000,  1.0000],
         [-0.2206,  0.1944,  1.0000, -0.0254],
         [-1.0000,  1.0000, -0.2846,  1.0000]],

        [[-0.7168, -0.3027,  1.0000,  1.0000],
         [-0.7943,  1.0000,  0.9144, -0.8933],
         [-1.0000, -1.0000, -1.0000,  1.0000],
         [-0.3812,  1.0000,  1.0000,  1.0000],
         [-0.9190, -1.0000,  1.0000, -1.0000],
         [-1.0000,  1.0000, -1.0000,  1.0000]],

        [[-1.0000,  1.0000,  1.0000,  1.0000],
         [-1.0000,  1.0000,  0.9787, -0.3539],
         [-1.0000, -1.0000, -1.0000,  1.0000],
         [ 0.5903, -1.0000, -1.0000, -0.2648],
         [ 0.9537,  1.0000,  1.0000, -1.0000],
         [-1.0000,  1.0000, -1.0000,  1.0000]],

        [[-1.0000,  1.0000,  1.0000,  1.0000],
         [-1.0000,  1.0000,  1.0000, -1.0000],
         [-1.0000, -1.0000, -1.0000,  1.0000],
         [-0.6085,  0.4373, -0.2315,  0.6436],
         [ 0.8497,  0.7580,  1.0000, -1.0000],
         [-1.0000,  1.0000,  0.0089,  0.4143]],

        [[-1.0000,  1.0000,  1.0000,  0.6294],
         [-0.3226,  1.0000,  1.0000, -1.0000],
         [-1.0000, -1.0000, -1.0000,  1.0000],
         [ 1.0000, -1.0000,  1.0000, -0.2953],
         [ 0.4870, -0.9817,  0.4005, -1.0000],
         [-1.0000,  1.0000, -1.0000,  0.9938]],

        [[-1.0000,  0.3155,  1.0000,  1.0000],
         [-1.0000,  0.6354,  1.0000, -0.0708],
         [-1.0000, -1.0000, -1.0000,  1.0000],
         [ 1.0000,  1.0000,  1.0000, -0.5602],
         [-1.0000, -1.0000,  1.0000, -1.0000],
         [-1.0000,  0.1043,  0.0942,  1.0000]],

        [[-1.0000,  1.0000,  1.0000,  1.0000],
         [-1.0000,  0.5710,  0.4709, -1.0000],
         [-1.0000, -1.0000, -1.0000,  1.0000],
         [-0.0454,  0.6164,  1.0000,  1.0000],
         [-1.0000, -0.6598,  1.0000, -0.5622],
         [-1.0000,  1.0000, -1.0000,  1.0000]],

        [[-1.0000,  1.0000,  1.0000,  1.0000],
         [-0.0820,  1.0000, -0.0863, -1.0000],
         [-1.0000, -1.0000, -1.0000,  1.0000],
         [ 0.5553,  0.5806,  0.2884,  0.1899],
         [-1.0000, -1.0000,  0.6436, -1.0000],
         [-1.0000,  1.0000, -1.0000,  1.0000]],

        [[-1.0000, -0.0225,  1.0000,  1.0000],
         [-1.0000,  1.0000,  0.8932, -1.0000],
         [-1.0000, -1.0000, -1.0000,  1.0000],
         [-1.0000, -0.6397, -0.3609,  0.1327],
         [-0.3178,  0.1955,  0.7785, -1.0000],
         [-1.0000, -0.2657, -1.0000,  1.0000]]], device='cuda:0')
[17:29:41.808] [WARNING] NaN/Inf detected in payload.state!
[17:29:41.809] [WARNING] NaN/Inf detected in drone_pos!
[17:29:41.813] [WARNING] NaN/Inf detected in payload.state!
[17:29:41.813] [WARNING] NaN/Inf detected in drone_pos!
[17:29:41.818] [WARNING] NaN/Inf detected in payload.state!
[17:29:41.818] [WARNING] NaN/Inf detected in drone_pos!
[17:29:41.822] [WARNING] NaN/Inf detected in payload.state!
[17:29:41.823] [WARNING] NaN/Inf detected in drone_pos!
[17:29:41.827] [WARNING] NaN/Inf detected in payload.state!
[17:29:41.827] [WARNING] NaN/Inf detected in drone_pos!
[17:29:41.832] [WARNING] NaN/Inf detected in payload.state!
[17:29:41.832] [WARNING] NaN/Inf detected in drone_pos!
[17:29:41.836] [WARNING] NaN/Inf detected in payload.state!
[17:29:41.837] [WARNING] NaN/Inf detected in drone_pos!
[17:29:41.841] [WARNING] NaN/Inf detected in payload.state!
[17:29:41.841] [WARNING] NaN/Inf detected in drone_pos!
[17:29:41.846] [WARNING] NaN/Inf detected in payload.state!
[17:29:41.846] [WARNING] NaN/Inf detected in drone_pos!
[17:29:41.850] [WARNING] NaN/Inf detected in payload.state!
[17:29:41.851] [WARNING] NaN/Inf detected in drone_pos!
[17:29:41.855] [WARNING] NaN/Inf detected in payload.state!
[17:29:41.855] [WARNING] NaN/Inf detected in drone_pos!
[17:29:41.860] [WARNING] NaN/Inf detected in payload.state!
[17:29:41.860] [WARNING] NaN/Inf detected in drone_pos!
[17:29:41.865] [WARNING] NaN/Inf detected in payload.state!
[17:29:41.865] [WARNING] NaN/Inf detected in drone_pos!
[17:29:41.869] [WARNING] NaN/Inf detected in payload.state!
[17:29:41.870] [WARNING] NaN/Inf detected in drone_pos!
[17:29:41.874] [WARNING] NaN/Inf detected in payload.state!
[17:29:41.874] [WARNING] NaN/Inf detected in drone_pos!
[17:29:41.879] [WARNING] NaN/Inf detected in payload.state!
[17:29:41.879] [WARNING] NaN/Inf detected in drone_pos!
[17:29:41.883] [WARNING] NaN/Inf detected in payload.state!
[17:29:41.884] [WARNING] NaN/Inf detected in drone_pos!
[17:29:41.888] [WARNING] NaN/Inf detected in payload.state!
[17:29:41.888] [WARNING] NaN/Inf detected in drone_pos!
[17:29:41.893] [WARNING] NaN/Inf detected in payload.state!
[17:29:41.893] [WARNING] NaN/Inf detected in drone_pos!
[17:29:41.898] [WARNING] NaN/Inf detected in payload.state!
[17:29:41.898] [WARNING] NaN/Inf detected in drone_pos!
[17:29:41.902] [WARNING] NaN/Inf detected in payload.state!
[17:29:41.903] [WARNING] NaN/Inf detected in drone_pos!
[17:29:41.907] [WARNING] NaN/Inf detected in payload.state!
[17:29:41.907] [WARNING] NaN/Inf detected in drone_pos!
[17:29:41.912] [WARNING] NaN/Inf detected in payload.state!
[17:29:41.912] [WARNING] NaN/Inf detected in drone_pos!
[17:29:41.916] [WARNING] NaN/Inf detected in payload.state!
[17:29:41.917] [WARNING] NaN/Inf detected in drone_pos!
[17:29:41.921] [WARNING] NaN/Inf detected in payload.state!
[17:29:41.921] [WARNING] NaN/Inf detected in drone_pos!
