Environment Step Log - Started at 2025-09-30 15:45:11
================================================================================
Number of environments: 16
Number of cables: 6
Device: cuda
================================================================================

[15:45:12.071] [DEBUG] step_counter=0 action.shape=torch.Size([16, 6, 4]) action=tensor([[[ 0.1927,  1.0000, -0.1798,  0.9153],
         [-1.0000,  0.6634, -0.6035, -0.7846],
         [ 0.4993, -1.0000, -1.0000, -0.3941],
         [-0.1695,  0.1034, -1.0000,  1.0000],
         [-0.7435,  0.6418,  0.9311, -0.0175],
         [ 1.0000, -0.5324, -0.2781,  1.0000]],

        [[-0.3274, -1.0000,  1.0000, -0.6263],
         [ 0.2364, -1.0000, -1.0000, -1.0000],
         [ 0.8100,  1.0000,  0.6264,  0.3344],
         [-1.0000,  0.5265,  1.0000, -0.6192],
         [ 0.9135,  0.0320,  0.2189, -0.1249],
         [ 0.4732, -0.6049, -1.0000,  0.0960]],

        [[-0.3361, -0.5382, -0.8854,  0.4600],
         [ 0.2166, -0.1872,  1.0000, -1.0000],
         [-0.3784, -0.5757,  0.4263, -0.6279],
         [ 1.0000, -0.9104,  0.2231, -0.3817],
         [ 1.0000, -1.0000,  0.6886, -1.0000],
         [-0.2399,  0.4980,  0.0762,  0.2592]],

        [[ 0.3603,  1.0000,  0.0156,  1.0000],
         [-1.0000,  0.9588, -0.4114,  0.7935],
         [-0.6073, -0.6364, -0.7439, -0.5979],
         [-0.5168, -0.5140,  0.1471,  0.4883],
         [ 0.4779, -1.0000, -0.1376,  0.2925],
         [-1.0000, -0.6622,  0.0509,  0.1945]],

        [[ 0.5947,  0.2198,  1.0000, -0.6155],
         [-1.0000,  0.0165,  1.0000,  1.0000],
         [-0.0054, -1.0000, -0.7714,  0.2848],
         [-0.6244, -0.1355, -0.8049, -1.0000],
         [ 0.6710, -0.1401, -0.0820,  0.4643],
         [-0.1735,  0.0057,  0.6014,  0.2472]],

        [[ 0.7472, -0.1293, -0.1099, -0.4349],
         [-0.4522, -1.0000, -0.1978, -0.6455],
         [ 0.1687,  1.0000, -0.0492,  1.0000],
         [ 1.0000, -1.0000, -0.6983,  1.0000],
         [ 1.0000, -0.6662,  1.0000, -0.2639],
         [ 0.5776,  0.4101,  1.0000, -1.0000]],

        [[-0.6339,  1.0000, -0.1025,  0.3021],
         [-0.6774, -1.0000,  0.9574,  0.8215],
         [-0.6574,  1.0000,  1.0000, -0.5165],
         [ 0.1624, -1.0000, -0.1477, -0.5610],
         [-0.8367, -0.0442, -0.0602,  0.7653],
         [ 0.9535,  0.8086, -0.6338,  1.0000]],

        [[-1.0000, -0.0357, -0.3735, -0.4204],
         [ 0.2024, -1.0000,  0.3563, -0.4157],
         [-1.0000, -1.0000, -1.0000, -1.0000],
         [-0.7331,  0.6642, -0.6344,  0.3479],
         [-1.0000, -0.3648,  0.7275,  0.5882],
         [-0.6141, -0.1425, -0.4561, -1.0000]],

        [[ 0.3862, -0.2177,  0.5919, -0.9369],
         [ 0.0489, -0.7915,  0.4399,  1.0000],
         [ 0.2205,  0.9657,  0.7600,  0.8242],
         [-0.4443, -0.0100, -0.8706,  0.4709],
         [ 1.0000,  0.3533,  0.0478,  0.8605],
         [-0.2563, -0.1019,  1.0000, -0.4216]],

        [[ 0.5473,  0.1372, -1.0000,  0.0317],
         [-1.0000, -0.2440,  0.0693,  1.0000],
         [ 0.9510,  1.0000, -1.0000, -0.5738],
         [-0.0963, -1.0000,  0.1413,  0.3069],
         [-0.2521, -0.8986,  0.4076,  1.0000],
         [ 1.0000,  0.3321,  0.1018, -0.6590]],

        [[-1.0000, -0.6762,  1.0000,  0.3654],
         [-0.5035,  0.0565, -1.0000, -0.1118],
         [-0.1369, -0.6767, -0.3684,  0.0031],
         [-0.0123, -1.0000,  0.7622, -1.0000],
         [-1.0000,  1.0000,  0.1593,  0.5961],
         [ 0.6801,  0.4966, -1.0000,  1.0000]],

        [[-1.0000, -0.1866, -0.0302,  0.2838],
         [ 0.7045,  1.0000,  0.3149,  0.5336],
         [-0.2724, -0.7954,  0.4073, -0.3015],
         [-1.0000, -0.2034, -0.0525, -0.1158],
         [ 0.5216,  1.0000, -0.0266, -0.8523],
         [ 1.0000,  0.6737,  0.8239,  0.2853]],

        [[ 0.0157,  0.7162,  1.0000, -0.0496],
         [-1.0000, -0.6318,  0.9301,  0.7827],
         [ 0.6508, -0.4622, -1.0000, -0.3771],
         [ 0.0036, -1.0000,  1.0000, -1.0000],
         [ 0.2321,  0.5575, -1.0000, -1.0000],
         [ 1.0000,  1.0000, -0.4611, -0.3721]],

        [[-1.0000, -1.0000, -0.3311,  0.1682],
         [ 1.0000, -1.0000,  0.4033,  1.0000],
         [-1.0000,  1.0000, -1.0000, -1.0000],
         [-0.1428,  0.9382, -1.0000, -0.0825],
         [ 0.8246, -0.1069, -0.8201, -1.0000],
         [ 0.1153,  0.0757, -1.0000, -1.0000]],

        [[ 1.0000,  0.2970, -1.0000, -0.7113],
         [ 0.7780,  0.8998,  1.0000,  0.8482],
         [ 1.0000, -0.1586,  1.0000,  0.4586],
         [-0.0541, -0.5043, -0.2895,  0.9191],
         [-1.0000, -1.0000, -0.1659, -0.3632],
         [ 0.4580, -1.0000,  1.0000,  0.2220]],

        [[-0.0936,  1.0000,  0.6053,  0.7325],
         [ 0.8147,  0.4473, -0.0508, -0.4234],
         [-1.0000,  0.3032,  1.0000,  0.9479],
         [ 1.0000, -1.0000,  0.2079,  1.0000],
         [-0.1783, -0.6733,  1.0000, -1.0000],
         [ 0.8249, -0.7032, -0.1159, -0.7126]]], device='cuda:0')
[15:45:12.090] [DEBUG] cable.state.shape=torch.Size([16, 6, 8]) cable.state=tensor([[[ 1.2500e-07, -2.4082e-08,  1.0000e+00,  9.6329e-05,  5.0000e-04,
          -8.9917e-05,  2.0000e+00,  4.5763e-04],
         [ 8.2929e-08,  1.2500e-07,  1.0000e+00, -5.0000e-04,  3.3172e-04,
          -3.0174e-04,  2.0000e+00, -3.9231e-04],
         [-1.2500e-07, -6.2418e-08,  1.0000e+00,  2.4967e-04, -5.0000e-04,
          -5.0000e-04,  2.0000e+00, -1.9707e-04],
         [ 1.2924e-08,  2.1192e-08,  1.0000e+00, -8.4767e-05,  5.1694e-05,
          -5.0000e-04,  2.0000e+00,  5.0000e-04],
         [ 8.0223e-08,  9.2941e-08,  1.0000e+00, -3.7177e-04,  3.2089e-04,
           4.6554e-04,  2.0000e+00, -8.7291e-06],
         [-6.6554e-08, -1.2500e-07,  1.0000e+00,  5.0000e-04, -2.6622e-04,
          -1.3904e-04,  2.0000e+00,  5.0000e-04]],

        [[-1.2500e-07,  4.0925e-08,  1.0000e+00, -1.6370e-04, -5.0000e-04,
           5.0000e-04,  2.0000e+00, -3.1313e-04],
         [-1.2500e-07, -2.9548e-08,  1.0000e+00,  1.1819e-04, -5.0000e-04,
          -5.0000e-04,  2.0000e+00, -5.0000e-04],
         [ 1.2500e-07, -1.0126e-07,  1.0000e+00,  4.0502e-04,  5.0000e-04,
           3.1322e-04,  2.0000e+00,  1.6722e-04],
         [ 6.5812e-08,  1.2500e-07,  1.0000e+00, -5.0000e-04,  2.6325e-04,
           5.0000e-04,  2.0000e+00, -3.0961e-04],
         [ 4.0009e-09, -1.1419e-07,  1.0000e+00,  4.5677e-04,  1.6004e-05,
           1.0945e-04,  2.0000e+00, -6.2443e-05],
         [-7.5612e-08, -5.9155e-08,  1.0000e+00,  2.3662e-04, -3.0245e-04,
          -5.0000e-04,  2.0000e+00,  4.8009e-05]],

        [[-6.7271e-08,  4.2007e-08,  1.0000e+00, -1.6803e-04, -2.6909e-04,
          -4.4270e-04,  2.0000e+00,  2.3001e-04],
         [-2.3404e-08, -2.7075e-08,  1.0000e+00,  1.0830e-04, -9.3618e-05,
           5.0000e-04,  2.0000e+00, -5.0000e-04],
         [-7.1959e-08,  4.7299e-08,  1.0000e+00, -1.8920e-04, -2.8784e-04,
           2.1314e-04,  2.0000e+00, -3.1397e-04],
         [-1.1381e-07, -1.2500e-07,  1.0000e+00,  5.0000e-04, -4.5522e-04,
           1.1154e-04,  2.0000e+00, -1.9083e-04],
         [-1.2500e-07, -1.2500e-07,  1.0000e+00,  5.0000e-04, -5.0000e-04,
           3.4429e-04,  2.0000e+00, -5.0000e-04],
         [ 6.2253e-08,  2.9988e-08,  1.0000e+00, -1.1995e-04,  2.4901e-04,
           3.8102e-05,  2.0000e+00,  1.2962e-04]],

        [[ 1.2500e-07, -4.5040e-08,  1.0000e+00,  1.8016e-04,  5.0000e-04,
           7.7811e-06,  2.0000e+00,  5.0000e-04],
         [ 1.1985e-07,  1.2500e-07,  1.0000e+00, -5.0000e-04,  4.7942e-04,
          -2.0569e-04,  2.0000e+00,  3.9673e-04],
         [-7.9553e-08,  7.5913e-08,  1.0000e+00, -3.0365e-04, -3.1821e-04,
          -3.7194e-04,  2.0000e+00, -2.9894e-04],
         [-6.4252e-08,  6.4602e-08,  1.0000e+00, -2.5841e-04, -2.5701e-04,
           7.3534e-05,  2.0000e+00,  2.4414e-04],
         [-1.2500e-07, -5.9736e-08,  1.0000e+00,  2.3894e-04, -5.0000e-04,
          -6.8811e-05,  2.0000e+00,  1.4625e-04],
         [-8.2780e-08,  1.2500e-07,  1.0000e+00, -5.0000e-04, -3.3112e-04,
           2.5442e-05,  2.0000e+00,  9.7250e-05]],

        [[ 2.7479e-08, -7.4331e-08,  1.0000e+00,  2.9733e-04,  1.0992e-04,
           5.0000e-04,  2.0000e+00, -3.0776e-04],
         [ 2.0603e-09,  1.2500e-07,  1.0000e+00, -5.0000e-04,  8.2413e-06,
           5.0000e-04,  2.0000e+00,  5.0000e-04],
         [-1.2500e-07,  6.7320e-10,  1.0000e+00, -2.6928e-06, -5.0000e-04,
          -3.8572e-04,  2.0000e+00,  1.4240e-04],
         [-1.6936e-08,  7.8051e-08,  1.0000e+00, -3.1220e-04, -6.7745e-05,
          -4.0247e-04,  2.0000e+00, -5.0000e-04],
         [-1.7512e-08, -8.3876e-08,  1.0000e+00,  3.3550e-04, -7.0046e-05,
          -4.1003e-05,  2.0000e+00,  2.3217e-04],
         [ 7.1453e-10,  2.1690e-08,  1.0000e+00, -8.6759e-05,  2.8581e-06,
           3.0068e-04,  2.0000e+00,  1.2360e-04]],

        [[-1.6162e-08, -9.3400e-08,  1.0000e+00,  3.7360e-04, -6.4649e-05,
          -5.4974e-05,  2.0000e+00, -2.1744e-04],
         [-1.2500e-07,  5.6531e-08,  1.0000e+00, -2.2612e-04, -5.0000e-04,
          -9.8898e-05,  2.0000e+00, -3.2276e-04],
         [ 1.2500e-07, -2.1083e-08,  1.0000e+00,  8.4331e-05,  5.0000e-04,
          -2.4584e-05,  2.0000e+00,  5.0000e-04],
         [-1.2500e-07, -1.2500e-07,  1.0000e+00,  5.0000e-04, -5.0000e-04,
          -3.4917e-04,  2.0000e+00,  5.0000e-04],
         [-8.3270e-08, -1.2500e-07,  1.0000e+00,  5.0000e-04, -3.3308e-04,
           5.0000e-04,  2.0000e+00, -1.3196e-04],
         [ 5.1263e-08, -7.2206e-08,  1.0000e+00,  2.8882e-04,  2.0505e-04,
           5.0000e-04,  2.0000e+00, -5.0000e-04]],

        [[ 1.2500e-07,  7.9243e-08,  1.0000e+00, -3.1697e-04,  5.0000e-04,
          -5.1264e-05,  2.0000e+00,  1.5104e-04],
         [-1.2500e-07,  8.4679e-08,  1.0000e+00, -3.3872e-04, -5.0000e-04,
           4.7869e-04,  2.0000e+00,  4.1073e-04],
         [ 1.2500e-07,  8.2169e-08,  1.0000e+00, -3.2868e-04,  5.0000e-04,
           5.0000e-04,  2.0000e+00, -2.5824e-04],
         [-1.2500e-07, -2.0295e-08,  1.0000e+00,  8.1178e-05, -5.0000e-04,
          -7.3858e-05,  2.0000e+00, -2.8050e-04],
         [-5.5214e-09,  1.0459e-07,  1.0000e+00, -4.1836e-04, -2.2085e-05,
          -3.0082e-05,  2.0000e+00,  3.8265e-04],
         [ 1.0108e-07, -1.1918e-07,  1.0000e+00,  4.7674e-04,  4.0431e-04,
          -3.1690e-04,  2.0000e+00,  5.0000e-04]],

        [[-4.4598e-09,  1.2500e-07,  1.0000e+00, -5.0000e-04, -1.7839e-05,
          -1.8674e-04,  2.0000e+00, -2.1019e-04],
         [-1.2500e-07, -2.5296e-08,  1.0000e+00,  1.0118e-04, -5.0000e-04,
           1.7813e-04,  2.0000e+00, -2.0787e-04],
         [-1.2500e-07,  1.2500e-07,  1.0000e+00, -5.0000e-04, -5.0000e-04,
          -5.0000e-04,  2.0000e+00, -5.0000e-04],
         [ 8.3020e-08,  9.1635e-08,  1.0000e+00, -3.6654e-04,  3.3208e-04,
          -3.1718e-04,  2.0000e+00,  1.7394e-04],
         [-4.5604e-08,  1.2500e-07,  1.0000e+00, -5.0000e-04, -1.8241e-04,
           3.6375e-04,  2.0000e+00,  2.9408e-04],
         [-1.7816e-08,  7.6761e-08,  1.0000e+00, -3.0704e-04, -7.1264e-05,
          -2.2805e-04,  2.0000e+00, -5.0000e-04]],

        [[-2.7213e-08, -4.8274e-08,  1.0000e+00,  1.9310e-04, -1.0885e-04,
           2.9594e-04,  2.0000e+00, -4.6844e-04],
         [-9.8938e-08, -6.1164e-09,  1.0000e+00,  2.4466e-05, -3.9575e-04,
           2.1995e-04,  2.0000e+00,  5.0000e-04],
         [ 1.2071e-07, -2.7565e-08,  1.0000e+00,  1.1026e-04,  4.8284e-04,
           3.8001e-04,  2.0000e+00,  4.1211e-04],
         [-1.2551e-09,  5.5533e-08,  1.0000e+00, -2.2213e-04, -5.0205e-06,
          -4.3528e-04,  2.0000e+00,  2.3544e-04],
         [ 4.4168e-08, -1.2500e-07,  1.0000e+00,  5.0000e-04,  1.7667e-04,
           2.3894e-05,  2.0000e+00,  4.3025e-04],
         [-1.2742e-08,  3.2037e-08,  1.0000e+00, -1.2815e-04, -5.0968e-05,
           5.0000e-04,  2.0000e+00, -2.1078e-04]],

        [[ 1.7150e-08, -6.8419e-08,  1.0000e+00,  2.7367e-04,  6.8598e-05,
          -5.0000e-04,  2.0000e+00,  1.5844e-05],
         [-3.0497e-08,  1.2500e-07,  1.0000e+00, -5.0000e-04, -1.2199e-04,
           3.4646e-05,  2.0000e+00,  5.0000e-04],
         [ 1.2500e-07, -1.1887e-07,  1.0000e+00,  4.7548e-04,  5.0000e-04,
          -5.0000e-04,  2.0000e+00, -2.8692e-04],
         [-1.2500e-07,  1.2038e-08,  1.0000e+00, -4.8151e-05, -5.0000e-04,
           7.0661e-05,  2.0000e+00,  1.5346e-04],
         [-1.1233e-07,  3.1518e-08,  1.0000e+00, -1.2607e-04, -4.4930e-04,
           2.0380e-04,  2.0000e+00,  5.0000e-04],
         [ 4.1508e-08, -1.2500e-07,  1.0000e+00,  5.0000e-04,  1.6603e-04,
           5.0897e-05,  2.0000e+00, -3.2949e-04]],

        [[-8.4523e-08,  1.2500e-07,  1.0000e+00, -5.0000e-04, -3.3809e-04,
           5.0000e-04,  2.0000e+00,  1.8269e-04],
         [ 7.0674e-09,  6.2937e-08,  1.0000e+00, -2.5175e-04,  2.8270e-05,
          -5.0000e-04,  2.0000e+00, -5.5917e-05],
         [-8.4582e-08,  1.7111e-08,  1.0000e+00, -6.8443e-05, -3.3833e-04,
          -1.8420e-04,  2.0000e+00,  1.5550e-06],
         [-1.2500e-07,  1.5428e-09,  1.0000e+00, -6.1712e-06, -5.0000e-04,
           3.8110e-04,  2.0000e+00, -5.0000e-04],
         [ 1.2500e-07,  1.2500e-07,  1.0000e+00, -5.0000e-04,  5.0000e-04,
           7.9655e-05,  2.0000e+00,  2.9806e-04],
         [ 6.2079e-08, -8.5014e-08,  1.0000e+00,  3.4006e-04,  2.4832e-04,
          -5.0000e-04,  2.0000e+00,  5.0000e-04]],

        [[-2.3327e-08,  1.2500e-07,  1.0000e+00, -5.0000e-04, -9.3307e-05,
          -1.5112e-05,  2.0000e+00,  1.4188e-04],
         [ 1.2500e-07, -8.8060e-08,  1.0000e+00,  3.5224e-04,  5.0000e-04,
           1.5747e-04,  2.0000e+00,  2.6680e-04],
         [-9.9421e-08,  3.4055e-08,  1.0000e+00, -1.3622e-04, -3.9769e-04,
           2.0363e-04,  2.0000e+00, -1.5076e-04],
         [-2.5425e-08,  1.2500e-07,  1.0000e+00, -5.0000e-04, -1.0170e-04,
          -2.6244e-05,  2.0000e+00, -5.7897e-05],
         [ 1.2500e-07, -6.5200e-08,  1.0000e+00,  2.6080e-04,  5.0000e-04,
          -1.3318e-05,  2.0000e+00, -4.2616e-04],
         [ 8.4209e-08, -1.2500e-07,  1.0000e+00,  5.0000e-04,  3.3683e-04,
           4.1194e-04,  2.0000e+00,  1.4266e-04]],

        [[ 8.9530e-08, -1.9601e-09,  1.0000e+00,  7.8404e-06,  3.5812e-04,
           5.0000e-04,  2.0000e+00, -2.4786e-05],
         [-7.8974e-08,  1.2500e-07,  1.0000e+00, -5.0000e-04, -3.1590e-04,
           4.6505e-04,  2.0000e+00,  3.9136e-04],
         [-5.7774e-08, -8.1355e-08,  1.0000e+00,  3.2542e-04, -2.3110e-04,
          -5.0000e-04,  2.0000e+00, -1.8857e-04],
         [-1.2500e-07, -4.4663e-10,  1.0000e+00,  1.7865e-06, -5.0000e-04,
           5.0000e-04,  2.0000e+00, -5.0000e-04],
         [ 6.9691e-08, -2.9015e-08,  1.0000e+00,  1.1606e-04,  2.7876e-04,
          -5.0000e-04,  2.0000e+00, -5.0000e-04],
         [ 1.2500e-07, -1.2500e-07,  1.0000e+00,  5.0000e-04,  5.0000e-04,
          -2.3055e-04,  2.0000e+00, -1.8603e-04]],

        [[-1.2500e-07,  1.2500e-07,  1.0000e+00, -5.0000e-04, -5.0000e-04,
          -1.6556e-04,  2.0000e+00,  8.4111e-05],
         [-1.2500e-07, -1.2500e-07,  1.0000e+00,  5.0000e-04, -5.0000e-04,
           2.0167e-04,  2.0000e+00,  5.0000e-04],
         [ 1.2500e-07,  1.2500e-07,  1.0000e+00, -5.0000e-04,  5.0000e-04,
          -5.0000e-04,  2.0000e+00, -5.0000e-04],
         [ 1.1727e-07,  1.7846e-08,  1.0000e+00, -7.1384e-05,  4.6910e-04,
          -5.0000e-04,  2.0000e+00, -4.1242e-05],
         [-1.3365e-08, -1.0308e-07,  1.0000e+00,  4.1230e-04, -5.3459e-05,
          -4.1003e-04,  2.0000e+00, -5.0000e-04],
         [ 9.4674e-09, -1.4419e-08,  1.0000e+00,  5.7674e-05,  3.7870e-05,
          -5.0000e-04,  2.0000e+00, -5.0000e-04]],

        [[ 3.7127e-08, -1.2500e-07,  1.0000e+00,  5.0000e-04,  1.4851e-04,
          -5.0000e-04,  2.0000e+00, -3.5566e-04],
         [ 1.1247e-07, -9.7251e-08,  1.0000e+00,  3.8901e-04,  4.4989e-04,
           5.0000e-04,  2.0000e+00,  4.2411e-04],
         [-1.9820e-08, -1.2500e-07,  1.0000e+00,  5.0000e-04, -7.9281e-05,
           5.0000e-04,  2.0000e+00,  2.2930e-04],
         [-6.3037e-08,  6.7610e-09,  1.0000e+00, -2.7044e-05, -2.5215e-04,
          -1.4476e-04,  2.0000e+00,  4.5955e-04],
         [-1.2500e-07,  1.2500e-07,  1.0000e+00, -5.0000e-04, -5.0000e-04,
          -8.2973e-05,  2.0000e+00, -1.8158e-04],
         [-1.2500e-07, -5.7245e-08,  1.0000e+00,  2.2898e-04, -5.0000e-04,
           5.0000e-04,  2.0000e+00,  1.1098e-04]],

        [[ 1.2500e-07,  1.1705e-08,  1.0000e+00, -4.6822e-05,  5.0000e-04,
           3.0263e-04,  2.0000e+00,  3.6625e-04],
         [ 5.5910e-08, -1.0184e-07,  1.0000e+00,  4.0736e-04,  2.2364e-04,
          -2.5424e-05,  2.0000e+00, -2.1170e-04],
         [ 3.7899e-08,  1.2500e-07,  1.0000e+00, -5.0000e-04,  1.5160e-04,
           5.0000e-04,  2.0000e+00,  4.7395e-04],
         [-1.2500e-07, -1.2500e-07,  1.0000e+00,  5.0000e-04, -5.0000e-04,
           1.0396e-04,  2.0000e+00,  5.0000e-04],
         [-8.4160e-08,  2.2288e-08,  1.0000e+00, -8.9151e-05, -3.3664e-04,
           5.0000e-04,  2.0000e+00, -5.0000e-04],
         [-8.7896e-08, -1.0312e-07,  1.0000e+00,  4.1247e-04, -3.5159e-04,
          -5.7936e-05,  2.0000e+00, -3.5630e-04]]], device='cuda:0')
[15:45:12.105] [DEBUG] input_force_torque=torch.Size([16, 6]) cable.state=tensor([[[ 1.2500e-07, -2.4082e-08,  1.0000e+00,  9.6329e-05,  5.0000e-04,
          -8.9917e-05,  2.0000e+00,  4.5763e-04],
         [ 8.2929e-08,  1.2500e-07,  1.0000e+00, -5.0000e-04,  3.3172e-04,
          -3.0174e-04,  2.0000e+00, -3.9231e-04],
         [-1.2500e-07, -6.2418e-08,  1.0000e+00,  2.4967e-04, -5.0000e-04,
          -5.0000e-04,  2.0000e+00, -1.9707e-04],
         [ 1.2924e-08,  2.1192e-08,  1.0000e+00, -8.4767e-05,  5.1694e-05,
          -5.0000e-04,  2.0000e+00,  5.0000e-04],
         [ 8.0223e-08,  9.2941e-08,  1.0000e+00, -3.7177e-04,  3.2089e-04,
           4.6554e-04,  2.0000e+00, -8.7291e-06],
         [-6.6554e-08, -1.2500e-07,  1.0000e+00,  5.0000e-04, -2.6622e-04,
          -1.3904e-04,  2.0000e+00,  5.0000e-04]],

        [[-1.2500e-07,  4.0925e-08,  1.0000e+00, -1.6370e-04, -5.0000e-04,
           5.0000e-04,  2.0000e+00, -3.1313e-04],
         [-1.2500e-07, -2.9548e-08,  1.0000e+00,  1.1819e-04, -5.0000e-04,
          -5.0000e-04,  2.0000e+00, -5.0000e-04],
         [ 1.2500e-07, -1.0126e-07,  1.0000e+00,  4.0502e-04,  5.0000e-04,
           3.1322e-04,  2.0000e+00,  1.6722e-04],
         [ 6.5812e-08,  1.2500e-07,  1.0000e+00, -5.0000e-04,  2.6325e-04,
           5.0000e-04,  2.0000e+00, -3.0961e-04],
         [ 4.0009e-09, -1.1419e-07,  1.0000e+00,  4.5677e-04,  1.6004e-05,
           1.0945e-04,  2.0000e+00, -6.2443e-05],
         [-7.5612e-08, -5.9155e-08,  1.0000e+00,  2.3662e-04, -3.0245e-04,
          -5.0000e-04,  2.0000e+00,  4.8009e-05]],

        [[-6.7271e-08,  4.2007e-08,  1.0000e+00, -1.6803e-04, -2.6909e-04,
          -4.4270e-04,  2.0000e+00,  2.3001e-04],
         [-2.3404e-08, -2.7075e-08,  1.0000e+00,  1.0830e-04, -9.3618e-05,
           5.0000e-04,  2.0000e+00, -5.0000e-04],
         [-7.1959e-08,  4.7299e-08,  1.0000e+00, -1.8920e-04, -2.8784e-04,
           2.1314e-04,  2.0000e+00, -3.1397e-04],
         [-1.1381e-07, -1.2500e-07,  1.0000e+00,  5.0000e-04, -4.5522e-04,
           1.1154e-04,  2.0000e+00, -1.9083e-04],
         [-1.2500e-07, -1.2500e-07,  1.0000e+00,  5.0000e-04, -5.0000e-04,
           3.4429e-04,  2.0000e+00, -5.0000e-04],
         [ 6.2253e-08,  2.9988e-08,  1.0000e+00, -1.1995e-04,  2.4901e-04,
           3.8102e-05,  2.0000e+00,  1.2962e-04]],

        [[ 1.2500e-07, -4.5040e-08,  1.0000e+00,  1.8016e-04,  5.0000e-04,
           7.7811e-06,  2.0000e+00,  5.0000e-04],
         [ 1.1985e-07,  1.2500e-07,  1.0000e+00, -5.0000e-04,  4.7942e-04,
          -2.0569e-04,  2.0000e+00,  3.9673e-04],
         [-7.9553e-08,  7.5913e-08,  1.0000e+00, -3.0365e-04, -3.1821e-04,
          -3.7194e-04,  2.0000e+00, -2.9894e-04],
         [-6.4252e-08,  6.4602e-08,  1.0000e+00, -2.5841e-04, -2.5701e-04,
           7.3534e-05,  2.0000e+00,  2.4414e-04],
         [-1.2500e-07, -5.9736e-08,  1.0000e+00,  2.3894e-04, -5.0000e-04,
          -6.8811e-05,  2.0000e+00,  1.4625e-04],
         [-8.2780e-08,  1.2500e-07,  1.0000e+00, -5.0000e-04, -3.3112e-04,
           2.5442e-05,  2.0000e+00,  9.7250e-05]],

        [[ 2.7479e-08, -7.4331e-08,  1.0000e+00,  2.9733e-04,  1.0992e-04,
           5.0000e-04,  2.0000e+00, -3.0776e-04],
         [ 2.0603e-09,  1.2500e-07,  1.0000e+00, -5.0000e-04,  8.2413e-06,
           5.0000e-04,  2.0000e+00,  5.0000e-04],
         [-1.2500e-07,  6.7320e-10,  1.0000e+00, -2.6928e-06, -5.0000e-04,
          -3.8572e-04,  2.0000e+00,  1.4240e-04],
         [-1.6936e-08,  7.8051e-08,  1.0000e+00, -3.1220e-04, -6.7745e-05,
          -4.0247e-04,  2.0000e+00, -5.0000e-04],
         [-1.7512e-08, -8.3876e-08,  1.0000e+00,  3.3550e-04, -7.0046e-05,
          -4.1003e-05,  2.0000e+00,  2.3217e-04],
         [ 7.1453e-10,  2.1690e-08,  1.0000e+00, -8.6759e-05,  2.8581e-06,
           3.0068e-04,  2.0000e+00,  1.2360e-04]],

        [[-1.6162e-08, -9.3400e-08,  1.0000e+00,  3.7360e-04, -6.4649e-05,
          -5.4974e-05,  2.0000e+00, -2.1744e-04],
         [-1.2500e-07,  5.6531e-08,  1.0000e+00, -2.2612e-04, -5.0000e-04,
          -9.8898e-05,  2.0000e+00, -3.2276e-04],
         [ 1.2500e-07, -2.1083e-08,  1.0000e+00,  8.4331e-05,  5.0000e-04,
          -2.4584e-05,  2.0000e+00,  5.0000e-04],
         [-1.2500e-07, -1.2500e-07,  1.0000e+00,  5.0000e-04, -5.0000e-04,
          -3.4917e-04,  2.0000e+00,  5.0000e-04],
         [-8.3270e-08, -1.2500e-07,  1.0000e+00,  5.0000e-04, -3.3308e-04,
           5.0000e-04,  2.0000e+00, -1.3196e-04],
         [ 5.1263e-08, -7.2206e-08,  1.0000e+00,  2.8882e-04,  2.0505e-04,
           5.0000e-04,  2.0000e+00, -5.0000e-04]],

        [[ 1.2500e-07,  7.9243e-08,  1.0000e+00, -3.1697e-04,  5.0000e-04,
          -5.1264e-05,  2.0000e+00,  1.5104e-04],
         [-1.2500e-07,  8.4679e-08,  1.0000e+00, -3.3872e-04, -5.0000e-04,
           4.7869e-04,  2.0000e+00,  4.1073e-04],
         [ 1.2500e-07,  8.2169e-08,  1.0000e+00, -3.2868e-04,  5.0000e-04,
           5.0000e-04,  2.0000e+00, -2.5824e-04],
         [-1.2500e-07, -2.0295e-08,  1.0000e+00,  8.1178e-05, -5.0000e-04,
          -7.3858e-05,  2.0000e+00, -2.8050e-04],
         [-5.5214e-09,  1.0459e-07,  1.0000e+00, -4.1836e-04, -2.2085e-05,
          -3.0082e-05,  2.0000e+00,  3.8265e-04],
         [ 1.0108e-07, -1.1918e-07,  1.0000e+00,  4.7674e-04,  4.0431e-04,
          -3.1690e-04,  2.0000e+00,  5.0000e-04]],

        [[-4.4598e-09,  1.2500e-07,  1.0000e+00, -5.0000e-04, -1.7839e-05,
          -1.8674e-04,  2.0000e+00, -2.1019e-04],
         [-1.2500e-07, -2.5296e-08,  1.0000e+00,  1.0118e-04, -5.0000e-04,
           1.7813e-04,  2.0000e+00, -2.0787e-04],
         [-1.2500e-07,  1.2500e-07,  1.0000e+00, -5.0000e-04, -5.0000e-04,
          -5.0000e-04,  2.0000e+00, -5.0000e-04],
         [ 8.3020e-08,  9.1635e-08,  1.0000e+00, -3.6654e-04,  3.3208e-04,
          -3.1718e-04,  2.0000e+00,  1.7394e-04],
         [-4.5604e-08,  1.2500e-07,  1.0000e+00, -5.0000e-04, -1.8241e-04,
           3.6375e-04,  2.0000e+00,  2.9408e-04],
         [-1.7816e-08,  7.6761e-08,  1.0000e+00, -3.0704e-04, -7.1264e-05,
          -2.2805e-04,  2.0000e+00, -5.0000e-04]],

        [[-2.7213e-08, -4.8274e-08,  1.0000e+00,  1.9310e-04, -1.0885e-04,
           2.9594e-04,  2.0000e+00, -4.6844e-04],
         [-9.8938e-08, -6.1164e-09,  1.0000e+00,  2.4466e-05, -3.9575e-04,
           2.1995e-04,  2.0000e+00,  5.0000e-04],
         [ 1.2071e-07, -2.7565e-08,  1.0000e+00,  1.1026e-04,  4.8284e-04,
           3.8001e-04,  2.0000e+00,  4.1211e-04],
         [-1.2551e-09,  5.5533e-08,  1.0000e+00, -2.2213e-04, -5.0205e-06,
          -4.3528e-04,  2.0000e+00,  2.3544e-04],
         [ 4.4168e-08, -1.2500e-07,  1.0000e+00,  5.0000e-04,  1.7667e-04,
           2.3894e-05,  2.0000e+00,  4.3025e-04],
         [-1.2742e-08,  3.2037e-08,  1.0000e+00, -1.2815e-04, -5.0968e-05,
           5.0000e-04,  2.0000e+00, -2.1078e-04]],

        [[ 1.7150e-08, -6.8419e-08,  1.0000e+00,  2.7367e-04,  6.8598e-05,
          -5.0000e-04,  2.0000e+00,  1.5844e-05],
         [-3.0497e-08,  1.2500e-07,  1.0000e+00, -5.0000e-04, -1.2199e-04,
           3.4646e-05,  2.0000e+00,  5.0000e-04],
         [ 1.2500e-07, -1.1887e-07,  1.0000e+00,  4.7548e-04,  5.0000e-04,
          -5.0000e-04,  2.0000e+00, -2.8692e-04],
         [-1.2500e-07,  1.2038e-08,  1.0000e+00, -4.8151e-05, -5.0000e-04,
           7.0661e-05,  2.0000e+00,  1.5346e-04],
         [-1.1233e-07,  3.1518e-08,  1.0000e+00, -1.2607e-04, -4.4930e-04,
           2.0380e-04,  2.0000e+00,  5.0000e-04],
         [ 4.1508e-08, -1.2500e-07,  1.0000e+00,  5.0000e-04,  1.6603e-04,
           5.0897e-05,  2.0000e+00, -3.2949e-04]],

        [[-8.4523e-08,  1.2500e-07,  1.0000e+00, -5.0000e-04, -3.3809e-04,
           5.0000e-04,  2.0000e+00,  1.8269e-04],
         [ 7.0674e-09,  6.2937e-08,  1.0000e+00, -2.5175e-04,  2.8270e-05,
          -5.0000e-04,  2.0000e+00, -5.5917e-05],
         [-8.4582e-08,  1.7111e-08,  1.0000e+00, -6.8443e-05, -3.3833e-04,
          -1.8420e-04,  2.0000e+00,  1.5550e-06],
         [-1.2500e-07,  1.5428e-09,  1.0000e+00, -6.1712e-06, -5.0000e-04,
           3.8110e-04,  2.0000e+00, -5.0000e-04],
         [ 1.2500e-07,  1.2500e-07,  1.0000e+00, -5.0000e-04,  5.0000e-04,
           7.9655e-05,  2.0000e+00,  2.9806e-04],
         [ 6.2079e-08, -8.5014e-08,  1.0000e+00,  3.4006e-04,  2.4832e-04,
          -5.0000e-04,  2.0000e+00,  5.0000e-04]],

        [[-2.3327e-08,  1.2500e-07,  1.0000e+00, -5.0000e-04, -9.3307e-05,
          -1.5112e-05,  2.0000e+00,  1.4188e-04],
         [ 1.2500e-07, -8.8060e-08,  1.0000e+00,  3.5224e-04,  5.0000e-04,
           1.5747e-04,  2.0000e+00,  2.6680e-04],
         [-9.9421e-08,  3.4055e-08,  1.0000e+00, -1.3622e-04, -3.9769e-04,
           2.0363e-04,  2.0000e+00, -1.5076e-04],
         [-2.5425e-08,  1.2500e-07,  1.0000e+00, -5.0000e-04, -1.0170e-04,
          -2.6244e-05,  2.0000e+00, -5.7897e-05],
         [ 1.2500e-07, -6.5200e-08,  1.0000e+00,  2.6080e-04,  5.0000e-04,
          -1.3318e-05,  2.0000e+00, -4.2616e-04],
         [ 8.4209e-08, -1.2500e-07,  1.0000e+00,  5.0000e-04,  3.3683e-04,
           4.1194e-04,  2.0000e+00,  1.4266e-04]],

        [[ 8.9530e-08, -1.9601e-09,  1.0000e+00,  7.8404e-06,  3.5812e-04,
           5.0000e-04,  2.0000e+00, -2.4786e-05],
         [-7.8974e-08,  1.2500e-07,  1.0000e+00, -5.0000e-04, -3.1590e-04,
           4.6505e-04,  2.0000e+00,  3.9136e-04],
         [-5.7774e-08, -8.1355e-08,  1.0000e+00,  3.2542e-04, -2.3110e-04,
          -5.0000e-04,  2.0000e+00, -1.8857e-04],
         [-1.2500e-07, -4.4663e-10,  1.0000e+00,  1.7865e-06, -5.0000e-04,
           5.0000e-04,  2.0000e+00, -5.0000e-04],
         [ 6.9691e-08, -2.9015e-08,  1.0000e+00,  1.1606e-04,  2.7876e-04,
          -5.0000e-04,  2.0000e+00, -5.0000e-04],
         [ 1.2500e-07, -1.2500e-07,  1.0000e+00,  5.0000e-04,  5.0000e-04,
          -2.3055e-04,  2.0000e+00, -1.8603e-04]],

        [[-1.2500e-07,  1.2500e-07,  1.0000e+00, -5.0000e-04, -5.0000e-04,
          -1.6556e-04,  2.0000e+00,  8.4111e-05],
         [-1.2500e-07, -1.2500e-07,  1.0000e+00,  5.0000e-04, -5.0000e-04,
           2.0167e-04,  2.0000e+00,  5.0000e-04],
         [ 1.2500e-07,  1.2500e-07,  1.0000e+00, -5.0000e-04,  5.0000e-04,
          -5.0000e-04,  2.0000e+00, -5.0000e-04],
         [ 1.1727e-07,  1.7846e-08,  1.0000e+00, -7.1384e-05,  4.6910e-04,
          -5.0000e-04,  2.0000e+00, -4.1242e-05],
         [-1.3365e-08, -1.0308e-07,  1.0000e+00,  4.1230e-04, -5.3459e-05,
          -4.1003e-04,  2.0000e+00, -5.0000e-04],
         [ 9.4674e-09, -1.4419e-08,  1.0000e+00,  5.7674e-05,  3.7870e-05,
          -5.0000e-04,  2.0000e+00, -5.0000e-04]],

        [[ 3.7127e-08, -1.2500e-07,  1.0000e+00,  5.0000e-04,  1.4851e-04,
          -5.0000e-04,  2.0000e+00, -3.5566e-04],
         [ 1.1247e-07, -9.7251e-08,  1.0000e+00,  3.8901e-04,  4.4989e-04,
           5.0000e-04,  2.0000e+00,  4.2411e-04],
         [-1.9820e-08, -1.2500e-07,  1.0000e+00,  5.0000e-04, -7.9281e-05,
           5.0000e-04,  2.0000e+00,  2.2930e-04],
         [-6.3037e-08,  6.7610e-09,  1.0000e+00, -2.7044e-05, -2.5215e-04,
          -1.4476e-04,  2.0000e+00,  4.5955e-04],
         [-1.2500e-07,  1.2500e-07,  1.0000e+00, -5.0000e-04, -5.0000e-04,
          -8.2973e-05,  2.0000e+00, -1.8158e-04],
         [-1.2500e-07, -5.7245e-08,  1.0000e+00,  2.2898e-04, -5.0000e-04,
           5.0000e-04,  2.0000e+00,  1.1098e-04]],

        [[ 1.2500e-07,  1.1705e-08,  1.0000e+00, -4.6822e-05,  5.0000e-04,
           3.0263e-04,  2.0000e+00,  3.6625e-04],
         [ 5.5910e-08, -1.0184e-07,  1.0000e+00,  4.0736e-04,  2.2364e-04,
          -2.5424e-05,  2.0000e+00, -2.1170e-04],
         [ 3.7899e-08,  1.2500e-07,  1.0000e+00, -5.0000e-04,  1.5160e-04,
           5.0000e-04,  2.0000e+00,  4.7395e-04],
         [-1.2500e-07, -1.2500e-07,  1.0000e+00,  5.0000e-04, -5.0000e-04,
           1.0396e-04,  2.0000e+00,  5.0000e-04],
         [-8.4160e-08,  2.2288e-08,  1.0000e+00, -8.9151e-05, -3.3664e-04,
           5.0000e-04,  2.0000e+00, -5.0000e-04],
         [-8.7896e-08, -1.0312e-07,  1.0000e+00,  4.1247e-04, -3.5159e-04,
          -5.7936e-05,  2.0000e+00, -3.5630e-04]]], device='cuda:0')
[15:45:12.108] [DEBUG] payload.state.shape=torch.Size([16, 13]) payload.state=tensor([[ 9.1281e-15,  2.3046e-15,  5.0000e-01,  3.6515e-11,  9.2219e-12,
         -2.9050e-03,  1.0000e+00, -9.3132e-16,  6.2088e-16, -6.3871e-17,
         -7.4506e-12,  4.9671e-12, -5.1097e-13],
        [-1.0901e-14, -1.1518e-14,  5.0000e-01, -4.3603e-11, -4.6071e-11,
         -2.9050e-03,  1.0000e+00, -3.1044e-16, -3.1044e-16, -4.3084e-16,
         -2.4835e-12, -2.4835e-12, -3.4467e-12],
        [-2.8266e-14, -1.3148e-14,  5.0000e-01, -1.1306e-10, -5.2590e-11,
         -2.9050e-03,  1.0000e+00, -3.1044e-16, -6.0201e-35,  1.2269e-15,
         -2.4835e-12, -7.2225e-31,  9.8150e-12],
        [-8.8955e-15,  2.3812e-14,  5.0000e-01, -3.5584e-11,  9.5250e-11,
         -2.9050e-03,  1.0000e+00, -3.1044e-16, -6.2088e-16, -1.0811e-15,
         -2.4835e-12, -4.9671e-12, -8.6490e-12],
        [-1.0767e-14,  5.5994e-15,  5.0000e-01, -4.3068e-11,  2.2395e-11,
         -2.9050e-03,  1.0000e+00,  6.2088e-16, -3.1044e-16,  2.8378e-16,
          4.9671e-12, -2.4835e-12,  2.2703e-12],
        [-1.4429e-14, -3.1681e-14,  5.0000e-01, -5.7712e-11, -1.2673e-10,
         -2.9050e-03,  1.0000e+00,  6.2088e-16,  9.3132e-16,  3.5982e-16,
          4.9671e-12,  7.4506e-12,  2.8786e-12],
        [ 7.9625e-15,  1.7602e-14,  5.0000e-01,  3.1849e-11,  7.0411e-11,
         -2.9050e-03,  1.0000e+00, -9.3132e-16, -3.1044e-16,  3.7323e-16,
         -7.4506e-12, -2.4835e-12,  2.9858e-12],
        [-1.9572e-14,  4.3175e-14,  5.0000e-01, -7.8287e-11,  1.7270e-10,
         -2.9050e-03,  1.0000e+00,  6.3784e-25,  3.2230e-44,  4.9834e-16,
          5.1027e-21,  3.8910e-40,  3.9867e-12],
        [ 2.0607e-15, -9.9500e-15,  5.0000e-01,  8.2427e-12, -3.9802e-11,
         -2.9050e-03,  1.0000e+00,  6.2088e-16, -3.4636e-36, -3.2302e-17,
          4.9671e-12, -4.1565e-32, -2.5841e-13],
        [-7.0137e-15, -1.1978e-14,  5.0000e-01, -2.8055e-11, -4.7910e-11,
         -2.9050e-03,  1.0000e+00,  6.3784e-25, -8.4078e-45, -9.3725e-16,
          5.1027e-21, -9.7654e-41, -7.4980e-12],
        [-8.3304e-15,  2.0549e-14,  5.0000e-01, -3.3323e-11,  8.2199e-11,
         -2.9050e-03,  1.0000e+00, -6.2088e-16, -3.1044e-16,  1.4089e-15,
         -4.9671e-12, -2.4835e-12,  1.1271e-11],
        [ 1.5503e-14,  4.8230e-16,  5.0000e-01,  6.2012e-11,  1.9280e-12,
         -2.9050e-03,  1.0000e+00,  3.1044e-16,  8.7519e-36,  3.5454e-16,
          2.4835e-12,  1.0496e-31,  2.8363e-12],
        [ 1.8722e-15, -9.3987e-15,  5.0000e-01,  7.4876e-12, -3.7596e-11,
         -2.9050e-03,  1.0000e+00,  3.1044e-16, -3.1044e-16,  1.7745e-15,
          2.4835e-12, -2.4835e-12,  1.4196e-11],
        [-9.6861e-16,  2.1108e-15,  5.0000e-01, -3.8744e-12,  8.4396e-12,
         -2.9050e-03,  1.0000e+00,  9.3132e-16,  2.2439e-35,  1.2035e-16,
          7.4506e-12,  2.6926e-31,  9.6281e-13],
        [-1.5271e-14, -2.2728e-14,  5.0000e-01, -6.1086e-11, -9.0912e-11,
         -2.9050e-03,  1.0000e+00,  6.3784e-25, -1.7516e-43, -2.6341e-15,
          5.1027e-21, -2.1043e-39, -2.1073e-11],
        [-6.5194e-15, -1.4248e-14,  5.0000e-01, -2.6075e-11, -5.6995e-11,
         -2.9050e-03,  1.0000e+00,  6.2088e-16,  6.2088e-16, -1.4045e-15,
          4.9671e-12,  4.9671e-12, -1.1236e-11]], device='cuda:0')
[15:45:12.113] [DEBUG] drone_pos.shape=torch.Size([16, 6, 3]) drone_pos=tensor([[[ 2.5000e-01, -2.4082e-08,  1.5000e+00],
         [ 1.2500e-01,  2.1651e-01,  1.5000e+00],
         [-1.2500e-01,  2.1651e-01,  1.5000e+00],
         [-2.5000e-01,  2.1192e-08,  1.5000e+00],
         [-1.2500e-01, -2.1651e-01,  1.5000e+00],
         [ 1.2500e-01, -2.1651e-01,  1.5000e+00]],

        [[ 2.5000e-01,  4.0925e-08,  1.5000e+00],
         [ 1.2500e-01,  2.1651e-01,  1.5000e+00],
         [-1.2500e-01,  2.1651e-01,  1.5000e+00],
         [-2.5000e-01,  1.2500e-07,  1.5000e+00],
         [-1.2500e-01, -2.1651e-01,  1.5000e+00],
         [ 1.2500e-01, -2.1651e-01,  1.5000e+00]],

        [[ 2.5000e-01,  4.2006e-08,  1.5000e+00],
         [ 1.2500e-01,  2.1651e-01,  1.5000e+00],
         [-1.2500e-01,  2.1651e-01,  1.5000e+00],
         [-2.5000e-01, -1.2500e-07,  1.5000e+00],
         [-1.2500e-01, -2.1651e-01,  1.5000e+00],
         [ 1.2500e-01, -2.1651e-01,  1.5000e+00]],

        [[ 2.5000e-01, -4.5040e-08,  1.5000e+00],
         [ 1.2500e-01,  2.1651e-01,  1.5000e+00],
         [-1.2500e-01,  2.1651e-01,  1.5000e+00],
         [-2.5000e-01,  6.4602e-08,  1.5000e+00],
         [-1.2500e-01, -2.1651e-01,  1.5000e+00],
         [ 1.2500e-01, -2.1651e-01,  1.5000e+00]],

        [[ 2.5000e-01, -7.4331e-08,  1.5000e+00],
         [ 1.2500e-01,  2.1651e-01,  1.5000e+00],
         [-1.2500e-01,  2.1651e-01,  1.5000e+00],
         [-2.5000e-01,  7.8051e-08,  1.5000e+00],
         [-1.2500e-01, -2.1651e-01,  1.5000e+00],
         [ 1.2500e-01, -2.1651e-01,  1.5000e+00]],

        [[ 2.5000e-01, -9.3400e-08,  1.5000e+00],
         [ 1.2500e-01,  2.1651e-01,  1.5000e+00],
         [-1.2500e-01,  2.1651e-01,  1.5000e+00],
         [-2.5000e-01, -1.2500e-07,  1.5000e+00],
         [-1.2500e-01, -2.1651e-01,  1.5000e+00],
         [ 1.2500e-01, -2.1651e-01,  1.5000e+00]],

        [[ 2.5000e-01,  7.9243e-08,  1.5000e+00],
         [ 1.2500e-01,  2.1651e-01,  1.5000e+00],
         [-1.2500e-01,  2.1651e-01,  1.5000e+00],
         [-2.5000e-01, -2.0295e-08,  1.5000e+00],
         [-1.2500e-01, -2.1651e-01,  1.5000e+00],
         [ 1.2500e-01, -2.1651e-01,  1.5000e+00]],

        [[ 2.5000e-01,  1.2500e-07,  1.5000e+00],
         [ 1.2500e-01,  2.1651e-01,  1.5000e+00],
         [-1.2500e-01,  2.1651e-01,  1.5000e+00],
         [-2.5000e-01,  9.1635e-08,  1.5000e+00],
         [-1.2500e-01, -2.1651e-01,  1.5000e+00],
         [ 1.2500e-01, -2.1651e-01,  1.5000e+00]],

        [[ 2.5000e-01, -4.8274e-08,  1.5000e+00],
         [ 1.2500e-01,  2.1651e-01,  1.5000e+00],
         [-1.2500e-01,  2.1651e-01,  1.5000e+00],
         [-2.5000e-01,  5.5533e-08,  1.5000e+00],
         [-1.2500e-01, -2.1651e-01,  1.5000e+00],
         [ 1.2500e-01, -2.1651e-01,  1.5000e+00]],

        [[ 2.5000e-01, -6.8419e-08,  1.5000e+00],
         [ 1.2500e-01,  2.1651e-01,  1.5000e+00],
         [-1.2500e-01,  2.1651e-01,  1.5000e+00],
         [-2.5000e-01,  1.2038e-08,  1.5000e+00],
         [-1.2500e-01, -2.1651e-01,  1.5000e+00],
         [ 1.2500e-01, -2.1651e-01,  1.5000e+00]],

        [[ 2.5000e-01,  1.2500e-07,  1.5000e+00],
         [ 1.2500e-01,  2.1651e-01,  1.5000e+00],
         [-1.2500e-01,  2.1651e-01,  1.5000e+00],
         [-2.5000e-01,  1.5428e-09,  1.5000e+00],
         [-1.2500e-01, -2.1651e-01,  1.5000e+00],
         [ 1.2500e-01, -2.1651e-01,  1.5000e+00]],

        [[ 2.5000e-01,  1.2500e-07,  1.5000e+00],
         [ 1.2500e-01,  2.1651e-01,  1.5000e+00],
         [-1.2500e-01,  2.1651e-01,  1.5000e+00],
         [-2.5000e-01,  1.2500e-07,  1.5000e+00],
         [-1.2500e-01, -2.1651e-01,  1.5000e+00],
         [ 1.2500e-01, -2.1651e-01,  1.5000e+00]],

        [[ 2.5000e-01, -1.9601e-09,  1.5000e+00],
         [ 1.2500e-01,  2.1651e-01,  1.5000e+00],
         [-1.2500e-01,  2.1651e-01,  1.5000e+00],
         [-2.5000e-01, -4.4664e-10,  1.5000e+00],
         [-1.2500e-01, -2.1651e-01,  1.5000e+00],
         [ 1.2500e-01, -2.1651e-01,  1.5000e+00]],

        [[ 2.5000e-01,  1.2500e-07,  1.5000e+00],
         [ 1.2500e-01,  2.1651e-01,  1.5000e+00],
         [-1.2500e-01,  2.1651e-01,  1.5000e+00],
         [-2.5000e-01,  1.7846e-08,  1.5000e+00],
         [-1.2500e-01, -2.1651e-01,  1.5000e+00],
         [ 1.2500e-01, -2.1651e-01,  1.5000e+00]],

        [[ 2.5000e-01, -1.2500e-07,  1.5000e+00],
         [ 1.2500e-01,  2.1651e-01,  1.5000e+00],
         [-1.2500e-01,  2.1651e-01,  1.5000e+00],
         [-2.5000e-01,  6.7610e-09,  1.5000e+00],
         [-1.2500e-01, -2.1651e-01,  1.5000e+00],
         [ 1.2500e-01, -2.1651e-01,  1.5000e+00]],

        [[ 2.5000e-01,  1.1705e-08,  1.5000e+00],
         [ 1.2500e-01,  2.1651e-01,  1.5000e+00],
         [-1.2500e-01,  2.1651e-01,  1.5000e+00],
         [-2.5000e-01, -1.2500e-07,  1.5000e+00],
         [-1.2500e-01, -2.1651e-01,  1.5000e+00],
         [ 1.2500e-01, -2.1651e-01,  1.5000e+00]]], device='cuda:0')
[15:45:12.115] [DEBUG] reward=tensor([-0.0003, -0.0003, -0.0003, -0.0003, -0.0003, -0.0003, -0.0003, -0.0003,
        -0.0003, -0.0003, -0.0003, -0.0003, -0.0003, -0.0003, -0.0003, -0.0003],
       device='cuda:0') done=tensor([True, True, True, True, True, True, True, True, True, True, True, True,
        True, True, True, True], device='cuda:0')
[15:45:12.115] [DEBUG] obs.shape=torch.Size([16, 39])
[15:46:43.700] [WARNING] NaN/Inf detected in payload.state!
[15:46:43.700] [WARNING] NaN/Inf detected in drone_pos!
[15:46:43.705] [WARNING] NaN/Inf detected in payload.state!
[15:46:43.705] [WARNING] NaN/Inf detected in drone_pos!
[15:46:43.710] [WARNING] NaN/Inf detected in input_force_torque!
[15:46:43.710] [WARNING] NaN/Inf detected in payload.state!
[15:46:43.711] [WARNING] NaN/Inf detected in drone_pos!
[15:46:43.716] [WARNING] NaN/Inf detected in input_force_torque!
[15:46:43.716] [WARNING] NaN/Inf detected in payload.state!
[15:46:43.716] [WARNING] NaN/Inf detected in drone_pos!
[15:46:43.721] [WARNING] NaN/Inf detected in input_force_torque!
[15:46:43.721] [WARNING] NaN/Inf detected in payload.state!
[15:46:43.721] [WARNING] NaN/Inf detected in drone_pos!
[15:46:43.726] [WARNING] NaN/Inf detected in input_force_torque!
[15:46:43.726] [WARNING] NaN/Inf detected in payload.state!
[15:46:43.727] [WARNING] NaN/Inf detected in drone_pos!
[15:46:43.732] [WARNING] NaN/Inf detected in input_force_torque!
[15:46:43.732] [WARNING] NaN/Inf detected in payload.state!
[15:46:43.732] [WARNING] NaN/Inf detected in drone_pos!
[15:46:43.737] [WARNING] NaN/Inf detected in input_force_torque!
[15:46:43.737] [WARNING] NaN/Inf detected in payload.state!
[15:46:43.737] [WARNING] NaN/Inf detected in drone_pos!
[15:46:43.742] [WARNING] NaN/Inf detected in input_force_torque!
[15:46:43.742] [WARNING] NaN/Inf detected in payload.state!
[15:46:43.742] [WARNING] NaN/Inf detected in drone_pos!
[15:46:43.747] [WARNING] NaN/Inf detected in input_force_torque!
[15:46:43.747] [WARNING] NaN/Inf detected in payload.state!
[15:46:43.748] [WARNING] NaN/Inf detected in drone_pos!
[15:46:43.753] [WARNING] NaN/Inf detected in input_force_torque!
[15:46:43.753] [WARNING] NaN/Inf detected in payload.state!
[15:46:43.753] [WARNING] NaN/Inf detected in drone_pos!
[15:46:43.758] [WARNING] NaN/Inf detected in input_force_torque!
[15:46:43.758] [WARNING] NaN/Inf detected in payload.state!
[15:46:43.758] [WARNING] NaN/Inf detected in drone_pos!
[15:46:43.763] [WARNING] NaN/Inf detected in input_force_torque!
[15:46:43.763] [WARNING] NaN/Inf detected in payload.state!
[15:46:43.763] [WARNING] NaN/Inf detected in drone_pos!
[15:46:43.768] [WARNING] NaN/Inf detected in input_force_torque!
[15:46:43.768] [WARNING] NaN/Inf detected in payload.state!
[15:46:43.769] [WARNING] NaN/Inf detected in drone_pos!
[15:46:43.774] [WARNING] NaN/Inf detected in input_force_torque!
[15:46:43.774] [WARNING] NaN/Inf detected in payload.state!
[15:46:43.774] [WARNING] NaN/Inf detected in drone_pos!
[15:46:43.779] [WARNING] NaN/Inf detected in input_force_torque!
[15:46:43.779] [WARNING] NaN/Inf detected in payload.state!
[15:46:43.779] [WARNING] NaN/Inf detected in drone_pos!
[15:46:43.784] [WARNING] NaN/Inf detected in input_force_torque!
[15:46:43.784] [WARNING] NaN/Inf detected in payload.state!
[15:46:43.784] [WARNING] NaN/Inf detected in drone_pos!
[15:46:43.789] [WARNING] NaN/Inf detected in input_force_torque!
[15:46:43.789] [WARNING] NaN/Inf detected in payload.state!
[15:46:43.790] [WARNING] NaN/Inf detected in drone_pos!
[15:46:43.795] [WARNING] NaN/Inf detected in input_force_torque!
[15:46:43.795] [WARNING] NaN/Inf detected in payload.state!
[15:46:43.795] [WARNING] NaN/Inf detected in drone_pos!
[15:46:43.800] [WARNING] NaN/Inf detected in input_force_torque!
[15:46:43.800] [WARNING] NaN/Inf detected in payload.state!
[15:46:43.800] [WARNING] NaN/Inf detected in drone_pos!
[15:46:43.805] [WARNING] NaN/Inf detected in input_force_torque!
[15:46:43.805] [WARNING] NaN/Inf detected in payload.state!
[15:46:43.805] [WARNING] NaN/Inf detected in drone_pos!
[15:46:43.810] [WARNING] NaN/Inf detected in input_force_torque!
[15:46:43.811] [WARNING] NaN/Inf detected in payload.state!
[15:46:43.811] [WARNING] NaN/Inf detected in drone_pos!
[15:46:43.816] [WARNING] NaN/Inf detected in input_force_torque!
[15:46:43.816] [WARNING] NaN/Inf detected in payload.state!
[15:46:43.816] [WARNING] NaN/Inf detected in drone_pos!
[15:46:43.821] [WARNING] NaN/Inf detected in input_force_torque!
[15:46:43.821] [WARNING] NaN/Inf detected in payload.state!
[15:46:43.822] [WARNING] NaN/Inf detected in drone_pos!
[15:46:43.826] [WARNING] NaN/Inf detected in input_force_torque!
[15:46:43.827] [WARNING] NaN/Inf detected in payload.state!
[15:46:43.827] [WARNING] NaN/Inf detected in drone_pos!
[15:46:43.832] [WARNING] NaN/Inf detected in input_force_torque!
[15:46:43.832] [WARNING] NaN/Inf detected in payload.state!
[15:46:43.832] [WARNING] NaN/Inf detected in drone_pos!
[15:46:43.837] [WARNING] NaN/Inf detected in input_force_torque!
[15:46:43.837] [WARNING] NaN/Inf detected in payload.state!
[15:46:43.837] [WARNING] NaN/Inf detected in drone_pos!
[15:46:43.842] [WARNING] NaN/Inf detected in input_force_torque!
[15:46:43.842] [WARNING] NaN/Inf detected in payload.state!
[15:46:43.843] [WARNING] NaN/Inf detected in drone_pos!
